2020/05/17 00:04:23 .../xorm/session_raw.go:78:queryRows() [I] [SQL] SELECT `id`, `repo_id`, `interval`, `enable_prune`, `updated_unix`, `next_update_unix` FROM `mirror` WHERE (next_update_unix<=?) AND (next_update_unix!=0) []interface {}{1589641463} - took: 3.406495ms
2020/05/17 00:14:23 .../xorm/session_raw.go:78:queryRows() [I] [SQL] SELECT `id`, `repo_id`, `interval`, `enable_prune`, `updated_unix`, `next_update_unix` FROM `mirror` WHERE (next_update_unix<=?) AND (next_update_unix!=0) []interface {}{1589642063} - took: 3.181462ms
2020/05/17 00:24:23 .../xorm/session_raw.go:78:queryRows() [I] [SQL] SELECT `id`, `repo_id`, `interval`, `enable_prune`, `updated_unix`, `next_update_unix` FROM `mirror` WHERE (next_update_unix<=?) AND (next_update_unix!=0) []interface {}{1589642663} - took: 3.098982ms
2020/05/17 00:34:23 .../xorm/session_raw.go:78:queryRows() [I] [SQL] SELECT `id`, `repo_id`, `interval`, `enable_prune`, `updated_unix`, `next_update_unix` FROM `mirror` WHERE (next_update_unix<=?) AND (next_update_unix!=0) []interface {}{1589643263} - took: 6.379646ms
2020/05/17 00:44:23 .../xorm/session_raw.go:78:queryRows() [I] [SQL] SELECT `id`, `repo_id`, `interval`, `enable_prune`, `updated_unix`, `next_update_unix` FROM `mirror` WHERE (next_update_unix<=?) AND (next_update_unix!=0) []interface {}{1589643863} - took: 3.128482ms
2020/05/17 00:54:23 .../xorm/session_raw.go:78:queryRows() [I] [SQL] SELECT `id`, `repo_id`, `interval`, `enable_prune`, `updated_unix`, `next_update_unix` FROM `mirror` WHERE (next_update_unix<=?) AND (next_update_unix!=0) []interface {}{1589644463} - took: 3.201879ms
2020/05/17 01:04:23 .../xorm/session_raw.go:78:queryRows() [I] [SQL] SELECT `id`, `repo_id`, `interval`, `enable_prune`, `updated_unix`, `next_update_unix` FROM `mirror` WHERE (next_update_unix<=?) AND (next_update_unix!=0) []interface {}{1589645063} - took: 6.531191ms
2020/05/17 01:14:23 .../xorm/session_raw.go:78:queryRows() [I] [SQL] SELECT `id`, `repo_id`, `interval`, `enable_prune`, `updated_unix`, `next_update_unix` FROM `mirror` WHERE (next_update_unix<=?) AND (next_update_unix!=0) []interface {}{1589645663} - took: 3.469672ms
2020/05/17 01:24:23 .../xorm/session_raw.go:78:queryRows() [I] [SQL] SELECT `id`, `repo_id`, `interval`, `enable_prune`, `updated_unix`, `next_update_unix` FROM `mirror` WHERE (next_update_unix<=?) AND (next_update_unix!=0) []interface {}{1589646263} - took: 3.399785ms
2020/05/17 01:34:23 .../xorm/session_raw.go:78:queryRows() [I] [SQL] SELECT `id`, `repo_id`, `interval`, `enable_prune`, `updated_unix`, `next_update_unix` FROM `mirror` WHERE (next_update_unix<=?) AND (next_update_unix!=0) []interface {}{1589646863} - took: 6.862752ms
2020/05/17 01:44:23 .../xorm/session_raw.go:78:queryRows() [I] [SQL] SELECT `id`, `repo_id`, `interval`, `enable_prune`, `updated_unix`, `next_update_unix` FROM `mirror` WHERE (next_update_unix<=?) AND (next_update_unix!=0) []interface {}{1589647463} - took: 6.985199ms
2020/05/17 01:54:23 .../xorm/session_raw.go:78:queryRows() [I] [SQL] SELECT `id`, `repo_id`, `interval`, `enable_prune`, `updated_unix`, `next_update_unix` FROM `mirror` WHERE (next_update_unix<=?) AND (next_update_unix!=0) []interface {}{1589648063} - took: 3.149014ms
2020/05/17 02:04:23 .../xorm/session_raw.go:78:queryRows() [I] [SQL] SELECT `id`, `repo_id`, `interval`, `enable_prune`, `updated_unix`, `next_update_unix` FROM `mirror` WHERE (next_update_unix<=?) AND (next_update_unix!=0) []interface {}{1589648663} - took: 3.310691ms
2020/05/17 02:14:23 .../xorm/session_raw.go:78:queryRows() [I] [SQL] SELECT `id`, `repo_id`, `interval`, `enable_prune`, `updated_unix`, `next_update_unix` FROM `mirror` WHERE (next_update_unix<=?) AND (next_update_unix!=0) []interface {}{1589649263} - took: 3.624333ms
2020/05/17 02:24:23 .../xorm/session_raw.go:78:queryRows() [I] [SQL] SELECT `id`, `repo_id`, `interval`, `enable_prune`, `updated_unix`, `next_update_unix` FROM `mirror` WHERE (next_update_unix<=?) AND (next_update_unix!=0) []interface {}{1589649863} - took: 3.090989ms
2020/05/17 02:34:23 .../xorm/session_raw.go:78:queryRows() [I] [SQL] SELECT `id`, `repo_id`, `interval`, `enable_prune`, `updated_unix`, `next_update_unix` FROM `mirror` WHERE (next_update_unix<=?) AND (next_update_unix!=0) []interface {}{1589650463} - took: 3.600572ms
2020/05/17 02:44:23 .../xorm/session_raw.go:78:queryRows() [I] [SQL] SELECT `id`, `repo_id`, `interval`, `enable_prune`, `updated_unix`, `next_update_unix` FROM `mirror` WHERE (next_update_unix<=?) AND (next_update_unix!=0) []interface {}{1589651063} - took: 3.163839ms
2020/05/17 02:54:23 .../xorm/session_raw.go:78:queryRows() [I] [SQL] SELECT `id`, `repo_id`, `interval`, `enable_prune`, `updated_unix`, `next_update_unix` FROM `mirror` WHERE (next_update_unix<=?) AND (next_update_unix!=0) []interface {}{1589651663} - took: 3.326966ms
2020/05/17 03:04:23 .../xorm/session_raw.go:78:queryRows() [I] [SQL] SELECT `id`, `repo_id`, `interval`, `enable_prune`, `updated_unix`, `next_update_unix` FROM `mirror` WHERE (next_update_unix<=?) AND (next_update_unix!=0) []interface {}{1589652263} - took: 3.239703ms
2020/05/17 03:14:23 .../xorm/session_raw.go:78:queryRows() [I] [SQL] SELECT `id`, `repo_id`, `interval`, `enable_prune`, `updated_unix`, `next_update_unix` FROM `mirror` WHERE (next_update_unix<=?) AND (next_update_unix!=0) []interface {}{1589652863} - took: 3.232984ms
2020/05/17 03:24:23 .../xorm/session_raw.go:78:queryRows() [I] [SQL] SELECT `id`, `repo_id`, `interval`, `enable_prune`, `updated_unix`, `next_update_unix` FROM `mirror` WHERE (next_update_unix<=?) AND (next_update_unix!=0) []interface {}{1589653463} - took: 3.759625ms
2020/05/17 03:34:23 .../xorm/session_raw.go:78:queryRows() [I] [SQL] SELECT `id`, `repo_id`, `interval`, `enable_prune`, `updated_unix`, `next_update_unix` FROM `mirror` WHERE (next_update_unix<=?) AND (next_update_unix!=0) []interface {}{1589654063} - took: 3.527091ms
2020/05/17 03:44:23 .../xorm/session_raw.go:78:queryRows() [I] [SQL] SELECT `id`, `repo_id`, `interval`, `enable_prune`, `updated_unix`, `next_update_unix` FROM `mirror` WHERE (next_update_unix<=?) AND (next_update_unix!=0) []interface {}{1589654663} - took: 3.369197ms
2020/05/17 03:54:23 .../xorm/session_raw.go:78:queryRows() [I] [SQL] SELECT `id`, `repo_id`, `interval`, `enable_prune`, `updated_unix`, `next_update_unix` FROM `mirror` WHERE (next_update_unix<=?) AND (next_update_unix!=0) []interface {}{1589655263} - took: 6.569424ms
2020/05/17 04:04:23 .../xorm/session_raw.go:78:queryRows() [I] [SQL] SELECT `id`, `repo_id`, `interval`, `enable_prune`, `updated_unix`, `next_update_unix` FROM `mirror` WHERE (next_update_unix<=?) AND (next_update_unix!=0) []interface {}{1589655863} - took: 3.145669ms
2020/05/17 04:14:23 .../xorm/session_raw.go:78:queryRows() [I] [SQL] SELECT `id`, `repo_id`, `interval`, `enable_prune`, `updated_unix`, `next_update_unix` FROM `mirror` WHERE (next_update_unix<=?) AND (next_update_unix!=0) []interface {}{1589656463} - took: 3.131331ms
2020/05/17 04:24:23 .../xorm/session_raw.go:78:queryRows() [I] [SQL] SELECT `id`, `repo_id`, `interval`, `enable_prune`, `updated_unix`, `next_update_unix` FROM `mirror` WHERE (next_update_unix<=?) AND (next_update_unix!=0) []interface {}{1589657063} - took: 3.361959ms
2020/05/17 04:34:23 .../xorm/session_raw.go:78:queryRows() [I] [SQL] SELECT `id`, `repo_id`, `interval`, `enable_prune`, `updated_unix`, `next_update_unix` FROM `mirror` WHERE (next_update_unix<=?) AND (next_update_unix!=0) []interface {}{1589657663} - took: 3.497329ms
2020/05/17 04:44:23 .../xorm/session_raw.go:78:queryRows() [I] [SQL] SELECT `id`, `repo_id`, `interval`, `enable_prune`, `updated_unix`, `next_update_unix` FROM `mirror` WHERE (next_update_unix<=?) AND (next_update_unix!=0) []interface {}{1589658263} - took: 3.16815ms
2020/05/17 04:54:23 .../xorm/session_raw.go:78:queryRows() [I] [SQL] SELECT `id`, `repo_id`, `interval`, `enable_prune`, `updated_unix`, `next_update_unix` FROM `mirror` WHERE (next_update_unix<=?) AND (next_update_unix!=0) []interface {}{1589658863} - took: 3.508494ms
2020/05/17 05:04:23 .../xorm/session_raw.go:78:queryRows() [I] [SQL] SELECT `id`, `repo_id`, `interval`, `enable_prune`, `updated_unix`, `next_update_unix` FROM `mirror` WHERE (next_update_unix<=?) AND (next_update_unix!=0) []interface {}{1589659463} - took: 3.4182ms
2020/05/17 05:14:23 .../xorm/session_raw.go:78:queryRows() [I] [SQL] SELECT `id`, `repo_id`, `interval`, `enable_prune`, `updated_unix`, `next_update_unix` FROM `mirror` WHERE (next_update_unix<=?) AND (next_update_unix!=0) []interface {}{1589660063} - took: 3.710787ms
2020/05/17 05:24:23 .../xorm/session_raw.go:78:queryRows() [I] [SQL] SELECT `id`, `repo_id`, `interval`, `enable_prune`, `updated_unix`, `next_update_unix` FROM `mirror` WHERE (next_update_unix<=?) AND (next_update_unix!=0) []interface {}{1589660663} - took: 3.325014ms
2020/05/17 05:34:23 .../xorm/session_raw.go:78:queryRows() [I] [SQL] SELECT `id`, `repo_id`, `interval`, `enable_prune`, `updated_unix`, `next_update_unix` FROM `mirror` WHERE (next_update_unix<=?) AND (next_update_unix!=0) []interface {}{1589661263} - took: 3.327034ms
2020/05/17 05:44:23 .../xorm/session_raw.go:78:queryRows() [I] [SQL] SELECT `id`, `repo_id`, `interval`, `enable_prune`, `updated_unix`, `next_update_unix` FROM `mirror` WHERE (next_update_unix<=?) AND (next_update_unix!=0) []interface {}{1589661863} - took: 3.425014ms
2020/05/17 05:54:23 .../xorm/session_raw.go:78:queryRows() [I] [SQL] SELECT `id`, `repo_id`, `interval`, `enable_prune`, `updated_unix`, `next_update_unix` FROM `mirror` WHERE (next_update_unix<=?) AND (next_update_unix!=0) []interface {}{1589662463} - took: 3.263256ms
2020/05/17 06:04:23 .../xorm/session_raw.go:78:queryRows() [I] [SQL] SELECT `id`, `repo_id`, `interval`, `enable_prune`, `updated_unix`, `next_update_unix` FROM `mirror` WHERE (next_update_unix<=?) AND (next_update_unix!=0) []interface {}{1589663063} - took: 3.495679ms
2020/05/17 06:14:23 .../xorm/session_raw.go:78:queryRows() [I] [SQL] SELECT `id`, `repo_id`, `interval`, `enable_prune`, `updated_unix`, `next_update_unix` FROM `mirror` WHERE (next_update_unix<=?) AND (next_update_unix!=0) []interface {}{1589663663} - took: 3.179333ms
2020/05/17 06:24:23 .../xorm/session_raw.go:78:queryRows() [I] [SQL] SELECT `id`, `repo_id`, `interval`, `enable_prune`, `updated_unix`, `next_update_unix` FROM `mirror` WHERE (next_update_unix<=?) AND (next_update_unix!=0) []interface {}{1589664263} - took: 7.038451ms
2020/05/17 06:34:23 .../xorm/session_raw.go:78:queryRows() [I] [SQL] SELECT `id`, `repo_id`, `interval`, `enable_prune`, `updated_unix`, `next_update_unix` FROM `mirror` WHERE (next_update_unix<=?) AND (next_update_unix!=0) []interface {}{1589664863} - took: 3.287648ms
2020/05/17 06:44:23 .../xorm/session_raw.go:78:queryRows() [I] [SQL] SELECT `id`, `repo_id`, `interval`, `enable_prune`, `updated_unix`, `next_update_unix` FROM `mirror` WHERE (next_update_unix<=?) AND (next_update_unix!=0) []interface {}{1589665463} - took: 3.155001ms
2020/05/17 06:54:23 .../xorm/session_raw.go:78:queryRows() [I] [SQL] SELECT `id`, `repo_id`, `interval`, `enable_prune`, `updated_unix`, `next_update_unix` FROM `mirror` WHERE (next_update_unix<=?) AND (next_update_unix!=0) []interface {}{1589666063} - took: 3.676214ms
2020/05/17 07:04:23 .../xorm/session_raw.go:78:queryRows() [I] [SQL] SELECT `id`, `repo_id`, `interval`, `enable_prune`, `updated_unix`, `next_update_unix` FROM `mirror` WHERE (next_update_unix<=?) AND (next_update_unix!=0) []interface {}{1589666663} - took: 3.13543ms
2020/05/17 07:14:23 .../xorm/session_raw.go:78:queryRows() [I] [SQL] SELECT `id`, `repo_id`, `interval`, `enable_prune`, `updated_unix`, `next_update_unix` FROM `mirror` WHERE (next_update_unix<=?) AND (next_update_unix!=0) []interface {}{1589667263} - took: 7.04551ms
2020/05/17 07:24:23 .../xorm/session_raw.go:78:queryRows() [I] [SQL] SELECT `id`, `repo_id`, `interval`, `enable_prune`, `updated_unix`, `next_update_unix` FROM `mirror` WHERE (next_update_unix<=?) AND (next_update_unix!=0) []interface {}{1589667863} - took: 3.085188ms
2020/05/17 07:34:23 .../xorm/session_raw.go:78:queryRows() [I] [SQL] SELECT `id`, `repo_id`, `interval`, `enable_prune`, `updated_unix`, `next_update_unix` FROM `mirror` WHERE (next_update_unix<=?) AND (next_update_unix!=0) []interface {}{1589668463} - took: 6.630034ms
2020/05/17 07:44:23 .../xorm/session_raw.go:78:queryRows() [I] [SQL] SELECT `id`, `repo_id`, `interval`, `enable_prune`, `updated_unix`, `next_update_unix` FROM `mirror` WHERE (next_update_unix<=?) AND (next_update_unix!=0) []interface {}{1589669063} - took: 5.99464ms
2020/05/17 07:54:23 .../xorm/session_raw.go:78:queryRows() [I] [SQL] SELECT `id`, `repo_id`, `interval`, `enable_prune`, `updated_unix`, `next_update_unix` FROM `mirror` WHERE (next_update_unix<=?) AND (next_update_unix!=0) []interface {}{1589669663} - took: 3.153872ms
2020/05/17 08:04:23 .../xorm/session_raw.go:78:queryRows() [I] [SQL] SELECT `id`, `repo_id`, `interval`, `enable_prune`, `updated_unix`, `next_update_unix` FROM `mirror` WHERE (next_update_unix<=?) AND (next_update_unix!=0) []interface {}{1589670263} - took: 3.360627ms
2020/05/17 08:14:23 .../xorm/session_raw.go:78:queryRows() [I] [SQL] SELECT `id`, `repo_id`, `interval`, `enable_prune`, `updated_unix`, `next_update_unix` FROM `mirror` WHERE (next_update_unix<=?) AND (next_update_unix!=0) []interface {}{1589670863} - took: 3.185339ms
2020/05/17 08:24:23 .../xorm/session_raw.go:78:queryRows() [I] [SQL] SELECT `id`, `repo_id`, `interval`, `enable_prune`, `updated_unix`, `next_update_unix` FROM `mirror` WHERE (next_update_unix<=?) AND (next_update_unix!=0) []interface {}{1589671463} - took: 3.195132ms
2020/05/17 08:34:23 .../xorm/session_raw.go:78:queryRows() [I] [SQL] SELECT `id`, `repo_id`, `interval`, `enable_prune`, `updated_unix`, `next_update_unix` FROM `mirror` WHERE (next_update_unix<=?) AND (next_update_unix!=0) []interface {}{1589672063} - took: 3.234298ms
2020/05/17 08:44:23 .../xorm/session_raw.go:78:queryRows() [I] [SQL] SELECT `id`, `repo_id`, `interval`, `enable_prune`, `updated_unix`, `next_update_unix` FROM `mirror` WHERE (next_update_unix<=?) AND (next_update_unix!=0) []interface {}{1589672663} - took: 3.060375ms
2020/05/17 08:54:23 .../xorm/session_raw.go:78:queryRows() [I] [SQL] SELECT `id`, `repo_id`, `interval`, `enable_prune`, `updated_unix`, `next_update_unix` FROM `mirror` WHERE (next_update_unix<=?) AND (next_update_unix!=0) []interface {}{1589673263} - took: 3.268037ms
2020/05/17 09:04:23 .../xorm/session_raw.go:78:queryRows() [I] [SQL] SELECT `id`, `repo_id`, `interval`, `enable_prune`, `updated_unix`, `next_update_unix` FROM `mirror` WHERE (next_update_unix<=?) AND (next_update_unix!=0) []interface {}{1589673863} - took: 7.12864ms
2020/05/17 09:14:23 .../xorm/session_raw.go:78:queryRows() [I] [SQL] SELECT `id`, `repo_id`, `interval`, `enable_prune`, `updated_unix`, `next_update_unix` FROM `mirror` WHERE (next_update_unix<=?) AND (next_update_unix!=0) []interface {}{1589674463} - took: 3.60305ms
2020/05/17 09:24:23 .../xorm/session_raw.go:78:queryRows() [I] [SQL] SELECT `id`, `repo_id`, `interval`, `enable_prune`, `updated_unix`, `next_update_unix` FROM `mirror` WHERE (next_update_unix<=?) AND (next_update_unix!=0) []interface {}{1589675063} - took: 3.114206ms
2020/05/17 09:34:23 .../xorm/session_raw.go:78:queryRows() [I] [SQL] SELECT `id`, `repo_id`, `interval`, `enable_prune`, `updated_unix`, `next_update_unix` FROM `mirror` WHERE (next_update_unix<=?) AND (next_update_unix!=0) []interface {}{1589675663} - took: 3.409145ms
2020/05/17 09:44:23 .../xorm/session_raw.go:78:queryRows() [I] [SQL] SELECT `id`, `repo_id`, `interval`, `enable_prune`, `updated_unix`, `next_update_unix` FROM `mirror` WHERE (next_update_unix<=?) AND (next_update_unix!=0) []interface {}{1589676263} - took: 3.38998ms
2020/05/17 09:54:23 .../xorm/session_raw.go:78:queryRows() [I] [SQL] SELECT `id`, `repo_id`, `interval`, `enable_prune`, `updated_unix`, `next_update_unix` FROM `mirror` WHERE (next_update_unix<=?) AND (next_update_unix!=0) []interface {}{1589676863} - took: 3.244406ms
2020/05/17 10:04:23 .../xorm/session_raw.go:78:queryRows() [I] [SQL] SELECT `id`, `repo_id`, `interval`, `enable_prune`, `updated_unix`, `next_update_unix` FROM `mirror` WHERE (next_update_unix<=?) AND (next_update_unix!=0) []interface {}{1589677463} - took: 6.806754ms
2020/05/17 10:14:23 .../xorm/session_raw.go:78:queryRows() [I] [SQL] SELECT `id`, `repo_id`, `interval`, `enable_prune`, `updated_unix`, `next_update_unix` FROM `mirror` WHERE (next_update_unix<=?) AND (next_update_unix!=0) []interface {}{1589678063} - took: 3.096151ms
2020/05/17 10:24:23 .../xorm/session_raw.go:78:queryRows() [I] [SQL] SELECT `id`, `repo_id`, `interval`, `enable_prune`, `updated_unix`, `next_update_unix` FROM `mirror` WHERE (next_update_unix<=?) AND (next_update_unix!=0) []interface {}{1589678663} - took: 3.584328ms
2020/05/17 10:34:23 .../xorm/session_raw.go:78:queryRows() [I] [SQL] SELECT `id`, `repo_id`, `interval`, `enable_prune`, `updated_unix`, `next_update_unix` FROM `mirror` WHERE (next_update_unix<=?) AND (next_update_unix!=0) []interface {}{1589679263} - took: 3.232187ms
2020/05/17 10:44:23 .../xorm/session_raw.go:78:queryRows() [I] [SQL] SELECT `id`, `repo_id`, `interval`, `enable_prune`, `updated_unix`, `next_update_unix` FROM `mirror` WHERE (next_update_unix<=?) AND (next_update_unix!=0) []interface {}{1589679863} - took: 3.100614ms
2020/05/17 10:54:23 .../xorm/session_raw.go:78:queryRows() [I] [SQL] SELECT `id`, `repo_id`, `interval`, `enable_prune`, `updated_unix`, `next_update_unix` FROM `mirror` WHERE (next_update_unix<=?) AND (next_update_unix!=0) []interface {}{1589680463} - took: 6.525279ms
2020/05/17 11:04:23 .../xorm/session_raw.go:78:queryRows() [I] [SQL] SELECT `id`, `repo_id`, `interval`, `enable_prune`, `updated_unix`, `next_update_unix` FROM `mirror` WHERE (next_update_unix<=?) AND (next_update_unix!=0) []interface {}{1589681063} - took: 3.288481ms
2020/05/17 11:14:23 .../xorm/session_raw.go:78:queryRows() [I] [SQL] SELECT `id`, `repo_id`, `interval`, `enable_prune`, `updated_unix`, `next_update_unix` FROM `mirror` WHERE (next_update_unix<=?) AND (next_update_unix!=0) []interface {}{1589681663} - took: 3.415905ms
2020/05/17 11:24:23 .../xorm/session_raw.go:78:queryRows() [I] [SQL] SELECT `id`, `repo_id`, `interval`, `enable_prune`, `updated_unix`, `next_update_unix` FROM `mirror` WHERE (next_update_unix<=?) AND (next_update_unix!=0) []interface {}{1589682263} - took: 3.176483ms
2020/05/17 11:34:23 .../xorm/session_raw.go:78:queryRows() [I] [SQL] SELECT `id`, `repo_id`, `interval`, `enable_prune`, `updated_unix`, `next_update_unix` FROM `mirror` WHERE (next_update_unix<=?) AND (next_update_unix!=0) []interface {}{1589682863} - took: 5.925103ms
2020/05/17 11:44:23 .../xorm/session_raw.go:78:queryRows() [I] [SQL] SELECT `id`, `repo_id`, `interval`, `enable_prune`, `updated_unix`, `next_update_unix` FROM `mirror` WHERE (next_update_unix<=?) AND (next_update_unix!=0) []interface {}{1589683463} - took: 3.101966ms
2020/05/17 11:54:23 .../xorm/session_raw.go:78:queryRows() [I] [SQL] SELECT `id`, `repo_id`, `interval`, `enable_prune`, `updated_unix`, `next_update_unix` FROM `mirror` WHERE (next_update_unix<=?) AND (next_update_unix!=0) []interface {}{1589684063} - took: 3.078448ms
2020/05/17 12:04:23 .../xorm/session_raw.go:78:queryRows() [I] [SQL] SELECT `id`, `repo_id`, `interval`, `enable_prune`, `updated_unix`, `next_update_unix` FROM `mirror` WHERE (next_update_unix<=?) AND (next_update_unix!=0) []interface {}{1589684663} - took: 3.291314ms
2020/05/17 12:14:23 .../xorm/session_raw.go:78:queryRows() [I] [SQL] SELECT `id`, `repo_id`, `interval`, `enable_prune`, `updated_unix`, `next_update_unix` FROM `mirror` WHERE (next_update_unix<=?) AND (next_update_unix!=0) []interface {}{1589685263} - took: 7.736224ms
2020/05/17 12:24:23 .../xorm/session_raw.go:78:queryRows() [I] [SQL] SELECT `id`, `repo_id`, `interval`, `enable_prune`, `updated_unix`, `next_update_unix` FROM `mirror` WHERE (next_update_unix<=?) AND (next_update_unix!=0) []interface {}{1589685863} - took: 3.444627ms
2020/05/17 12:34:23 .../xorm/session_raw.go:78:queryRows() [I] [SQL] SELECT `id`, `repo_id`, `interval`, `enable_prune`, `updated_unix`, `next_update_unix` FROM `mirror` WHERE (next_update_unix<=?) AND (next_update_unix!=0) []interface {}{1589686463} - took: 3.084467ms
2020/05/17 12:44:23 .../xorm/session_raw.go:78:queryRows() [I] [SQL] SELECT `id`, `repo_id`, `interval`, `enable_prune`, `updated_unix`, `next_update_unix` FROM `mirror` WHERE (next_update_unix<=?) AND (next_update_unix!=0) []interface {}{1589687063} - took: 3.129821ms
2020/05/17 12:54:23 .../xorm/session_raw.go:78:queryRows() [I] [SQL] SELECT `id`, `repo_id`, `interval`, `enable_prune`, `updated_unix`, `next_update_unix` FROM `mirror` WHERE (next_update_unix<=?) AND (next_update_unix!=0) []interface {}{1589687663} - took: 3.481332ms
2020/05/17 13:04:23 .../xorm/session_raw.go:78:queryRows() [I] [SQL] SELECT `id`, `repo_id`, `interval`, `enable_prune`, `updated_unix`, `next_update_unix` FROM `mirror` WHERE (next_update_unix<=?) AND (next_update_unix!=0) []interface {}{1589688263} - took: 3.063727ms
2020/05/17 13:14:23 .../xorm/session_raw.go:78:queryRows() [I] [SQL] SELECT `id`, `repo_id`, `interval`, `enable_prune`, `updated_unix`, `next_update_unix` FROM `mirror` WHERE (next_update_unix<=?) AND (next_update_unix!=0) []interface {}{1589688863} - took: 3.593996ms
2020/05/17 13:24:23 .../xorm/session_raw.go:78:queryRows() [I] [SQL] SELECT `id`, `repo_id`, `interval`, `enable_prune`, `updated_unix`, `next_update_unix` FROM `mirror` WHERE (next_update_unix<=?) AND (next_update_unix!=0) []interface {}{1589689463} - took: 3.414962ms
2020/05/17 13:34:23 .../xorm/session_raw.go:78:queryRows() [I] [SQL] SELECT `id`, `repo_id`, `interval`, `enable_prune`, `updated_unix`, `next_update_unix` FROM `mirror` WHERE (next_update_unix<=?) AND (next_update_unix!=0) []interface {}{1589690063} - took: 3.10456ms
2020/05/17 13:44:23 .../xorm/session_raw.go:78:queryRows() [I] [SQL] SELECT `id`, `repo_id`, `interval`, `enable_prune`, `updated_unix`, `next_update_unix` FROM `mirror` WHERE (next_update_unix<=?) AND (next_update_unix!=0) []interface {}{1589690663} - took: 3.512515ms
2020/05/17 13:54:23 .../xorm/session_raw.go:78:queryRows() [I] [SQL] SELECT `id`, `repo_id`, `interval`, `enable_prune`, `updated_unix`, `next_update_unix` FROM `mirror` WHERE (next_update_unix<=?) AND (next_update_unix!=0) []interface {}{1589691263} - took: 3.130557ms
2020/05/17 14:04:23 .../xorm/session_raw.go:78:queryRows() [I] [SQL] SELECT `id`, `repo_id`, `interval`, `enable_prune`, `updated_unix`, `next_update_unix` FROM `mirror` WHERE (next_update_unix<=?) AND (next_update_unix!=0) []interface {}{1589691863} - took: 3.082707ms
2020/05/17 14:14:23 .../xorm/session_raw.go:78:queryRows() [I] [SQL] SELECT `id`, `repo_id`, `interval`, `enable_prune`, `updated_unix`, `next_update_unix` FROM `mirror` WHERE (next_update_unix<=?) AND (next_update_unix!=0) []interface {}{1589692463} - took: 3.381054ms
2020/05/17 14:24:23 .../xorm/session_raw.go:78:queryRows() [I] [SQL] SELECT `id`, `repo_id`, `interval`, `enable_prune`, `updated_unix`, `next_update_unix` FROM `mirror` WHERE (next_update_unix<=?) AND (next_update_unix!=0) []interface {}{1589693063} - took: 3.347518ms
2020/05/17 14:34:23 .../xorm/session_raw.go:78:queryRows() [I] [SQL] SELECT `id`, `repo_id`, `interval`, `enable_prune`, `updated_unix`, `next_update_unix` FROM `mirror` WHERE (next_update_unix<=?) AND (next_update_unix!=0) []interface {}{1589693663} - took: 3.121503ms
2020/05/17 14:44:23 .../xorm/session_raw.go:78:queryRows() [I] [SQL] SELECT `id`, `repo_id`, `interval`, `enable_prune`, `updated_unix`, `next_update_unix` FROM `mirror` WHERE (next_update_unix<=?) AND (next_update_unix!=0) []interface {}{1589694263} - took: 3.143429ms
2020/05/17 14:54:23 .../xorm/session_raw.go:78:queryRows() [I] [SQL] SELECT `id`, `repo_id`, `interval`, `enable_prune`, `updated_unix`, `next_update_unix` FROM `mirror` WHERE (next_update_unix<=?) AND (next_update_unix!=0) []interface {}{1589694863} - took: 3.481646ms
2020/05/17 15:04:23 .../xorm/session_raw.go:78:queryRows() [I] [SQL] SELECT `id`, `repo_id`, `interval`, `enable_prune`, `updated_unix`, `next_update_unix` FROM `mirror` WHERE (next_update_unix<=?) AND (next_update_unix!=0) []interface {}{1589695463} - took: 3.139096ms
2020/05/17 15:14:23 .../xorm/session_raw.go:78:queryRows() [I] [SQL] SELECT `id`, `repo_id`, `interval`, `enable_prune`, `updated_unix`, `next_update_unix` FROM `mirror` WHERE (next_update_unix<=?) AND (next_update_unix!=0) []interface {}{1589696063} - took: 3.501479ms
2020/05/17 15:24:23 .../xorm/session_raw.go:78:queryRows() [I] [SQL] SELECT `id`, `repo_id`, `interval`, `enable_prune`, `updated_unix`, `next_update_unix` FROM `mirror` WHERE (next_update_unix<=?) AND (next_update_unix!=0) []interface {}{1589696663} - took: 3.491257ms
2020/05/17 15:34:23 .../xorm/session_raw.go:78:queryRows() [I] [SQL] SELECT repo.id FROM `repository` repo WHERE repo.num_watches!=(SELECT COUNT(*) FROM `watch` WHERE repo_id=repo.id AND mode<>2) - took: 4.061909ms
2020/05/17 15:34:23 .../xorm/session_raw.go:78:queryRows() [I] [SQL] SELECT `external_id`, `user_id`, `login_source_id`, `raw_data`, `provider`, `email`, `name`, `first_name`, `last_name`, `nick_name`, `description`, `avatar_url`, `location`, `access_token`, `access_token_secret`, `refresh_token`, `expires_at` FROM `external_login_user` WHERE provider=? ORDER BY login_source_id ASC, external_id ASC LIMIT 100 []interface {}{"github"} - took: 4.467069ms
2020/05/17 15:34:23 .../xorm/session_raw.go:78:queryRows() [I] [SQL] SELECT repo.id FROM `repository` repo WHERE repo.num_stars!=(SELECT COUNT(*) FROM `star` WHERE repo_id=repo.id) - took: 276.162µs
2020/05/17 15:34:23 .../xorm/session_raw.go:78:queryRows() [I] [SQL] SELECT `id`, `owner_id`, `lower_name`, `name`, `description`, `website`, `original_service_type`, `original_url`, `default_branch`, `num_watches`, `num_stars`, `num_forks`, `num_issues`, `num_closed_issues`, `num_pulls`, `num_closed_pulls`, `num_milestones`, `num_closed_milestones`, `is_private`, `is_empty`, `is_archived`, `is_mirror`, `status`, `is_fork`, `fork_id`, `is_template`, `template_id`, `size`, `is_fsck_enabled`, `close_issues_via_commit_in_any_branch`, `topics`, `avatar`, `created_unix`, `updated_unix` FROM `repository` WHERE (id > 0) - took: 4.591659ms
2020/05/17 15:34:23 .../xorm/session_raw.go:78:queryRows() [I] [SQL] SELECT label.id FROM `label` WHERE label.num_issues!=(SELECT COUNT(*) FROM `issue_label` WHERE label_id=label.id) - took: 612.489µs
2020/05/17 15:34:23 .../xorm/session_raw.go:78:queryRows() [I] [SQL] SELECT `id`, `type`, `name`, `is_actived`, `is_sync_enabled`, `cfg`, `created_unix`, `updated_unix` FROM `login_source` - took: 5.61451ms
2020/05/17 15:34:23 .../xorm/session_raw.go:78:queryRows() [I] [SQL] SELECT `user`.id FROM `user` WHERE `user`.num_repos!=(SELECT COUNT(*) FROM `repository` WHERE owner_id=`user`.id) - took: 285.309µs
2020/05/17 15:34:23 .../xorm/session_raw.go:78:queryRows() [I] [SQL] SELECT `issue`.id FROM `issue` WHERE `issue`.num_comments!=(SELECT COUNT(*) FROM `comment` WHERE issue_id=`issue`.id AND type=0) - took: 274.717µs
2020/05/17 15:34:23 .../xorm/session_raw.go:78:queryRows() [I] [SQL] SELECT `id`, `repo_id`, `interval`, `enable_prune`, `updated_unix`, `next_update_unix` FROM `mirror` WHERE (next_update_unix<=?) AND (next_update_unix!=0) []interface {}{1589697263} - took: 6.481273ms
2020/05/17 15:34:23 .../xorm/session_raw.go:78:queryRows() [I] [SQL] SELECT `id`, `owner_id`, `lower_name`, `name`, `description`, `website`, `original_service_type`, `original_url`, `default_branch`, `num_watches`, `num_stars`, `num_forks`, `num_issues`, `num_closed_issues`, `num_pulls`, `num_closed_pulls`, `num_milestones`, `num_closed_milestones`, `is_private`, `is_empty`, `is_archived`, `is_mirror`, `status`, `is_fork`, `fork_id`, `is_template`, `template_id`, `size`, `is_fsck_enabled`, `close_issues_via_commit_in_any_branch`, `topics`, `avatar`, `created_unix`, `updated_unix` FROM `repository` WHERE (id>0 AND is_fsck_enabled=?) LIMIT 50 []interface {}{true} - took: 6.70951ms
2020/05/17 15:34:23 .../xorm/session_raw.go:196:exec() [I] [SQL] DELETE FROM `deleted_branch` WHERE (deleted_unix < ?) []interface {}{1589610863} - took: 7.422182ms
2020/05/17 15:34:23 .../xorm/session_raw.go:78:queryRows() [I] [SQL] SELECT repo.id FROM `repository` repo WHERE repo.num_closed_issues!=(SELECT COUNT(*) FROM `issue` WHERE repo_id=repo.id AND is_closed=? AND is_pull=?) []interface {}{true, false} - took: 1.692321ms
2020/05/17 15:34:23 .../xorm/session_raw.go:78:queryRows() [I] [SQL] SELECT `name` FROM `user` WHERE `id`=? LIMIT 1 []interface {}{1} - took: 785.375µs
2020/05/17 15:34:23 .../xorm/session_raw.go:78:queryRows() [I] [SQL] SELECT `name` FROM `user` WHERE `id`=? LIMIT 1 []interface {}{1} - took: 6.444625ms
2020/05/17 15:34:23 .../xorm/session_raw.go:78:queryRows() [I] [SQL] SELECT repo.id FROM `repository` repo WHERE repo.num_closed_pulls!=(SELECT COUNT(*) FROM `issue` WHERE repo_id=repo.id AND is_closed=? AND is_pull=?) []interface {}{true, true} - took: 6.566475ms
2020/05/17 15:34:23 .../xorm/session_raw.go:78:queryRows() [I] [SQL] SELECT repo.id FROM `repository` repo WHERE repo.num_forks!=(SELECT COUNT(*) FROM `repository` WHERE fork_id=repo.id) - took: 478.769µs
2020/05/17 15:44:23 .../xorm/session_raw.go:78:queryRows() [I] [SQL] SELECT `id`, `repo_id`, `interval`, `enable_prune`, `updated_unix`, `next_update_unix` FROM `mirror` WHERE (next_update_unix<=?) AND (next_update_unix!=0) []interface {}{1589697863} - took: 7.447428ms
2020/05/17 15:54:23 .../xorm/session_raw.go:78:queryRows() [I] [SQL] SELECT `id`, `repo_id`, `interval`, `enable_prune`, `updated_unix`, `next_update_unix` FROM `mirror` WHERE (next_update_unix<=?) AND (next_update_unix!=0) []interface {}{1589698463} - took: 7.775961ms
2020/05/17 16:04:23 .../xorm/session_raw.go:78:queryRows() [I] [SQL] SELECT `id`, `repo_id`, `interval`, `enable_prune`, `updated_unix`, `next_update_unix` FROM `mirror` WHERE (next_update_unix<=?) AND (next_update_unix!=0) []interface {}{1589699063} - took: 3.708771ms
2020/05/17 16:14:23 .../xorm/session_raw.go:78:queryRows() [I] [SQL] SELECT `id`, `repo_id`, `interval`, `enable_prune`, `updated_unix`, `next_update_unix` FROM `mirror` WHERE (next_update_unix<=?) AND (next_update_unix!=0) []interface {}{1589699663} - took: 7.055427ms
2020/05/17 16:24:23 .../xorm/session_raw.go:78:queryRows() [I] [SQL] SELECT `id`, `repo_id`, `interval`, `enable_prune`, `updated_unix`, `next_update_unix` FROM `mirror` WHERE (next_update_unix<=?) AND (next_update_unix!=0) []interface {}{1589700263} - took: 3.272628ms
2020/05/17 16:34:23 .../xorm/session_raw.go:78:queryRows() [I] [SQL] SELECT `id`, `repo_id`, `interval`, `enable_prune`, `updated_unix`, `next_update_unix` FROM `mirror` WHERE (next_update_unix<=?) AND (next_update_unix!=0) []interface {}{1589700863} - took: 3.319943ms
2020/05/17 16:44:23 .../xorm/session_raw.go:78:queryRows() [I] [SQL] SELECT `id`, `repo_id`, `interval`, `enable_prune`, `updated_unix`, `next_update_unix` FROM `mirror` WHERE (next_update_unix<=?) AND (next_update_unix!=0) []interface {}{1589701463} - took: 3.263127ms
2020/05/17 16:54:23 .../xorm/session_raw.go:78:queryRows() [I] [SQL] SELECT `id`, `repo_id`, `interval`, `enable_prune`, `updated_unix`, `next_update_unix` FROM `mirror` WHERE (next_update_unix<=?) AND (next_update_unix!=0) []interface {}{1589702063} - took: 3.193092ms
2020/05/17 17:04:23 .../xorm/session_raw.go:78:queryRows() [I] [SQL] SELECT `id`, `repo_id`, `interval`, `enable_prune`, `updated_unix`, `next_update_unix` FROM `mirror` WHERE (next_update_unix<=?) AND (next_update_unix!=0) []interface {}{1589702663} - took: 6.904807ms
2020/05/17 17:14:23 .../xorm/session_raw.go:78:queryRows() [I] [SQL] SELECT `id`, `repo_id`, `interval`, `enable_prune`, `updated_unix`, `next_update_unix` FROM `mirror` WHERE (next_update_unix<=?) AND (next_update_unix!=0) []interface {}{1589703263} - took: 6.427037ms
2020/05/17 17:24:23 .../xorm/session_raw.go:78:queryRows() [I] [SQL] SELECT `id`, `repo_id`, `interval`, `enable_prune`, `updated_unix`, `next_update_unix` FROM `mirror` WHERE (next_update_unix<=?) AND (next_update_unix!=0) []interface {}{1589703863} - took: 3.452001ms
2020/05/17 17:34:23 .../xorm/session_raw.go:78:queryRows() [I] [SQL] SELECT `id`, `repo_id`, `interval`, `enable_prune`, `updated_unix`, `next_update_unix` FROM `mirror` WHERE (next_update_unix<=?) AND (next_update_unix!=0) []interface {}{1589704463} - took: 3.137967ms
2020/05/17 17:44:23 .../xorm/session_raw.go:78:queryRows() [I] [SQL] SELECT `id`, `repo_id`, `interval`, `enable_prune`, `updated_unix`, `next_update_unix` FROM `mirror` WHERE (next_update_unix<=?) AND (next_update_unix!=0) []interface {}{1589705063} - took: 3.183354ms
2020/05/17 17:54:23 .../xorm/session_raw.go:78:queryRows() [I] [SQL] SELECT `id`, `repo_id`, `interval`, `enable_prune`, `updated_unix`, `next_update_unix` FROM `mirror` WHERE (next_update_unix<=?) AND (next_update_unix!=0) []interface {}{1589705663} - took: 3.444146ms
2020/05/17 18:04:23 .../xorm/session_raw.go:78:queryRows() [I] [SQL] SELECT `id`, `repo_id`, `interval`, `enable_prune`, `updated_unix`, `next_update_unix` FROM `mirror` WHERE (next_update_unix<=?) AND (next_update_unix!=0) []interface {}{1589706263} - took: 3.275186ms
2020/05/17 18:14:23 .../xorm/session_raw.go:78:queryRows() [I] [SQL] SELECT `id`, `repo_id`, `interval`, `enable_prune`, `updated_unix`, `next_update_unix` FROM `mirror` WHERE (next_update_unix<=?) AND (next_update_unix!=0) []interface {}{1589706863} - took: 3.199039ms
2020/05/17 18:24:23 .../xorm/session_raw.go:78:queryRows() [I] [SQL] SELECT `id`, `repo_id`, `interval`, `enable_prune`, `updated_unix`, `next_update_unix` FROM `mirror` WHERE (next_update_unix<=?) AND (next_update_unix!=0) []interface {}{1589707463} - took: 3.51945ms
2020/05/17 18:34:23 .../xorm/session_raw.go:78:queryRows() [I] [SQL] SELECT `id`, `repo_id`, `interval`, `enable_prune`, `updated_unix`, `next_update_unix` FROM `mirror` WHERE (next_update_unix<=?) AND (next_update_unix!=0) []interface {}{1589708063} - took: 3.589603ms
2020/05/17 18:44:23 .../xorm/session_raw.go:78:queryRows() [I] [SQL] SELECT `id`, `repo_id`, `interval`, `enable_prune`, `updated_unix`, `next_update_unix` FROM `mirror` WHERE (next_update_unix<=?) AND (next_update_unix!=0) []interface {}{1589708663} - took: 3.408238ms
2020/05/17 18:54:23 .../xorm/session_raw.go:78:queryRows() [I] [SQL] SELECT `id`, `repo_id`, `interval`, `enable_prune`, `updated_unix`, `next_update_unix` FROM `mirror` WHERE (next_update_unix<=?) AND (next_update_unix!=0) []interface {}{1589709263} - took: 3.457515ms
2020/05/17 19:04:23 .../xorm/session_raw.go:78:queryRows() [I] [SQL] SELECT `id`, `repo_id`, `interval`, `enable_prune`, `updated_unix`, `next_update_unix` FROM `mirror` WHERE (next_update_unix<=?) AND (next_update_unix!=0) []interface {}{1589709863} - took: 5.638626ms
2020/05/17 19:14:23 .../xorm/session_raw.go:78:queryRows() [I] [SQL] SELECT `id`, `repo_id`, `interval`, `enable_prune`, `updated_unix`, `next_update_unix` FROM `mirror` WHERE (next_update_unix<=?) AND (next_update_unix!=0) []interface {}{1589710463} - took: 3.281611ms
2020/05/17 19:24:23 .../xorm/session_raw.go:78:queryRows() [I] [SQL] SELECT `id`, `repo_id`, `interval`, `enable_prune`, `updated_unix`, `next_update_unix` FROM `mirror` WHERE (next_update_unix<=?) AND (next_update_unix!=0) []interface {}{1589711063} - took: 16.19867ms
2020/05/17 19:34:23 .../xorm/session_raw.go:78:queryRows() [I] [SQL] SELECT `id`, `repo_id`, `interval`, `enable_prune`, `updated_unix`, `next_update_unix` FROM `mirror` WHERE (next_update_unix<=?) AND (next_update_unix!=0) []interface {}{1589711663} - took: 6.651893ms
2020/05/17 19:44:23 .../xorm/session_raw.go:78:queryRows() [I] [SQL] SELECT `id`, `repo_id`, `interval`, `enable_prune`, `updated_unix`, `next_update_unix` FROM `mirror` WHERE (next_update_unix<=?) AND (next_update_unix!=0) []interface {}{1589712263} - took: 3.242916ms
2020/05/17 19:54:23 .../xorm/session_raw.go:78:queryRows() [I] [SQL] SELECT `id`, `repo_id`, `interval`, `enable_prune`, `updated_unix`, `next_update_unix` FROM `mirror` WHERE (next_update_unix<=?) AND (next_update_unix!=0) []interface {}{1589712863} - took: 7.007239ms
2020/05/17 20:04:23 .../xorm/session_raw.go:78:queryRows() [I] [SQL] SELECT `id`, `repo_id`, `interval`, `enable_prune`, `updated_unix`, `next_update_unix` FROM `mirror` WHERE (next_update_unix<=?) AND (next_update_unix!=0) []interface {}{1589713463} - took: 3.300847ms
2020/05/17 20:14:23 .../xorm/session_raw.go:78:queryRows() [I] [SQL] SELECT `id`, `repo_id`, `interval`, `enable_prune`, `updated_unix`, `next_update_unix` FROM `mirror` WHERE (next_update_unix<=?) AND (next_update_unix!=0) []interface {}{1589714063} - took: 3.590923ms
2020/05/17 20:24:23 .../xorm/session_raw.go:78:queryRows() [I] [SQL] SELECT `id`, `repo_id`, `interval`, `enable_prune`, `updated_unix`, `next_update_unix` FROM `mirror` WHERE (next_update_unix<=?) AND (next_update_unix!=0) []interface {}{1589714663} - took: 3.308313ms
2020/05/17 20:34:23 .../xorm/session_raw.go:78:queryRows() [I] [SQL] SELECT `id`, `repo_id`, `interval`, `enable_prune`, `updated_unix`, `next_update_unix` FROM `mirror` WHERE (next_update_unix<=?) AND (next_update_unix!=0) []interface {}{1589715263} - took: 3.146852ms
2020/05/17 20:44:23 .../xorm/session_raw.go:78:queryRows() [I] [SQL] SELECT `id`, `repo_id`, `interval`, `enable_prune`, `updated_unix`, `next_update_unix` FROM `mirror` WHERE (next_update_unix<=?) AND (next_update_unix!=0) []interface {}{1589715863} - took: 3.119624ms
2020/05/17 20:54:23 .../xorm/session_raw.go:78:queryRows() [I] [SQL] SELECT `id`, `repo_id`, `interval`, `enable_prune`, `updated_unix`, `next_update_unix` FROM `mirror` WHERE (next_update_unix<=?) AND (next_update_unix!=0) []interface {}{1589716463} - took: 6.586302ms
2020/05/17 21:04:23 .../xorm/session_raw.go:78:queryRows() [I] [SQL] SELECT `id`, `repo_id`, `interval`, `enable_prune`, `updated_unix`, `next_update_unix` FROM `mirror` WHERE (next_update_unix<=?) AND (next_update_unix!=0) []interface {}{1589717063} - took: 3.714105ms
2020/05/17 21:14:23 .../xorm/session_raw.go:78:queryRows() [I] [SQL] SELECT `id`, `repo_id`, `interval`, `enable_prune`, `updated_unix`, `next_update_unix` FROM `mirror` WHERE (next_update_unix<=?) AND (next_update_unix!=0) []interface {}{1589717663} - took: 6.586888ms
2020/05/17 21:21:59 ...eful/manager_unix.go:133:handleSignals() [W] PID 15. Received SIGTERM. Shutting down...
2020/05/17 21:21:59 cmd/web.go:206:runWeb() [I] HTTP Listener: 0.0.0.0:3000 Closed
2020/05/17 21:21:59 ...rvices/pull/check.go:214:TestPullRequests() [I] PID: 15 Pull Request testing shutdown
2020/05/17 21:21:59 ...eful/server_hooks.go:47:doShutdown() [I] PID: 15 Listener ([::]:3000) closed.
2020/05/17 21:23:57 ...dules/setting/log.go:276:newLogService() [I] Gitea Log Mode: File(File:info)
2020/05/17 21:23:57 ...les/setting/cache.go:45:newCacheService() [I] Cache Service Enabled
2020/05/17 21:23:57 ...s/setting/session.go:44:newSessionService() [I] Session Service Enabled
2020/05/17 21:23:57 routers/init.go:59:initDBEngine() [I] Beginning ORM engine initialization.
2020/05/17 21:23:57 routers/init.go:66:initDBEngine() [I] ORM engine initialization attempt #1/10...
2020/05/17 21:23:57 ...rm.io/xorm/engine.go:351:Ping() [I] PING DATABASE mysql
2020/05/17 21:23:58 .../xorm/session_raw.go:78:queryRows() [I] [SQL] SELECT `TABLE_NAME` from `INFORMATION_SCHEMA`.`TABLES` WHERE `TABLE_SCHEMA`=? and `TABLE_NAME`=? []interface {}{"gitea", "version"} - took: 1.537567ms
2020/05/17 21:23:58 ...m.io/core/dialect.go:162:HasRecords() [I] [SQL] SELECT `COLUMN_NAME` FROM `INFORMATION_SCHEMA`.`COLUMNS` WHERE `TABLE_SCHEMA` = ? AND `TABLE_NAME` = ? AND `COLUMN_NAME` = ? [gitea version id]
2020/05/17 21:23:58 ...m.io/core/dialect.go:162:HasRecords() [I] [SQL] SELECT `COLUMN_NAME` FROM `INFORMATION_SCHEMA`.`COLUMNS` WHERE `TABLE_SCHEMA` = ? AND `TABLE_NAME` = ? AND `COLUMN_NAME` = ? [gitea version version]
2020/05/17 21:23:58 .../xorm/session_raw.go:78:queryRows() [I] [SQL] SELECT `id`, `version` FROM `version` WHERE `id`=? LIMIT 1 []interface {}{1} - took: 1.959189ms
2020/05/17 21:23:58 ...orm/dialect_mysql.go:431:GetTables() [I] [SQL] SELECT `TABLE_NAME`, `ENGINE`, `TABLE_ROWS`, `AUTO_INCREMENT`, `TABLE_COMMENT` from `INFORMATION_SCHEMA`.`TABLES` WHERE `TABLE_SCHEMA`=? AND (`ENGINE`='MyISAM' OR `ENGINE` = 'InnoDB' OR `ENGINE` = 'TokuDB') [gitea]
2020/05/17 21:23:58 ...orm/dialect_mysql.go:320:GetColumns() [I] [SQL] SELECT `COLUMN_NAME`, `IS_NULLABLE`, `COLUMN_DEFAULT`, `COLUMN_TYPE`, `COLUMN_KEY`, `EXTRA`,`COLUMN_COMMENT` FROM `INFORMATION_SCHEMA`.`COLUMNS` WHERE `TABLE_SCHEMA` = ? AND `TABLE_NAME` = ? [gitea user]
2020/05/17 21:23:58 ...orm/dialect_mysql.go:460:GetIndexes() [I] [SQL] SELECT `INDEX_NAME`, `NON_UNIQUE`, `COLUMN_NAME` FROM `INFORMATION_SCHEMA`.`STATISTICS` WHERE `TABLE_SCHEMA` = ? AND `TABLE_NAME` = ? [gitea user]
2020/05/17 21:23:58 ...orm/dialect_mysql.go:320:GetColumns() [I] [SQL] SELECT `COLUMN_NAME`, `IS_NULLABLE`, `COLUMN_DEFAULT`, `COLUMN_TYPE`, `COLUMN_KEY`, `EXTRA`,`COLUMN_COMMENT` FROM `INFORMATION_SCHEMA`.`COLUMNS` WHERE `TABLE_SCHEMA` = ? AND `TABLE_NAME` = ? [gitea public_key]
2020/05/17 21:23:58 ...orm/dialect_mysql.go:460:GetIndexes() [I] [SQL] SELECT `INDEX_NAME`, `NON_UNIQUE`, `COLUMN_NAME` FROM `INFORMATION_SCHEMA`.`STATISTICS` WHERE `TABLE_SCHEMA` = ? AND `TABLE_NAME` = ? [gitea public_key]
2020/05/17 21:23:58 ...orm/dialect_mysql.go:320:GetColumns() [I] [SQL] SELECT `COLUMN_NAME`, `IS_NULLABLE`, `COLUMN_DEFAULT`, `COLUMN_TYPE`, `COLUMN_KEY`, `EXTRA`,`COLUMN_COMMENT` FROM `INFORMATION_SCHEMA`.`COLUMNS` WHERE `TABLE_SCHEMA` = ? AND `TABLE_NAME` = ? [gitea access_token]
2020/05/17 21:23:58 ...orm/dialect_mysql.go:460:GetIndexes() [I] [SQL] SELECT `INDEX_NAME`, `NON_UNIQUE`, `COLUMN_NAME` FROM `INFORMATION_SCHEMA`.`STATISTICS` WHERE `TABLE_SCHEMA` = ? AND `TABLE_NAME` = ? [gitea access_token]
2020/05/17 21:23:58 ...orm/dialect_mysql.go:320:GetColumns() [I] [SQL] SELECT `COLUMN_NAME`, `IS_NULLABLE`, `COLUMN_DEFAULT`, `COLUMN_TYPE`, `COLUMN_KEY`, `EXTRA`,`COLUMN_COMMENT` FROM `INFORMATION_SCHEMA`.`COLUMNS` WHERE `TABLE_SCHEMA` = ? AND `TABLE_NAME` = ? [gitea repository]
2020/05/17 21:23:58 ...orm/dialect_mysql.go:460:GetIndexes() [I] [SQL] SELECT `INDEX_NAME`, `NON_UNIQUE`, `COLUMN_NAME` FROM `INFORMATION_SCHEMA`.`STATISTICS` WHERE `TABLE_SCHEMA` = ? AND `TABLE_NAME` = ? [gitea repository]
2020/05/17 21:23:58 ...orm/dialect_mysql.go:320:GetColumns() [I] [SQL] SELECT `COLUMN_NAME`, `IS_NULLABLE`, `COLUMN_DEFAULT`, `COLUMN_TYPE`, `COLUMN_KEY`, `EXTRA`,`COLUMN_COMMENT` FROM `INFORMATION_SCHEMA`.`COLUMNS` WHERE `TABLE_SCHEMA` = ? AND `TABLE_NAME` = ? [gitea deploy_key]
2020/05/17 21:23:58 ...orm/dialect_mysql.go:460:GetIndexes() [I] [SQL] SELECT `INDEX_NAME`, `NON_UNIQUE`, `COLUMN_NAME` FROM `INFORMATION_SCHEMA`.`STATISTICS` WHERE `TABLE_SCHEMA` = ? AND `TABLE_NAME` = ? [gitea deploy_key]
2020/05/17 21:23:58 ...orm/dialect_mysql.go:320:GetColumns() [I] [SQL] SELECT `COLUMN_NAME`, `IS_NULLABLE`, `COLUMN_DEFAULT`, `COLUMN_TYPE`, `COLUMN_KEY`, `EXTRA`,`COLUMN_COMMENT` FROM `INFORMATION_SCHEMA`.`COLUMNS` WHERE `TABLE_SCHEMA` = ? AND `TABLE_NAME` = ? [gitea collaboration]
2020/05/17 21:23:58 ...orm/dialect_mysql.go:460:GetIndexes() [I] [SQL] SELECT `INDEX_NAME`, `NON_UNIQUE`, `COLUMN_NAME` FROM `INFORMATION_SCHEMA`.`STATISTICS` WHERE `TABLE_SCHEMA` = ? AND `TABLE_NAME` = ? [gitea collaboration]
2020/05/17 21:23:58 ...orm/dialect_mysql.go:320:GetColumns() [I] [SQL] SELECT `COLUMN_NAME`, `IS_NULLABLE`, `COLUMN_DEFAULT`, `COLUMN_TYPE`, `COLUMN_KEY`, `EXTRA`,`COLUMN_COMMENT` FROM `INFORMATION_SCHEMA`.`COLUMNS` WHERE `TABLE_SCHEMA` = ? AND `TABLE_NAME` = ? [gitea access]
2020/05/17 21:23:58 ...orm/dialect_mysql.go:460:GetIndexes() [I] [SQL] SELECT `INDEX_NAME`, `NON_UNIQUE`, `COLUMN_NAME` FROM `INFORMATION_SCHEMA`.`STATISTICS` WHERE `TABLE_SCHEMA` = ? AND `TABLE_NAME` = ? [gitea access]
2020/05/17 21:23:58 ...orm/dialect_mysql.go:320:GetColumns() [I] [SQL] SELECT `COLUMN_NAME`, `IS_NULLABLE`, `COLUMN_DEFAULT`, `COLUMN_TYPE`, `COLUMN_KEY`, `EXTRA`,`COLUMN_COMMENT` FROM `INFORMATION_SCHEMA`.`COLUMNS` WHERE `TABLE_SCHEMA` = ? AND `TABLE_NAME` = ? [gitea upload]
2020/05/17 21:23:58 ...orm/dialect_mysql.go:460:GetIndexes() [I] [SQL] SELECT `INDEX_NAME`, `NON_UNIQUE`, `COLUMN_NAME` FROM `INFORMATION_SCHEMA`.`STATISTICS` WHERE `TABLE_SCHEMA` = ? AND `TABLE_NAME` = ? [gitea upload]
2020/05/17 21:23:58 ...orm/dialect_mysql.go:320:GetColumns() [I] [SQL] SELECT `COLUMN_NAME`, `IS_NULLABLE`, `COLUMN_DEFAULT`, `COLUMN_TYPE`, `COLUMN_KEY`, `EXTRA`,`COLUMN_COMMENT` FROM `INFORMATION_SCHEMA`.`COLUMNS` WHERE `TABLE_SCHEMA` = ? AND `TABLE_NAME` = ? [gitea watch]
2020/05/17 21:23:58 ...orm/dialect_mysql.go:460:GetIndexes() [I] [SQL] SELECT `INDEX_NAME`, `NON_UNIQUE`, `COLUMN_NAME` FROM `INFORMATION_SCHEMA`.`STATISTICS` WHERE `TABLE_SCHEMA` = ? AND `TABLE_NAME` = ? [gitea watch]
2020/05/17 21:23:58 ...orm/dialect_mysql.go:320:GetColumns() [I] [SQL] SELECT `COLUMN_NAME`, `IS_NULLABLE`, `COLUMN_DEFAULT`, `COLUMN_TYPE`, `COLUMN_KEY`, `EXTRA`,`COLUMN_COMMENT` FROM `INFORMATION_SCHEMA`.`COLUMNS` WHERE `TABLE_SCHEMA` = ? AND `TABLE_NAME` = ? [gitea star]
2020/05/17 21:23:58 ...orm/dialect_mysql.go:460:GetIndexes() [I] [SQL] SELECT `INDEX_NAME`, `NON_UNIQUE`, `COLUMN_NAME` FROM `INFORMATION_SCHEMA`.`STATISTICS` WHERE `TABLE_SCHEMA` = ? AND `TABLE_NAME` = ? [gitea star]
2020/05/17 21:23:58 ...orm/dialect_mysql.go:320:GetColumns() [I] [SQL] SELECT `COLUMN_NAME`, `IS_NULLABLE`, `COLUMN_DEFAULT`, `COLUMN_TYPE`, `COLUMN_KEY`, `EXTRA`,`COLUMN_COMMENT` FROM `INFORMATION_SCHEMA`.`COLUMNS` WHERE `TABLE_SCHEMA` = ? AND `TABLE_NAME` = ? [gitea follow]
2020/05/17 21:23:58 ...orm/dialect_mysql.go:460:GetIndexes() [I] [SQL] SELECT `INDEX_NAME`, `NON_UNIQUE`, `COLUMN_NAME` FROM `INFORMATION_SCHEMA`.`STATISTICS` WHERE `TABLE_SCHEMA` = ? AND `TABLE_NAME` = ? [gitea follow]
2020/05/17 21:23:58 ...orm/dialect_mysql.go:320:GetColumns() [I] [SQL] SELECT `COLUMN_NAME`, `IS_NULLABLE`, `COLUMN_DEFAULT`, `COLUMN_TYPE`, `COLUMN_KEY`, `EXTRA`,`COLUMN_COMMENT` FROM `INFORMATION_SCHEMA`.`COLUMNS` WHERE `TABLE_SCHEMA` = ? AND `TABLE_NAME` = ? [gitea action]
2020/05/17 21:23:58 ...orm/dialect_mysql.go:460:GetIndexes() [I] [SQL] SELECT `INDEX_NAME`, `NON_UNIQUE`, `COLUMN_NAME` FROM `INFORMATION_SCHEMA`.`STATISTICS` WHERE `TABLE_SCHEMA` = ? AND `TABLE_NAME` = ? [gitea action]
2020/05/17 21:23:58 ...orm/dialect_mysql.go:320:GetColumns() [I] [SQL] SELECT `COLUMN_NAME`, `IS_NULLABLE`, `COLUMN_DEFAULT`, `COLUMN_TYPE`, `COLUMN_KEY`, `EXTRA`,`COLUMN_COMMENT` FROM `INFORMATION_SCHEMA`.`COLUMNS` WHERE `TABLE_SCHEMA` = ? AND `TABLE_NAME` = ? [gitea issue]
2020/05/17 21:23:58 ...orm/dialect_mysql.go:460:GetIndexes() [I] [SQL] SELECT `INDEX_NAME`, `NON_UNIQUE`, `COLUMN_NAME` FROM `INFORMATION_SCHEMA`.`STATISTICS` WHERE `TABLE_SCHEMA` = ? AND `TABLE_NAME` = ? [gitea issue]
2020/05/17 21:23:58 ...orm/dialect_mysql.go:320:GetColumns() [I] [SQL] SELECT `COLUMN_NAME`, `IS_NULLABLE`, `COLUMN_DEFAULT`, `COLUMN_TYPE`, `COLUMN_KEY`, `EXTRA`,`COLUMN_COMMENT` FROM `INFORMATION_SCHEMA`.`COLUMNS` WHERE `TABLE_SCHEMA` = ? AND `TABLE_NAME` = ? [gitea pull_request]
2020/05/17 21:23:58 ...orm/dialect_mysql.go:460:GetIndexes() [I] [SQL] SELECT `INDEX_NAME`, `NON_UNIQUE`, `COLUMN_NAME` FROM `INFORMATION_SCHEMA`.`STATISTICS` WHERE `TABLE_SCHEMA` = ? AND `TABLE_NAME` = ? [gitea pull_request]
2020/05/17 21:23:58 ...orm/dialect_mysql.go:320:GetColumns() [I] [SQL] SELECT `COLUMN_NAME`, `IS_NULLABLE`, `COLUMN_DEFAULT`, `COLUMN_TYPE`, `COLUMN_KEY`, `EXTRA`,`COLUMN_COMMENT` FROM `INFORMATION_SCHEMA`.`COLUMNS` WHERE `TABLE_SCHEMA` = ? AND `TABLE_NAME` = ? [gitea comment]
2020/05/17 21:23:58 ...orm/dialect_mysql.go:460:GetIndexes() [I] [SQL] SELECT `INDEX_NAME`, `NON_UNIQUE`, `COLUMN_NAME` FROM `INFORMATION_SCHEMA`.`STATISTICS` WHERE `TABLE_SCHEMA` = ? AND `TABLE_NAME` = ? [gitea comment]
2020/05/17 21:23:58 ...orm/dialect_mysql.go:320:GetColumns() [I] [SQL] SELECT `COLUMN_NAME`, `IS_NULLABLE`, `COLUMN_DEFAULT`, `COLUMN_TYPE`, `COLUMN_KEY`, `EXTRA`,`COLUMN_COMMENT` FROM `INFORMATION_SCHEMA`.`COLUMNS` WHERE `TABLE_SCHEMA` = ? AND `TABLE_NAME` = ? [gitea attachment]
2020/05/17 21:23:58 ...orm/dialect_mysql.go:460:GetIndexes() [I] [SQL] SELECT `INDEX_NAME`, `NON_UNIQUE`, `COLUMN_NAME` FROM `INFORMATION_SCHEMA`.`STATISTICS` WHERE `TABLE_SCHEMA` = ? AND `TABLE_NAME` = ? [gitea attachment]
2020/05/17 21:23:58 ...orm/dialect_mysql.go:320:GetColumns() [I] [SQL] SELECT `COLUMN_NAME`, `IS_NULLABLE`, `COLUMN_DEFAULT`, `COLUMN_TYPE`, `COLUMN_KEY`, `EXTRA`,`COLUMN_COMMENT` FROM `INFORMATION_SCHEMA`.`COLUMNS` WHERE `TABLE_SCHEMA` = ? AND `TABLE_NAME` = ? [gitea label]
2020/05/17 21:23:58 ...orm/dialect_mysql.go:460:GetIndexes() [I] [SQL] SELECT `INDEX_NAME`, `NON_UNIQUE`, `COLUMN_NAME` FROM `INFORMATION_SCHEMA`.`STATISTICS` WHERE `TABLE_SCHEMA` = ? AND `TABLE_NAME` = ? [gitea label]
2020/05/17 21:23:58 ...orm/dialect_mysql.go:320:GetColumns() [I] [SQL] SELECT `COLUMN_NAME`, `IS_NULLABLE`, `COLUMN_DEFAULT`, `COLUMN_TYPE`, `COLUMN_KEY`, `EXTRA`,`COLUMN_COMMENT` FROM `INFORMATION_SCHEMA`.`COLUMNS` WHERE `TABLE_SCHEMA` = ? AND `TABLE_NAME` = ? [gitea issue_label]
2020/05/17 21:23:58 ...orm/dialect_mysql.go:460:GetIndexes() [I] [SQL] SELECT `INDEX_NAME`, `NON_UNIQUE`, `COLUMN_NAME` FROM `INFORMATION_SCHEMA`.`STATISTICS` WHERE `TABLE_SCHEMA` = ? AND `TABLE_NAME` = ? [gitea issue_label]
2020/05/17 21:23:58 ...orm/dialect_mysql.go:320:GetColumns() [I] [SQL] SELECT `COLUMN_NAME`, `IS_NULLABLE`, `COLUMN_DEFAULT`, `COLUMN_TYPE`, `COLUMN_KEY`, `EXTRA`,`COLUMN_COMMENT` FROM `INFORMATION_SCHEMA`.`COLUMNS` WHERE `TABLE_SCHEMA` = ? AND `TABLE_NAME` = ? [gitea milestone]
2020/05/17 21:23:58 ...orm/dialect_mysql.go:460:GetIndexes() [I] [SQL] SELECT `INDEX_NAME`, `NON_UNIQUE`, `COLUMN_NAME` FROM `INFORMATION_SCHEMA`.`STATISTICS` WHERE `TABLE_SCHEMA` = ? AND `TABLE_NAME` = ? [gitea milestone]
2020/05/17 21:23:58 ...orm/dialect_mysql.go:320:GetColumns() [I] [SQL] SELECT `COLUMN_NAME`, `IS_NULLABLE`, `COLUMN_DEFAULT`, `COLUMN_TYPE`, `COLUMN_KEY`, `EXTRA`,`COLUMN_COMMENT` FROM `INFORMATION_SCHEMA`.`COLUMNS` WHERE `TABLE_SCHEMA` = ? AND `TABLE_NAME` = ? [gitea mirror]
2020/05/17 21:23:58 ...orm/dialect_mysql.go:460:GetIndexes() [I] [SQL] SELECT `INDEX_NAME`, `NON_UNIQUE`, `COLUMN_NAME` FROM `INFORMATION_SCHEMA`.`STATISTICS` WHERE `TABLE_SCHEMA` = ? AND `TABLE_NAME` = ? [gitea mirror]
2020/05/17 21:23:58 ...orm/dialect_mysql.go:320:GetColumns() [I] [SQL] SELECT `COLUMN_NAME`, `IS_NULLABLE`, `COLUMN_DEFAULT`, `COLUMN_TYPE`, `COLUMN_KEY`, `EXTRA`,`COLUMN_COMMENT` FROM `INFORMATION_SCHEMA`.`COLUMNS` WHERE `TABLE_SCHEMA` = ? AND `TABLE_NAME` = ? [gitea release]
2020/05/17 21:23:58 ...orm/dialect_mysql.go:460:GetIndexes() [I] [SQL] SELECT `INDEX_NAME`, `NON_UNIQUE`, `COLUMN_NAME` FROM `INFORMATION_SCHEMA`.`STATISTICS` WHERE `TABLE_SCHEMA` = ? AND `TABLE_NAME` = ? [gitea release]
2020/05/17 21:23:58 ...orm/dialect_mysql.go:320:GetColumns() [I] [SQL] SELECT `COLUMN_NAME`, `IS_NULLABLE`, `COLUMN_DEFAULT`, `COLUMN_TYPE`, `COLUMN_KEY`, `EXTRA`,`COLUMN_COMMENT` FROM `INFORMATION_SCHEMA`.`COLUMNS` WHERE `TABLE_SCHEMA` = ? AND `TABLE_NAME` = ? [gitea login_source]
2020/05/17 21:23:58 ...orm/dialect_mysql.go:460:GetIndexes() [I] [SQL] SELECT `INDEX_NAME`, `NON_UNIQUE`, `COLUMN_NAME` FROM `INFORMATION_SCHEMA`.`STATISTICS` WHERE `TABLE_SCHEMA` = ? AND `TABLE_NAME` = ? [gitea login_source]
2020/05/17 21:23:58 ...orm/dialect_mysql.go:320:GetColumns() [I] [SQL] SELECT `COLUMN_NAME`, `IS_NULLABLE`, `COLUMN_DEFAULT`, `COLUMN_TYPE`, `COLUMN_KEY`, `EXTRA`,`COLUMN_COMMENT` FROM `INFORMATION_SCHEMA`.`COLUMNS` WHERE `TABLE_SCHEMA` = ? AND `TABLE_NAME` = ? [gitea webhook]
2020/05/17 21:23:58 ...orm/dialect_mysql.go:460:GetIndexes() [I] [SQL] SELECT `INDEX_NAME`, `NON_UNIQUE`, `COLUMN_NAME` FROM `INFORMATION_SCHEMA`.`STATISTICS` WHERE `TABLE_SCHEMA` = ? AND `TABLE_NAME` = ? [gitea webhook]
2020/05/17 21:23:58 ...orm/dialect_mysql.go:320:GetColumns() [I] [SQL] SELECT `COLUMN_NAME`, `IS_NULLABLE`, `COLUMN_DEFAULT`, `COLUMN_TYPE`, `COLUMN_KEY`, `EXTRA`,`COLUMN_COMMENT` FROM `INFORMATION_SCHEMA`.`COLUMNS` WHERE `TABLE_SCHEMA` = ? AND `TABLE_NAME` = ? [gitea hook_task]
2020/05/17 21:23:58 ...orm/dialect_mysql.go:460:GetIndexes() [I] [SQL] SELECT `INDEX_NAME`, `NON_UNIQUE`, `COLUMN_NAME` FROM `INFORMATION_SCHEMA`.`STATISTICS` WHERE `TABLE_SCHEMA` = ? AND `TABLE_NAME` = ? [gitea hook_task]
2020/05/17 21:23:58 ...orm/dialect_mysql.go:320:GetColumns() [I] [SQL] SELECT `COLUMN_NAME`, `IS_NULLABLE`, `COLUMN_DEFAULT`, `COLUMN_TYPE`, `COLUMN_KEY`, `EXTRA`,`COLUMN_COMMENT` FROM `INFORMATION_SCHEMA`.`COLUMNS` WHERE `TABLE_SCHEMA` = ? AND `TABLE_NAME` = ? [gitea team]
2020/05/17 21:23:58 ...orm/dialect_mysql.go:460:GetIndexes() [I] [SQL] SELECT `INDEX_NAME`, `NON_UNIQUE`, `COLUMN_NAME` FROM `INFORMATION_SCHEMA`.`STATISTICS` WHERE `TABLE_SCHEMA` = ? AND `TABLE_NAME` = ? [gitea team]
2020/05/17 21:23:58 ...orm/dialect_mysql.go:320:GetColumns() [I] [SQL] SELECT `COLUMN_NAME`, `IS_NULLABLE`, `COLUMN_DEFAULT`, `COLUMN_TYPE`, `COLUMN_KEY`, `EXTRA`,`COLUMN_COMMENT` FROM `INFORMATION_SCHEMA`.`COLUMNS` WHERE `TABLE_SCHEMA` = ? AND `TABLE_NAME` = ? [gitea org_user]
2020/05/17 21:23:58 ...orm/dialect_mysql.go:460:GetIndexes() [I] [SQL] SELECT `INDEX_NAME`, `NON_UNIQUE`, `COLUMN_NAME` FROM `INFORMATION_SCHEMA`.`STATISTICS` WHERE `TABLE_SCHEMA` = ? AND `TABLE_NAME` = ? [gitea org_user]
2020/05/17 21:23:58 ...orm/dialect_mysql.go:320:GetColumns() [I] [SQL] SELECT `COLUMN_NAME`, `IS_NULLABLE`, `COLUMN_DEFAULT`, `COLUMN_TYPE`, `COLUMN_KEY`, `EXTRA`,`COLUMN_COMMENT` FROM `INFORMATION_SCHEMA`.`COLUMNS` WHERE `TABLE_SCHEMA` = ? AND `TABLE_NAME` = ? [gitea team_user]
2020/05/17 21:23:58 ...orm/dialect_mysql.go:460:GetIndexes() [I] [SQL] SELECT `INDEX_NAME`, `NON_UNIQUE`, `COLUMN_NAME` FROM `INFORMATION_SCHEMA`.`STATISTICS` WHERE `TABLE_SCHEMA` = ? AND `TABLE_NAME` = ? [gitea team_user]
2020/05/17 21:23:58 ...orm/dialect_mysql.go:320:GetColumns() [I] [SQL] SELECT `COLUMN_NAME`, `IS_NULLABLE`, `COLUMN_DEFAULT`, `COLUMN_TYPE`, `COLUMN_KEY`, `EXTRA`,`COLUMN_COMMENT` FROM `INFORMATION_SCHEMA`.`COLUMNS` WHERE `TABLE_SCHEMA` = ? AND `TABLE_NAME` = ? [gitea team_repo]
2020/05/17 21:23:58 ...orm/dialect_mysql.go:460:GetIndexes() [I] [SQL] SELECT `INDEX_NAME`, `NON_UNIQUE`, `COLUMN_NAME` FROM `INFORMATION_SCHEMA`.`STATISTICS` WHERE `TABLE_SCHEMA` = ? AND `TABLE_NAME` = ? [gitea team_repo]
2020/05/17 21:23:58 ...orm/dialect_mysql.go:320:GetColumns() [I] [SQL] SELECT `COLUMN_NAME`, `IS_NULLABLE`, `COLUMN_DEFAULT`, `COLUMN_TYPE`, `COLUMN_KEY`, `EXTRA`,`COLUMN_COMMENT` FROM `INFORMATION_SCHEMA`.`COLUMNS` WHERE `TABLE_SCHEMA` = ? AND `TABLE_NAME` = ? [gitea notice]
2020/05/17 21:23:58 ...orm/dialect_mysql.go:460:GetIndexes() [I] [SQL] SELECT `INDEX_NAME`, `NON_UNIQUE`, `COLUMN_NAME` FROM `INFORMATION_SCHEMA`.`STATISTICS` WHERE `TABLE_SCHEMA` = ? AND `TABLE_NAME` = ? [gitea notice]
2020/05/17 21:23:58 ...orm/dialect_mysql.go:320:GetColumns() [I] [SQL] SELECT `COLUMN_NAME`, `IS_NULLABLE`, `COLUMN_DEFAULT`, `COLUMN_TYPE`, `COLUMN_KEY`, `EXTRA`,`COLUMN_COMMENT` FROM `INFORMATION_SCHEMA`.`COLUMNS` WHERE `TABLE_SCHEMA` = ? AND `TABLE_NAME` = ? [gitea email_address]
2020/05/17 21:23:58 ...orm/dialect_mysql.go:460:GetIndexes() [I] [SQL] SELECT `INDEX_NAME`, `NON_UNIQUE`, `COLUMN_NAME` FROM `INFORMATION_SCHEMA`.`STATISTICS` WHERE `TABLE_SCHEMA` = ? AND `TABLE_NAME` = ? [gitea email_address]
2020/05/17 21:23:58 ...orm/dialect_mysql.go:320:GetColumns() [I] [SQL] SELECT `COLUMN_NAME`, `IS_NULLABLE`, `COLUMN_DEFAULT`, `COLUMN_TYPE`, `COLUMN_KEY`, `EXTRA`,`COLUMN_COMMENT` FROM `INFORMATION_SCHEMA`.`COLUMNS` WHERE `TABLE_SCHEMA` = ? AND `TABLE_NAME` = ? [gitea notification]
2020/05/17 21:23:58 ...orm/dialect_mysql.go:460:GetIndexes() [I] [SQL] SELECT `INDEX_NAME`, `NON_UNIQUE`, `COLUMN_NAME` FROM `INFORMATION_SCHEMA`.`STATISTICS` WHERE `TABLE_SCHEMA` = ? AND `TABLE_NAME` = ? [gitea notification]
2020/05/17 21:23:58 ...orm/dialect_mysql.go:320:GetColumns() [I] [SQL] SELECT `COLUMN_NAME`, `IS_NULLABLE`, `COLUMN_DEFAULT`, `COLUMN_TYPE`, `COLUMN_KEY`, `EXTRA`,`COLUMN_COMMENT` FROM `INFORMATION_SCHEMA`.`COLUMNS` WHERE `TABLE_SCHEMA` = ? AND `TABLE_NAME` = ? [gitea issue_user]
2020/05/17 21:23:58 ...orm/dialect_mysql.go:460:GetIndexes() [I] [SQL] SELECT `INDEX_NAME`, `NON_UNIQUE`, `COLUMN_NAME` FROM `INFORMATION_SCHEMA`.`STATISTICS` WHERE `TABLE_SCHEMA` = ? AND `TABLE_NAME` = ? [gitea issue_user]
2020/05/17 21:23:58 ...orm/dialect_mysql.go:320:GetColumns() [I] [SQL] SELECT `COLUMN_NAME`, `IS_NULLABLE`, `COLUMN_DEFAULT`, `COLUMN_TYPE`, `COLUMN_KEY`, `EXTRA`,`COLUMN_COMMENT` FROM `INFORMATION_SCHEMA`.`COLUMNS` WHERE `TABLE_SCHEMA` = ? AND `TABLE_NAME` = ? [gitea lfs_meta_object]
2020/05/17 21:23:58 ...orm/dialect_mysql.go:460:GetIndexes() [I] [SQL] SELECT `INDEX_NAME`, `NON_UNIQUE`, `COLUMN_NAME` FROM `INFORMATION_SCHEMA`.`STATISTICS` WHERE `TABLE_SCHEMA` = ? AND `TABLE_NAME` = ? [gitea lfs_meta_object]
2020/05/17 21:23:58 ...orm/dialect_mysql.go:320:GetColumns() [I] [SQL] SELECT `COLUMN_NAME`, `IS_NULLABLE`, `COLUMN_DEFAULT`, `COLUMN_TYPE`, `COLUMN_KEY`, `EXTRA`,`COLUMN_COMMENT` FROM `INFORMATION_SCHEMA`.`COLUMNS` WHERE `TABLE_SCHEMA` = ? AND `TABLE_NAME` = ? [gitea two_factor]
2020/05/17 21:23:58 ...orm/dialect_mysql.go:460:GetIndexes() [I] [SQL] SELECT `INDEX_NAME`, `NON_UNIQUE`, `COLUMN_NAME` FROM `INFORMATION_SCHEMA`.`STATISTICS` WHERE `TABLE_SCHEMA` = ? AND `TABLE_NAME` = ? [gitea two_factor]
2020/05/17 21:23:58 ...orm/dialect_mysql.go:320:GetColumns() [I] [SQL] SELECT `COLUMN_NAME`, `IS_NULLABLE`, `COLUMN_DEFAULT`, `COLUMN_TYPE`, `COLUMN_KEY`, `EXTRA`,`COLUMN_COMMENT` FROM `INFORMATION_SCHEMA`.`COLUMNS` WHERE `TABLE_SCHEMA` = ? AND `TABLE_NAME` = ? [gitea gpg_key]
2020/05/17 21:23:58 ...orm/dialect_mysql.go:460:GetIndexes() [I] [SQL] SELECT `INDEX_NAME`, `NON_UNIQUE`, `COLUMN_NAME` FROM `INFORMATION_SCHEMA`.`STATISTICS` WHERE `TABLE_SCHEMA` = ? AND `TABLE_NAME` = ? [gitea gpg_key]
2020/05/17 21:23:58 ...orm/dialect_mysql.go:320:GetColumns() [I] [SQL] SELECT `COLUMN_NAME`, `IS_NULLABLE`, `COLUMN_DEFAULT`, `COLUMN_TYPE`, `COLUMN_KEY`, `EXTRA`,`COLUMN_COMMENT` FROM `INFORMATION_SCHEMA`.`COLUMNS` WHERE `TABLE_SCHEMA` = ? AND `TABLE_NAME` = ? [gitea gpg_key_import]
2020/05/17 21:23:58 ...orm/dialect_mysql.go:460:GetIndexes() [I] [SQL] SELECT `INDEX_NAME`, `NON_UNIQUE`, `COLUMN_NAME` FROM `INFORMATION_SCHEMA`.`STATISTICS` WHERE `TABLE_SCHEMA` = ? AND `TABLE_NAME` = ? [gitea gpg_key_import]
2020/05/17 21:23:58 ...orm/dialect_mysql.go:320:GetColumns() [I] [SQL] SELECT `COLUMN_NAME`, `IS_NULLABLE`, `COLUMN_DEFAULT`, `COLUMN_TYPE`, `COLUMN_KEY`, `EXTRA`,`COLUMN_COMMENT` FROM `INFORMATION_SCHEMA`.`COLUMNS` WHERE `TABLE_SCHEMA` = ? AND `TABLE_NAME` = ? [gitea repo_unit]
2020/05/17 21:23:58 ...orm/dialect_mysql.go:460:GetIndexes() [I] [SQL] SELECT `INDEX_NAME`, `NON_UNIQUE`, `COLUMN_NAME` FROM `INFORMATION_SCHEMA`.`STATISTICS` WHERE `TABLE_SCHEMA` = ? AND `TABLE_NAME` = ? [gitea repo_unit]
2020/05/17 21:23:58 ...orm/dialect_mysql.go:320:GetColumns() [I] [SQL] SELECT `COLUMN_NAME`, `IS_NULLABLE`, `COLUMN_DEFAULT`, `COLUMN_TYPE`, `COLUMN_KEY`, `EXTRA`,`COLUMN_COMMENT` FROM `INFORMATION_SCHEMA`.`COLUMNS` WHERE `TABLE_SCHEMA` = ? AND `TABLE_NAME` = ? [gitea repo_redirect]
2020/05/17 21:23:58 ...orm/dialect_mysql.go:460:GetIndexes() [I] [SQL] SELECT `INDEX_NAME`, `NON_UNIQUE`, `COLUMN_NAME` FROM `INFORMATION_SCHEMA`.`STATISTICS` WHERE `TABLE_SCHEMA` = ? AND `TABLE_NAME` = ? [gitea repo_redirect]
2020/05/17 21:23:58 ...orm/dialect_mysql.go:320:GetColumns() [I] [SQL] SELECT `COLUMN_NAME`, `IS_NULLABLE`, `COLUMN_DEFAULT`, `COLUMN_TYPE`, `COLUMN_KEY`, `EXTRA`,`COLUMN_COMMENT` FROM `INFORMATION_SCHEMA`.`COLUMNS` WHERE `TABLE_SCHEMA` = ? AND `TABLE_NAME` = ? [gitea external_login_user]
2020/05/17 21:23:58 ...orm/dialect_mysql.go:460:GetIndexes() [I] [SQL] SELECT `INDEX_NAME`, `NON_UNIQUE`, `COLUMN_NAME` FROM `INFORMATION_SCHEMA`.`STATISTICS` WHERE `TABLE_SCHEMA` = ? AND `TABLE_NAME` = ? [gitea external_login_user]
2020/05/17 21:23:58 ...orm/dialect_mysql.go:320:GetColumns() [I] [SQL] SELECT `COLUMN_NAME`, `IS_NULLABLE`, `COLUMN_DEFAULT`, `COLUMN_TYPE`, `COLUMN_KEY`, `EXTRA`,`COLUMN_COMMENT` FROM `INFORMATION_SCHEMA`.`COLUMNS` WHERE `TABLE_SCHEMA` = ? AND `TABLE_NAME` = ? [gitea protected_branch]
2020/05/17 21:23:58 ...orm/dialect_mysql.go:460:GetIndexes() [I] [SQL] SELECT `INDEX_NAME`, `NON_UNIQUE`, `COLUMN_NAME` FROM `INFORMATION_SCHEMA`.`STATISTICS` WHERE `TABLE_SCHEMA` = ? AND `TABLE_NAME` = ? [gitea protected_branch]
2020/05/17 21:23:58 ...orm/dialect_mysql.go:320:GetColumns() [I] [SQL] SELECT `COLUMN_NAME`, `IS_NULLABLE`, `COLUMN_DEFAULT`, `COLUMN_TYPE`, `COLUMN_KEY`, `EXTRA`,`COLUMN_COMMENT` FROM `INFORMATION_SCHEMA`.`COLUMNS` WHERE `TABLE_SCHEMA` = ? AND `TABLE_NAME` = ? [gitea user_open_id]
2020/05/17 21:23:58 ...orm/dialect_mysql.go:460:GetIndexes() [I] [SQL] SELECT `INDEX_NAME`, `NON_UNIQUE`, `COLUMN_NAME` FROM `INFORMATION_SCHEMA`.`STATISTICS` WHERE `TABLE_SCHEMA` = ? AND `TABLE_NAME` = ? [gitea user_open_id]
2020/05/17 21:23:58 ...orm/dialect_mysql.go:320:GetColumns() [I] [SQL] SELECT `COLUMN_NAME`, `IS_NULLABLE`, `COLUMN_DEFAULT`, `COLUMN_TYPE`, `COLUMN_KEY`, `EXTRA`,`COLUMN_COMMENT` FROM `INFORMATION_SCHEMA`.`COLUMNS` WHERE `TABLE_SCHEMA` = ? AND `TABLE_NAME` = ? [gitea issue_watch]
2020/05/17 21:23:58 ...orm/dialect_mysql.go:460:GetIndexes() [I] [SQL] SELECT `INDEX_NAME`, `NON_UNIQUE`, `COLUMN_NAME` FROM `INFORMATION_SCHEMA`.`STATISTICS` WHERE `TABLE_SCHEMA` = ? AND `TABLE_NAME` = ? [gitea issue_watch]
2020/05/17 21:23:58 ...orm/dialect_mysql.go:320:GetColumns() [I] [SQL] SELECT `COLUMN_NAME`, `IS_NULLABLE`, `COLUMN_DEFAULT`, `COLUMN_TYPE`, `COLUMN_KEY`, `EXTRA`,`COLUMN_COMMENT` FROM `INFORMATION_SCHEMA`.`COLUMNS` WHERE `TABLE_SCHEMA` = ? AND `TABLE_NAME` = ? [gitea commit_status]
2020/05/17 21:23:58 ...orm/dialect_mysql.go:460:GetIndexes() [I] [SQL] SELECT `INDEX_NAME`, `NON_UNIQUE`, `COLUMN_NAME` FROM `INFORMATION_SCHEMA`.`STATISTICS` WHERE `TABLE_SCHEMA` = ? AND `TABLE_NAME` = ? [gitea commit_status]
2020/05/17 21:23:58 ...orm/dialect_mysql.go:320:GetColumns() [I] [SQL] SELECT `COLUMN_NAME`, `IS_NULLABLE`, `COLUMN_DEFAULT`, `COLUMN_TYPE`, `COLUMN_KEY`, `EXTRA`,`COLUMN_COMMENT` FROM `INFORMATION_SCHEMA`.`COLUMNS` WHERE `TABLE_SCHEMA` = ? AND `TABLE_NAME` = ? [gitea stopwatch]
2020/05/17 21:23:58 ...orm/dialect_mysql.go:460:GetIndexes() [I] [SQL] SELECT `INDEX_NAME`, `NON_UNIQUE`, `COLUMN_NAME` FROM `INFORMATION_SCHEMA`.`STATISTICS` WHERE `TABLE_SCHEMA` = ? AND `TABLE_NAME` = ? [gitea stopwatch]
2020/05/17 21:23:58 ...orm/dialect_mysql.go:320:GetColumns() [I] [SQL] SELECT `COLUMN_NAME`, `IS_NULLABLE`, `COLUMN_DEFAULT`, `COLUMN_TYPE`, `COLUMN_KEY`, `EXTRA`,`COLUMN_COMMENT` FROM `INFORMATION_SCHEMA`.`COLUMNS` WHERE `TABLE_SCHEMA` = ? AND `TABLE_NAME` = ? [gitea tracked_time]
2020/05/17 21:23:58 ...orm/dialect_mysql.go:460:GetIndexes() [I] [SQL] SELECT `INDEX_NAME`, `NON_UNIQUE`, `COLUMN_NAME` FROM `INFORMATION_SCHEMA`.`STATISTICS` WHERE `TABLE_SCHEMA` = ? AND `TABLE_NAME` = ? [gitea tracked_time]
2020/05/17 21:23:58 ...orm/dialect_mysql.go:320:GetColumns() [I] [SQL] SELECT `COLUMN_NAME`, `IS_NULLABLE`, `COLUMN_DEFAULT`, `COLUMN_TYPE`, `COLUMN_KEY`, `EXTRA`,`COLUMN_COMMENT` FROM `INFORMATION_SCHEMA`.`COLUMNS` WHERE `TABLE_SCHEMA` = ? AND `TABLE_NAME` = ? [gitea deleted_branch]
2020/05/17 21:23:58 ...orm/dialect_mysql.go:460:GetIndexes() [I] [SQL] SELECT `INDEX_NAME`, `NON_UNIQUE`, `COLUMN_NAME` FROM `INFORMATION_SCHEMA`.`STATISTICS` WHERE `TABLE_SCHEMA` = ? AND `TABLE_NAME` = ? [gitea deleted_branch]
2020/05/17 21:23:58 ...orm/dialect_mysql.go:320:GetColumns() [I] [SQL] SELECT `COLUMN_NAME`, `IS_NULLABLE`, `COLUMN_DEFAULT`, `COLUMN_TYPE`, `COLUMN_KEY`, `EXTRA`,`COLUMN_COMMENT` FROM `INFORMATION_SCHEMA`.`COLUMNS` WHERE `TABLE_SCHEMA` = ? AND `TABLE_NAME` = ? [gitea repo_indexer_status]
2020/05/17 21:23:58 ...orm/dialect_mysql.go:460:GetIndexes() [I] [SQL] SELECT `INDEX_NAME`, `NON_UNIQUE`, `COLUMN_NAME` FROM `INFORMATION_SCHEMA`.`STATISTICS` WHERE `TABLE_SCHEMA` = ? AND `TABLE_NAME` = ? [gitea repo_indexer_status]
2020/05/17 21:23:58 ...orm/dialect_mysql.go:320:GetColumns() [I] [SQL] SELECT `COLUMN_NAME`, `IS_NULLABLE`, `COLUMN_DEFAULT`, `COLUMN_TYPE`, `COLUMN_KEY`, `EXTRA`,`COLUMN_COMMENT` FROM `INFORMATION_SCHEMA`.`COLUMNS` WHERE `TABLE_SCHEMA` = ? AND `TABLE_NAME` = ? [gitea issue_dependency]
2020/05/17 21:23:58 ...orm/dialect_mysql.go:460:GetIndexes() [I] [SQL] SELECT `INDEX_NAME`, `NON_UNIQUE`, `COLUMN_NAME` FROM `INFORMATION_SCHEMA`.`STATISTICS` WHERE `TABLE_SCHEMA` = ? AND `TABLE_NAME` = ? [gitea issue_dependency]
2020/05/17 21:23:58 ...orm/dialect_mysql.go:320:GetColumns() [I] [SQL] SELECT `COLUMN_NAME`, `IS_NULLABLE`, `COLUMN_DEFAULT`, `COLUMN_TYPE`, `COLUMN_KEY`, `EXTRA`,`COLUMN_COMMENT` FROM `INFORMATION_SCHEMA`.`COLUMNS` WHERE `TABLE_SCHEMA` = ? AND `TABLE_NAME` = ? [gitea lfs_lock]
2020/05/17 21:23:58 ...orm/dialect_mysql.go:460:GetIndexes() [I] [SQL] SELECT `INDEX_NAME`, `NON_UNIQUE`, `COLUMN_NAME` FROM `INFORMATION_SCHEMA`.`STATISTICS` WHERE `TABLE_SCHEMA` = ? AND `TABLE_NAME` = ? [gitea lfs_lock]
2020/05/17 21:23:58 ...orm/dialect_mysql.go:320:GetColumns() [I] [SQL] SELECT `COLUMN_NAME`, `IS_NULLABLE`, `COLUMN_DEFAULT`, `COLUMN_TYPE`, `COLUMN_KEY`, `EXTRA`,`COLUMN_COMMENT` FROM `INFORMATION_SCHEMA`.`COLUMNS` WHERE `TABLE_SCHEMA` = ? AND `TABLE_NAME` = ? [gitea reaction]
2020/05/17 21:23:58 ...orm/dialect_mysql.go:460:GetIndexes() [I] [SQL] SELECT `INDEX_NAME`, `NON_UNIQUE`, `COLUMN_NAME` FROM `INFORMATION_SCHEMA`.`STATISTICS` WHERE `TABLE_SCHEMA` = ? AND `TABLE_NAME` = ? [gitea reaction]
2020/05/17 21:23:58 ...orm/dialect_mysql.go:320:GetColumns() [I] [SQL] SELECT `COLUMN_NAME`, `IS_NULLABLE`, `COLUMN_DEFAULT`, `COLUMN_TYPE`, `COLUMN_KEY`, `EXTRA`,`COLUMN_COMMENT` FROM `INFORMATION_SCHEMA`.`COLUMNS` WHERE `TABLE_SCHEMA` = ? AND `TABLE_NAME` = ? [gitea issue_assignees]
2020/05/17 21:23:58 ...orm/dialect_mysql.go:460:GetIndexes() [I] [SQL] SELECT `INDEX_NAME`, `NON_UNIQUE`, `COLUMN_NAME` FROM `INFORMATION_SCHEMA`.`STATISTICS` WHERE `TABLE_SCHEMA` = ? AND `TABLE_NAME` = ? [gitea issue_assignees]
2020/05/17 21:23:58 ...orm/dialect_mysql.go:320:GetColumns() [I] [SQL] SELECT `COLUMN_NAME`, `IS_NULLABLE`, `COLUMN_DEFAULT`, `COLUMN_TYPE`, `COLUMN_KEY`, `EXTRA`,`COLUMN_COMMENT` FROM `INFORMATION_SCHEMA`.`COLUMNS` WHERE `TABLE_SCHEMA` = ? AND `TABLE_NAME` = ? [gitea u2f_registration]
2020/05/17 21:23:58 ...orm/dialect_mysql.go:460:GetIndexes() [I] [SQL] SELECT `INDEX_NAME`, `NON_UNIQUE`, `COLUMN_NAME` FROM `INFORMATION_SCHEMA`.`STATISTICS` WHERE `TABLE_SCHEMA` = ? AND `TABLE_NAME` = ? [gitea u2f_registration]
2020/05/17 21:23:58 ...orm/dialect_mysql.go:320:GetColumns() [I] [SQL] SELECT `COLUMN_NAME`, `IS_NULLABLE`, `COLUMN_DEFAULT`, `COLUMN_TYPE`, `COLUMN_KEY`, `EXTRA`,`COLUMN_COMMENT` FROM `INFORMATION_SCHEMA`.`COLUMNS` WHERE `TABLE_SCHEMA` = ? AND `TABLE_NAME` = ? [gitea team_unit]
2020/05/17 21:23:58 ...orm/dialect_mysql.go:460:GetIndexes() [I] [SQL] SELECT `INDEX_NAME`, `NON_UNIQUE`, `COLUMN_NAME` FROM `INFORMATION_SCHEMA`.`STATISTICS` WHERE `TABLE_SCHEMA` = ? AND `TABLE_NAME` = ? [gitea team_unit]
2020/05/17 21:23:58 ...orm/dialect_mysql.go:320:GetColumns() [I] [SQL] SELECT `COLUMN_NAME`, `IS_NULLABLE`, `COLUMN_DEFAULT`, `COLUMN_TYPE`, `COLUMN_KEY`, `EXTRA`,`COLUMN_COMMENT` FROM `INFORMATION_SCHEMA`.`COLUMNS` WHERE `TABLE_SCHEMA` = ? AND `TABLE_NAME` = ? [gitea review]
2020/05/17 21:23:58 ...orm/dialect_mysql.go:460:GetIndexes() [I] [SQL] SELECT `INDEX_NAME`, `NON_UNIQUE`, `COLUMN_NAME` FROM `INFORMATION_SCHEMA`.`STATISTICS` WHERE `TABLE_SCHEMA` = ? AND `TABLE_NAME` = ? [gitea review]
2020/05/17 21:23:58 ...orm/dialect_mysql.go:320:GetColumns() [I] [SQL] SELECT `COLUMN_NAME`, `IS_NULLABLE`, `COLUMN_DEFAULT`, `COLUMN_TYPE`, `COLUMN_KEY`, `EXTRA`,`COLUMN_COMMENT` FROM `INFORMATION_SCHEMA`.`COLUMNS` WHERE `TABLE_SCHEMA` = ? AND `TABLE_NAME` = ? [gitea oauth2_application]
2020/05/17 21:23:58 ...orm/dialect_mysql.go:460:GetIndexes() [I] [SQL] SELECT `INDEX_NAME`, `NON_UNIQUE`, `COLUMN_NAME` FROM `INFORMATION_SCHEMA`.`STATISTICS` WHERE `TABLE_SCHEMA` = ? AND `TABLE_NAME` = ? [gitea oauth2_application]
2020/05/17 21:23:58 ...orm/dialect_mysql.go:320:GetColumns() [I] [SQL] SELECT `COLUMN_NAME`, `IS_NULLABLE`, `COLUMN_DEFAULT`, `COLUMN_TYPE`, `COLUMN_KEY`, `EXTRA`,`COLUMN_COMMENT` FROM `INFORMATION_SCHEMA`.`COLUMNS` WHERE `TABLE_SCHEMA` = ? AND `TABLE_NAME` = ? [gitea oauth2_authorization_code]
2020/05/17 21:23:58 ...orm/dialect_mysql.go:460:GetIndexes() [I] [SQL] SELECT `INDEX_NAME`, `NON_UNIQUE`, `COLUMN_NAME` FROM `INFORMATION_SCHEMA`.`STATISTICS` WHERE `TABLE_SCHEMA` = ? AND `TABLE_NAME` = ? [gitea oauth2_authorization_code]
2020/05/17 21:23:58 ...orm/dialect_mysql.go:320:GetColumns() [I] [SQL] SELECT `COLUMN_NAME`, `IS_NULLABLE`, `COLUMN_DEFAULT`, `COLUMN_TYPE`, `COLUMN_KEY`, `EXTRA`,`COLUMN_COMMENT` FROM `INFORMATION_SCHEMA`.`COLUMNS` WHERE `TABLE_SCHEMA` = ? AND `TABLE_NAME` = ? [gitea oauth2_grant]
2020/05/17 21:23:58 ...orm/dialect_mysql.go:460:GetIndexes() [I] [SQL] SELECT `INDEX_NAME`, `NON_UNIQUE`, `COLUMN_NAME` FROM `INFORMATION_SCHEMA`.`STATISTICS` WHERE `TABLE_SCHEMA` = ? AND `TABLE_NAME` = ? [gitea oauth2_grant]
2020/05/17 21:23:58 ...orm/dialect_mysql.go:320:GetColumns() [I] [SQL] SELECT `COLUMN_NAME`, `IS_NULLABLE`, `COLUMN_DEFAULT`, `COLUMN_TYPE`, `COLUMN_KEY`, `EXTRA`,`COLUMN_COMMENT` FROM `INFORMATION_SCHEMA`.`COLUMNS` WHERE `TABLE_SCHEMA` = ? AND `TABLE_NAME` = ? [gitea task]
2020/05/17 21:23:58 ...orm/dialect_mysql.go:460:GetIndexes() [I] [SQL] SELECT `INDEX_NAME`, `NON_UNIQUE`, `COLUMN_NAME` FROM `INFORMATION_SCHEMA`.`STATISTICS` WHERE `TABLE_SCHEMA` = ? AND `TABLE_NAME` = ? [gitea task]
2020/05/17 21:23:58 ...orm/dialect_mysql.go:320:GetColumns() [I] [SQL] SELECT `COLUMN_NAME`, `IS_NULLABLE`, `COLUMN_DEFAULT`, `COLUMN_TYPE`, `COLUMN_KEY`, `EXTRA`,`COLUMN_COMMENT` FROM `INFORMATION_SCHEMA`.`COLUMNS` WHERE `TABLE_SCHEMA` = ? AND `TABLE_NAME` = ? [gitea topic]
2020/05/17 21:23:58 ...orm/dialect_mysql.go:460:GetIndexes() [I] [SQL] SELECT `INDEX_NAME`, `NON_UNIQUE`, `COLUMN_NAME` FROM `INFORMATION_SCHEMA`.`STATISTICS` WHERE `TABLE_SCHEMA` = ? AND `TABLE_NAME` = ? [gitea topic]
2020/05/17 21:23:58 ...orm/dialect_mysql.go:320:GetColumns() [I] [SQL] SELECT `COLUMN_NAME`, `IS_NULLABLE`, `COLUMN_DEFAULT`, `COLUMN_TYPE`, `COLUMN_KEY`, `EXTRA`,`COLUMN_COMMENT` FROM `INFORMATION_SCHEMA`.`COLUMNS` WHERE `TABLE_SCHEMA` = ? AND `TABLE_NAME` = ? [gitea repo_topic]
2020/05/17 21:23:58 ...orm/dialect_mysql.go:460:GetIndexes() [I] [SQL] SELECT `INDEX_NAME`, `NON_UNIQUE`, `COLUMN_NAME` FROM `INFORMATION_SCHEMA`.`STATISTICS` WHERE `TABLE_SCHEMA` = ? AND `TABLE_NAME` = ? [gitea repo_topic]
2020/05/17 21:23:58 routers/init.go:99:GlobalInit() [I] ORM engine initialization successful!
2020/05/17 21:23:58 ...orm/dialect_mysql.go:431:GetTables() [I] [SQL] SELECT `TABLE_NAME`, `ENGINE`, `TABLE_ROWS`, `AUTO_INCREMENT`, `TABLE_COMMENT` from `INFORMATION_SCHEMA`.`TABLES` WHERE `TABLE_SCHEMA`=? AND (`ENGINE`='MyISAM' OR `ENGINE` = 'InnoDB' OR `ENGINE` = 'TokuDB') [gitea]
2020/05/17 21:23:58 ...orm/dialect_mysql.go:320:GetColumns() [I] [SQL] SELECT `COLUMN_NAME`, `IS_NULLABLE`, `COLUMN_DEFAULT`, `COLUMN_TYPE`, `COLUMN_KEY`, `EXTRA`,`COLUMN_COMMENT` FROM `INFORMATION_SCHEMA`.`COLUMNS` WHERE `TABLE_SCHEMA` = ? AND `TABLE_NAME` = ? [gitea oauth2_session]
2020/05/17 21:23:58 ...orm/dialect_mysql.go:460:GetIndexes() [I] [SQL] SELECT `INDEX_NAME`, `NON_UNIQUE`, `COLUMN_NAME` FROM `INFORMATION_SCHEMA`.`STATISTICS` WHERE `TABLE_SCHEMA` = ? AND `TABLE_NAME` = ? [gitea oauth2_session]
2020/05/17 21:23:58 .../xorm/session_raw.go:78:queryRows() [I] [SQL] SELECT `id`, `type`, `name`, `is_actived`, `is_sync_enabled`, `cfg`, `created_unix`, `updated_unix` FROM `login_source` WHERE (is_actived = ? and type = ?) []interface {}{true, 6} - took: 1.241609ms
2020/05/17 21:23:58 .../xorm/session_raw.go:78:queryRows() [I] [SQL] SELECT repo.id FROM `repository` repo WHERE repo.num_watches!=(SELECT COUNT(*) FROM `watch` WHERE repo_id=repo.id AND mode<>2) - took: 4.86464ms
2020/05/17 21:23:58 .../xorm/session_raw.go:78:queryRows() [I] [SQL] SELECT repo.id FROM `repository` repo WHERE repo.num_stars!=(SELECT COUNT(*) FROM `star` WHERE repo_id=repo.id) - took: 2.479569ms
2020/05/17 21:23:58 .../xorm/session_raw.go:78:queryRows() [I] [SQL] SELECT label.id FROM `label` WHERE label.num_issues!=(SELECT COUNT(*) FROM `issue_label` WHERE label_id=label.id) - took: 1.199831ms
2020/05/17 21:23:58 .../xorm/session_raw.go:78:queryRows() [I] [SQL] SELECT `user`.id FROM `user` WHERE `user`.num_repos!=(SELECT COUNT(*) FROM `repository` WHERE owner_id=`user`.id) - took: 2.071002ms
2020/05/17 21:23:58 .../xorm/session_raw.go:78:queryRows() [I] [SQL] SELECT `issue`.id FROM `issue` WHERE `issue`.num_comments!=(SELECT COUNT(*) FROM `comment` WHERE issue_id=`issue`.id AND type=0) - took: 1.624269ms
2020/05/17 21:23:58 .../xorm/session_raw.go:78:queryRows() [I] [SQL] SELECT `id`, `owner_id`, `lower_name`, `name`, `description`, `website`, `original_service_type`, `original_url`, `default_branch`, `num_watches`, `num_stars`, `num_forks`, `num_issues`, `num_closed_issues`, `num_pulls`, `num_closed_pulls`, `num_milestones`, `num_closed_milestones`, `is_private`, `is_empty`, `is_archived`, `is_mirror`, `status`, `is_fork`, `fork_id`, `is_template`, `template_id`, `size`, `is_fsck_enabled`, `close_issues_via_commit_in_any_branch`, `topics`, `avatar`, `created_unix`, `updated_unix` FROM `repository` WHERE (id > 0) - took: 9.060087ms
2020/05/17 21:23:58 .../xorm/session_raw.go:78:queryRows() [I] [SQL] SELECT `external_id`, `user_id`, `login_source_id`, `raw_data`, `provider`, `email`, `name`, `first_name`, `last_name`, `nick_name`, `description`, `avatar_url`, `location`, `access_token`, `access_token_secret`, `refresh_token`, `expires_at` FROM `external_login_user` WHERE provider=? ORDER BY login_source_id ASC, external_id ASC LIMIT 100 []interface {}{"github"} - took: 13.588011ms
2020/05/17 21:23:58 .../xorm/session_raw.go:78:queryRows() [I] [SQL] SELECT repo.id FROM `repository` repo WHERE repo.num_closed_issues!=(SELECT COUNT(*) FROM `issue` WHERE repo_id=repo.id AND is_closed=? AND is_pull=?) []interface {}{true, false} - took: 3.325018ms
2020/05/17 21:23:58 .../xorm/session_raw.go:196:exec() [I] [SQL] DELETE FROM `deleted_branch` WHERE (deleted_unix < ?) []interface {}{1589631838} - took: 12.742099ms
2020/05/17 21:23:58 .../xorm/session_raw.go:78:queryRows() [I] [SQL] SELECT `name` FROM `user` WHERE `id`=? LIMIT 1 []interface {}{1} - took: 4.424351ms
2020/05/17 21:23:58 .../xorm/session_raw.go:78:queryRows() [I] [SQL] SELECT repo.id FROM `repository` repo WHERE repo.num_closed_pulls!=(SELECT COUNT(*) FROM `issue` WHERE repo_id=repo.id AND is_closed=? AND is_pull=?) []interface {}{true, true} - took: 2.130335ms
2020/05/17 21:23:58 .../xorm/session_raw.go:78:queryRows() [I] [SQL] SELECT repo.id FROM `repository` repo WHERE repo.num_forks!=(SELECT COUNT(*) FROM `repository` WHERE fork_id=repo.id) - took: 1.047519ms
2020/05/17 21:23:58 ...er/issues/indexer.go:142:func2() [I] PID 15: Initializing Issue Indexer: bleve
2020/05/17 21:23:58 .../xorm/session_raw.go:78:queryRows() [I] [SQL] SELECT `id`, `repo_id`, `hook_id`, `uuid`, `type`, `url`, `signature`, `payload_content`, `http_method`, `content_type`, `event_type`, `is_ssl`, `is_delivered`, `delivered`, `is_succeed`, `request_content`, `response_content` FROM `hook_task` WHERE (is_delivered=?) []interface {}{false} - took: 1.183499ms
2020/05/17 21:23:58 .../xorm/session_raw.go:78:queryRows() [I] [SQL] SELECT `pull_request`.`id` FROM `pull_request` WHERE (status=?) []interface {}{1} - took: 1.354736ms
2020/05/17 21:23:58 ...er/issues/indexer.go:199:func3() [I] Issue Indexer Initialization took 30.110119ms
2020/05/17 21:23:58 routers/init.go:122:GlobalInit() [I] SQLite3 Supported
2020/05/17 21:23:58 routers/init.go:46:checkRunMode() [I] Run Mode: Production
2020/05/17 21:24:00 cmd/web.go:161:runWeb() [I] Listen: http://0.0.0.0:3000
2020/05/17 21:24:00 cmd/web.go:164:runWeb() [I] LFS server enabled
2020/05/17 21:24:00 ...s/graceful/server.go:55:NewServer() [I] Starting new server: tcp:0.0.0.0:3000 on PID: 15
2020/05/17 21:25:03 ...eful/manager_unix.go:133:handleSignals() [W] PID 15. Received SIGTERM. Shutting down...
2020/05/17 21:25:03 cmd/web.go:206:runWeb() [I] HTTP Listener: 0.0.0.0:3000 Closed
2020/05/17 21:25:03 ...rvices/pull/check.go:214:TestPullRequests() [I] PID: 15 Pull Request testing shutdown
2020/05/17 21:25:03 ...eful/server_hooks.go:47:doShutdown() [I] PID: 15 Listener ([::]:3000) closed.
