[2020-05-07 18:54:29,550|INFO|base.py:166] Scheduler started
[2020-05-07 18:54:30,463|INFO|base.py:881] Added job "Job.job_function" to job store "default"
[2020-05-07 18:54:30,466|INFO|base.py:881] Added job "Job.job_function" to job store "default"
[2020-05-07 18:54:40,991|DEBUG|base.py:940] Looking for jobs to run
[2020-05-07 18:54:40,993|DEBUG|base.py:1020] Next wakeup is due at 2020-05-07 18:54:45.466704+09:00 (in 4.473893 seconds)
[2020-05-07 18:54:45,471|DEBUG|base.py:940] Looking for jobs to run
[2020-05-07 18:54:45,474|DEBUG|base.py:1020] Next wakeup is due at 2020-05-07 19:52:37.466704+09:00 (in 3471.993157 seconds)
[2020-05-07 18:58:20,532|INFO|base.py:627] Removed job system_restart
[2020-05-07 18:58:20,543|INFO|base.py:881] Added job "Job.job_function" to job store "default"
[2020-05-07 18:58:20,550|DEBUG|base.py:940] Looking for jobs to run
[2020-05-07 18:58:20,551|DEBUG|base.py:1020] Next wakeup is due at 2020-05-07 19:52:37.466704+09:00 (in 3256.915268 seconds)
[2020-05-07 19:11:27,329|INFO|base.py:166] Scheduler started
[2020-05-07 19:11:27,365|INFO|base.py:166] Scheduler started
[2020-05-07 19:11:27,625|DEBUG|base.py:940] Looking for jobs to run
[2020-05-07 19:11:27,628|DEBUG|base.py:1016] No jobs; waiting until a job is added
[2020-05-07 19:11:32,355|INFO|base.py:881] Added job "Job.job_function" to job store "default"
[2020-05-07 19:11:32,358|INFO|base.py:881] Added job "Job.job_function" to job store "default"
[2020-05-07 19:11:32,360|INFO|base.py:881] Added job "Job.job_function" to job store "default"
[2020-05-07 19:11:32,362|INFO|base.py:881] Added job "Job.job_function" to job store "default"
[2020-05-07 19:11:35,220|DEBUG|base.py:940] Looking for jobs to run
[2020-05-07 19:11:35,225|DEBUG|base.py:1016] No jobs; waiting until a job is added
[2020-05-07 19:11:36,418|DEBUG|base.py:940] Looking for jobs to run
[2020-05-07 19:11:36,418|DEBUG|base.py:1020] Next wakeup is due at 2020-05-07 19:11:50.358927+09:00 (in 13.940199 seconds)
[2020-05-07 19:11:50,373|DEBUG|base.py:940] Looking for jobs to run
[2020-05-07 19:11:50,376|DEBUG|base.py:1020] Next wakeup is due at 2020-05-07 19:14:15.359405+09:00 (in 144.983820 seconds)
[2020-05-07 19:14:15,382|DEBUG|base.py:940] Looking for jobs to run
[2020-05-07 19:14:15,385|DEBUG|base.py:1020] Next wakeup is due at 2020-05-07 19:14:58.361423+09:00 (in 42.977075 seconds)
[2020-05-07 19:14:15,393|INFO|base.py:627] Removed job scheduler_check
[2020-05-07 19:14:58,400|DEBUG|base.py:940] Looking for jobs to run
[2020-05-07 19:14:58,402|DEBUG|base.py:1020] Next wakeup is due at 2020-05-07 19:18:24.361423+09:00 (in 205.959487 seconds)
[2020-05-07 19:14:58,418|INFO|base.py:627] Removed job auth_check
[2020-05-07 19:18:24,365|DEBUG|base.py:940] Looking for jobs to run
[2020-05-07 19:18:24,367|DEBUG|base.py:1020] Next wakeup is due at 2020-05-07 20:11:42.358927+09:00 (in 3197.992048 seconds)
[2020-05-07 19:35:07,869|INFO|base.py:627] Removed job system_restart
[2020-05-07 19:35:07,876|INFO|base.py:881] Added job "Job.job_function" to job store "default"
[2020-05-07 19:35:07,885|DEBUG|base.py:940] Looking for jobs to run
[2020-05-07 19:35:07,888|DEBUG|base.py:1020] Next wakeup is due at 2020-05-07 20:11:42.358927+09:00 (in 2194.470697 seconds)
[2020-05-07 19:37:29,198|DEBUG|base.py:940] Looking for jobs to run
[2020-05-07 19:37:29,199|DEBUG|base.py:1016] No jobs; waiting until a job is added
[2020-05-07 19:38:32,685|DEBUG|base.py:940] Looking for jobs to run
[2020-05-07 19:38:32,687|DEBUG|base.py:1016] No jobs; waiting until a job is added
[2020-05-07 20:11:42,360|DEBUG|base.py:940] Looking for jobs to run
[2020-05-07 20:11:42,363|DEBUG|base.py:1020] Next wakeup is due at 2020-05-07 21:11:34.358927+09:00 (in 3591.995939 seconds)
[2020-05-07 21:11:34,362|DEBUG|base.py:940] Looking for jobs to run
[2020-05-07 21:11:34,365|DEBUG|base.py:1020] Next wakeup is due at 2020-05-07 22:11:26.358927+09:00 (in 3591.994368 seconds)
[2020-05-07 22:11:26,363|DEBUG|base.py:940] Looking for jobs to run
[2020-05-07 22:11:26,375|DEBUG|base.py:1020] Next wakeup is due at 2020-05-07 23:11:18.358927+09:00 (in 3591.984557 seconds)
[2020-05-07 23:11:18,363|DEBUG|base.py:940] Looking for jobs to run
[2020-05-07 23:11:18,366|DEBUG|base.py:1020] Next wakeup is due at 2020-05-08 00:11:10.358927+09:00 (in 3591.993622 seconds)
[2020-05-07 23:19:56,081|INFO|base.py:166] Scheduler started
[2020-05-07 23:19:56,083|INFO|base.py:166] Scheduler started
[2020-05-07 23:19:56,327|DEBUG|base.py:940] Looking for jobs to run
[2020-05-07 23:19:56,330|DEBUG|base.py:1016] No jobs; waiting until a job is added
[2020-05-07 23:19:57,541|INFO|base.py:881] Added job "Job.job_function" to job store "default"
[2020-05-07 23:19:57,543|INFO|base.py:881] Added job "Job.job_function" to job store "default"
[2020-05-07 23:19:57,545|INFO|base.py:881] Added job "Job.job_function" to job store "default"
[2020-05-07 23:19:57,547|INFO|base.py:881] Added job "Job.job_function" to job store "default"
[2020-05-07 23:19:59,055|DEBUG|base.py:940] Looking for jobs to run
[2020-05-07 23:19:59,059|DEBUG|base.py:1016] No jobs; waiting until a job is added
[2020-05-07 23:19:59,246|DEBUG|base.py:940] Looking for jobs to run
[2020-05-07 23:19:59,247|DEBUG|base.py:1020] Next wakeup is due at 2020-05-07 23:20:08.544696+09:00 (in 9.297067 seconds)
[2020-05-07 23:20:08,550|DEBUG|base.py:940] Looking for jobs to run
[2020-05-07 23:20:09,331|DEBUG|base.py:1020] Next wakeup is due at 2020-05-07 23:22:12.545185+09:00 (in 123.214869 seconds)
[2020-05-07 23:22:12,557|DEBUG|base.py:940] Looking for jobs to run
[2020-05-07 23:22:12,560|DEBUG|base.py:1020] Next wakeup is due at 2020-05-07 23:23:46.547141+09:00 (in 93.988167 seconds)
[2020-05-07 23:22:12,567|INFO|base.py:627] Removed job scheduler_check
[2020-05-07 23:23:46,580|DEBUG|base.py:940] Looking for jobs to run
[2020-05-07 23:23:46,581|DEBUG|base.py:1020] Next wakeup is due at 2020-05-07 23:27:35.547141+09:00 (in 228.965881 seconds)
[2020-05-07 23:23:46,590|INFO|base.py:627] Removed job auth_check
[2020-05-07 23:27:35,593|DEBUG|base.py:940] Looking for jobs to run
[2020-05-07 23:27:35,597|DEBUG|base.py:1020] Next wakeup is due at 2020-05-08 00:20:07.544696+09:00 (in 3151.947722 seconds)
[2020-05-08 00:20:07,580|DEBUG|base.py:940] Looking for jobs to run
[2020-05-08 00:20:07,583|DEBUG|base.py:1020] Next wakeup is due at 2020-05-08 01:20:06.544696+09:00 (in 3598.962412 seconds)
[2020-05-08 01:20:06,550|DEBUG|base.py:940] Looking for jobs to run
[2020-05-08 01:20:06,553|DEBUG|base.py:1020] Next wakeup is due at 2020-05-08 02:20:05.544696+09:00 (in 3598.992352 seconds)
[2020-05-08 02:20:05,550|DEBUG|base.py:940] Looking for jobs to run
[2020-05-08 02:20:05,553|DEBUG|base.py:1020] Next wakeup is due at 2020-05-08 03:20:04.544696+09:00 (in 3598.992347 seconds)
[2020-05-08 03:20:04,550|DEBUG|base.py:940] Looking for jobs to run
[2020-05-08 03:20:04,552|DEBUG|base.py:1020] Next wakeup is due at 2020-05-08 04:20:03.544696+09:00 (in 3598.992683 seconds)
[2020-05-08 04:20:03,550|DEBUG|base.py:940] Looking for jobs to run
[2020-05-08 04:20:03,553|DEBUG|base.py:1020] Next wakeup is due at 2020-05-08 05:19:58.538916+09:00 (in 3594.986948 seconds)
[2020-05-08 05:19:58,549|DEBUG|base.py:940] Looking for jobs to run
[2020-05-08 05:19:58,552|DEBUG|base.py:1020] Next wakeup is due at 2020-05-08 05:20:02.544696+09:00 (in 3.993373 seconds)
[2020-05-08 05:21:10,855|INFO|base.py:166] Scheduler started
[2020-05-08 05:21:11,005|DEBUG|base.py:940] Looking for jobs to run
[2020-05-08 05:21:11,007|DEBUG|base.py:1016] No jobs; waiting until a job is added
[2020-05-08 05:21:12,073|INFO|base.py:166] Scheduler started
[2020-05-08 05:21:14,781|INFO|base.py:881] Added job "Job.job_function" to job store "default"
[2020-05-08 05:21:14,782|INFO|base.py:881] Added job "Job.job_function" to job store "default"
[2020-05-08 05:21:14,784|INFO|base.py:881] Added job "Job.job_function" to job store "default"
[2020-05-08 05:21:14,786|INFO|base.py:881] Added job "Job.job_function" to job store "default"
[2020-05-08 05:21:16,475|DEBUG|base.py:940] Looking for jobs to run
[2020-05-08 05:21:16,476|DEBUG|base.py:1020] Next wakeup is due at 2020-05-08 05:21:21.783754+09:00 (in 5.307294 seconds)
[2020-05-08 05:21:16,879|DEBUG|base.py:940] Looking for jobs to run
[2020-05-08 05:21:16,883|DEBUG|base.py:1016] No jobs; waiting until a job is added
[2020-05-08 05:21:21,789|DEBUG|base.py:940] Looking for jobs to run
[2020-05-08 05:21:21,790|DEBUG|base.py:1020] Next wakeup is due at 2020-05-08 05:23:39.784240+09:00 (in 137.994200 seconds)
[2020-05-08 05:23:39,803|DEBUG|base.py:940] Looking for jobs to run
[2020-05-08 05:23:39,804|DEBUG|base.py:1020] Next wakeup is due at 2020-05-08 05:24:18.785982+09:00 (in 38.981556 seconds)
[2020-05-08 05:23:39,811|INFO|base.py:627] Removed job scheduler_check
[2020-05-08 05:24:18,828|DEBUG|base.py:940] Looking for jobs to run
[2020-05-08 05:24:18,829|DEBUG|base.py:1020] Next wakeup is due at 2020-05-08 05:27:22.785982+09:00 (in 183.956500 seconds)
[2020-05-08 05:24:18,843|INFO|base.py:627] Removed job auth_check
[2020-05-08 05:27:22,796|DEBUG|base.py:940] Looking for jobs to run
[2020-05-08 05:27:22,797|DEBUG|base.py:1020] Next wakeup is due at 2020-05-08 06:21:03.783754+09:00 (in 3220.986139 seconds)
[2020-05-08 06:21:03,822|DEBUG|base.py:940] Looking for jobs to run
[2020-05-08 06:21:03,823|DEBUG|base.py:1020] Next wakeup is due at 2020-05-08 07:20:45.783754+09:00 (in 3581.960676 seconds)
[2020-05-08 07:20:45,789|DEBUG|base.py:940] Looking for jobs to run
[2020-05-08 07:20:45,790|DEBUG|base.py:1020] Next wakeup is due at 2020-05-08 08:20:27.783754+09:00 (in 3581.993596 seconds)
[2020-05-08 08:20:27,808|DEBUG|base.py:940] Looking for jobs to run
[2020-05-08 08:20:27,809|DEBUG|base.py:1020] Next wakeup is due at 2020-05-08 09:20:09.783754+09:00 (in 3581.974743 seconds)
[2020-05-08 09:20:09,813|DEBUG|base.py:940] Looking for jobs to run
[2020-05-08 09:20:09,814|DEBUG|base.py:1020] Next wakeup is due at 2020-05-08 10:19:51.783754+09:00 (in 3581.969519 seconds)
[2020-05-08 10:19:51,795|DEBUG|base.py:940] Looking for jobs to run
[2020-05-08 10:19:51,796|DEBUG|base.py:1020] Next wakeup is due at 2020-05-08 11:19:33.783754+09:00 (in 3581.987601 seconds)
[2020-05-08 11:19:33,795|DEBUG|base.py:940] Looking for jobs to run
[2020-05-08 11:19:33,796|DEBUG|base.py:1020] Next wakeup is due at 2020-05-08 11:22:05.778520+09:00 (in 151.982345 seconds)
[2020-05-08 11:22:05,804|DEBUG|base.py:940] Looking for jobs to run
[2020-05-08 11:22:05,805|DEBUG|base.py:1020] Next wakeup is due at 2020-05-08 12:19:15.783754+09:00 (in 3429.978407 seconds)
[2020-05-08 11:23:15,458|INFO|base.py:166] Scheduler started
[2020-05-08 11:23:15,506|INFO|base.py:166] Scheduler started
[2020-05-08 11:23:15,661|DEBUG|base.py:940] Looking for jobs to run
[2020-05-08 11:23:15,664|DEBUG|base.py:1016] No jobs; waiting until a job is added
[2020-05-08 11:23:16,697|INFO|base.py:881] Added job "Job.job_function" to job store "default"
[2020-05-08 11:23:16,699|INFO|base.py:881] Added job "Job.job_function" to job store "default"
[2020-05-08 11:23:16,701|INFO|base.py:881] Added job "Job.job_function" to job store "default"
[2020-05-08 11:23:16,703|INFO|base.py:881] Added job "Job.job_function" to job store "default"
[2020-05-08 11:23:17,760|DEBUG|base.py:940] Looking for jobs to run
[2020-05-08 11:23:17,764|DEBUG|base.py:1016] No jobs; waiting until a job is added
[2020-05-08 11:23:18,300|DEBUG|base.py:940] Looking for jobs to run
[2020-05-08 11:23:18,301|DEBUG|base.py:1020] Next wakeup is due at 2020-05-08 11:23:21.700383+09:00 (in 3.398937 seconds)
[2020-05-08 11:23:21,704|DEBUG|base.py:940] Looking for jobs to run
[2020-05-08 11:23:21,705|DEBUG|base.py:1020] Next wakeup is due at 2020-05-08 11:25:47.700853+09:00 (in 145.995869 seconds)
[2020-05-08 11:25:47,720|DEBUG|base.py:940] Looking for jobs to run
[2020-05-08 11:25:47,721|DEBUG|base.py:1020] Next wakeup is due at 2020-05-08 11:27:02.702703+09:00 (in 74.981392 seconds)
[2020-05-08 11:25:47,725|INFO|base.py:627] Removed job scheduler_check
[2020-05-08 11:27:02,714|DEBUG|base.py:940] Looking for jobs to run
[2020-05-08 11:27:02,716|DEBUG|base.py:1020] Next wakeup is due at 2020-05-08 11:30:48.702703+09:00 (in 225.987037 seconds)
[2020-05-08 11:27:02,726|INFO|base.py:627] Removed job auth_check
[2020-05-08 11:30:48,751|DEBUG|base.py:940] Looking for jobs to run
[2020-05-08 11:30:48,753|DEBUG|base.py:1020] Next wakeup is due at 2020-05-08 12:23:05.700383+09:00 (in 3136.947617 seconds)
[2020-05-08 12:12:46,595|INFO|base.py:166] Scheduler started
[2020-05-08 12:12:46,599|INFO|base.py:166] Scheduler started
[2020-05-08 12:12:46,892|DEBUG|base.py:940] Looking for jobs to run
[2020-05-08 12:12:46,895|DEBUG|base.py:1016] No jobs; waiting until a job is added
[2020-05-08 12:12:48,054|INFO|base.py:881] Added job "Job.job_function" to job store "default"
[2020-05-08 12:12:48,056|INFO|base.py:881] Added job "Job.job_function" to job store "default"
[2020-05-08 12:12:48,058|INFO|base.py:881] Added job "Job.job_function" to job store "default"
[2020-05-08 12:12:48,060|INFO|base.py:881] Added job "Job.job_function" to job store "default"
[2020-05-08 12:12:50,331|DEBUG|base.py:940] Looking for jobs to run
[2020-05-08 12:12:50,332|DEBUG|base.py:1020] Next wakeup is due at 2020-05-08 12:12:57.056996+09:00 (in 6.724563 seconds)
[2020-05-08 12:12:50,850|DEBUG|base.py:940] Looking for jobs to run
[2020-05-08 12:12:50,855|DEBUG|base.py:1016] No jobs; waiting until a job is added
[2020-05-08 12:12:57,064|DEBUG|base.py:940] Looking for jobs to run
[2020-05-08 12:12:57,067|DEBUG|base.py:1020] Next wakeup is due at 2020-05-08 12:15:05.057537+09:00 (in 127.991210 seconds)
[2020-05-08 12:15:05,068|DEBUG|base.py:940] Looking for jobs to run
[2020-05-08 12:15:05,070|DEBUG|base.py:1020] Next wakeup is due at 2020-05-08 12:16:13.059412+09:00 (in 67.989971 seconds)
[2020-05-08 12:15:05,073|INFO|base.py:627] Removed job scheduler_check
[2020-05-08 12:16:13,068|DEBUG|base.py:940] Looking for jobs to run
[2020-05-08 12:16:13,070|DEBUG|base.py:1020] Next wakeup is due at 2020-05-08 12:19:38.059412+09:00 (in 204.989775 seconds)
[2020-05-08 12:16:13,078|INFO|base.py:627] Removed job auth_check
[2020-05-08 12:19:38,072|DEBUG|base.py:940] Looking for jobs to run
[2020-05-08 12:19:38,075|DEBUG|base.py:1020] Next wakeup is due at 2020-05-08 13:12:39.056996+09:00 (in 3180.982434 seconds)
[2020-05-08 13:12:39,071|DEBUG|base.py:940] Looking for jobs to run
[2020-05-08 13:12:39,072|DEBUG|base.py:1020] Next wakeup is due at 2020-05-08 14:12:21.056996+09:00 (in 3581.984611 seconds)
[2020-05-08 14:12:21,089|DEBUG|base.py:940] Looking for jobs to run
[2020-05-08 14:12:21,090|DEBUG|base.py:1020] Next wakeup is due at 2020-05-08 15:12:03.056996+09:00 (in 3581.967122 seconds)
[2020-05-08 15:12:03,110|DEBUG|base.py:940] Looking for jobs to run
[2020-05-08 15:12:03,113|DEBUG|base.py:1020] Next wakeup is due at 2020-05-08 16:11:45.056996+09:00 (in 3581.944453 seconds)
[2020-05-08 16:11:45,067|DEBUG|base.py:940] Looking for jobs to run
[2020-05-08 16:11:45,068|DEBUG|base.py:1020] Next wakeup is due at 2020-05-08 17:11:27.056996+09:00 (in 3581.988959 seconds)
[2020-05-08 17:11:27,084|DEBUG|base.py:940] Looking for jobs to run
[2020-05-08 17:11:27,085|DEBUG|base.py:1020] Next wakeup is due at 2020-05-08 18:11:09.056996+09:00 (in 3581.971663 seconds)
[2020-05-08 18:11:09,104|DEBUG|base.py:940] Looking for jobs to run
[2020-05-08 18:11:09,105|DEBUG|base.py:1020] Next wakeup is due at 2020-05-08 18:13:03.051447+09:00 (in 113.945992 seconds)
[2020-05-08 18:13:03,092|DEBUG|base.py:940] Looking for jobs to run
[2020-05-08 18:13:03,093|DEBUG|base.py:1020] Next wakeup is due at 2020-05-08 19:10:51.056996+09:00 (in 3467.964053 seconds)
[2020-05-08 18:13:46,988|INFO|base.py:166] Scheduler started
[2020-05-08 18:13:47,129|DEBUG|base.py:940] Looking for jobs to run
[2020-05-08 18:13:47,132|DEBUG|base.py:1016] No jobs; waiting until a job is added
[2020-05-08 18:13:47,593|INFO|base.py:166] Scheduler started
[2020-05-08 18:13:52,679|INFO|base.py:881] Added job "Job.job_function" to job store "default"
[2020-05-08 18:13:52,681|INFO|base.py:881] Added job "Job.job_function" to job store "default"
[2020-05-08 18:13:52,683|INFO|base.py:881] Added job "Job.job_function" to job store "default"
[2020-05-08 18:13:52,685|INFO|base.py:881] Added job "Job.job_function" to job store "default"
[2020-05-08 18:13:54,327|DEBUG|base.py:940] Looking for jobs to run
[2020-05-08 18:13:54,327|DEBUG|base.py:1020] Next wakeup is due at 2020-05-08 18:14:12.682156+09:00 (in 18.354345 seconds)
[2020-05-08 18:13:54,496|DEBUG|base.py:940] Looking for jobs to run
[2020-05-08 18:13:54,501|DEBUG|base.py:1016] No jobs; waiting until a job is added
[2020-05-08 18:14:12,685|DEBUG|base.py:940] Looking for jobs to run
[2020-05-08 18:14:12,687|DEBUG|base.py:1020] Next wakeup is due at 2020-05-08 18:16:47.682652+09:00 (in 154.996186 seconds)
[2020-05-08 18:16:47,702|DEBUG|base.py:940] Looking for jobs to run
[2020-05-08 18:16:47,703|DEBUG|base.py:1020] Next wakeup is due at 2020-05-08 18:17:39.684446+09:00 (in 51.981625 seconds)
[2020-05-08 18:16:47,706|INFO|base.py:627] Removed job scheduler_check
[2020-05-08 18:17:39,726|DEBUG|base.py:940] Looking for jobs to run
[2020-05-08 18:17:39,728|DEBUG|base.py:1020] Next wakeup is due at 2020-05-08 18:21:26.684446+09:00 (in 226.956754 seconds)
[2020-05-08 18:17:39,737|INFO|base.py:627] Removed job auth_check
[2020-05-08 18:21:26,722|DEBUG|base.py:940] Looking for jobs to run
[2020-05-08 18:21:26,722|DEBUG|base.py:1020] Next wakeup is due at 2020-05-08 19:13:24.682156+09:00 (in 3117.959405 seconds)
[2020-05-08 19:13:24,686|DEBUG|base.py:940] Looking for jobs to run
[2020-05-08 19:13:24,688|DEBUG|base.py:1020] Next wakeup is due at 2020-05-08 20:12:36.682156+09:00 (in 3551.994212 seconds)
[2020-05-08 20:12:36,692|DEBUG|base.py:940] Looking for jobs to run
[2020-05-08 20:12:36,693|DEBUG|base.py:1020] Next wakeup is due at 2020-05-08 21:11:48.682156+09:00 (in 3551.989102 seconds)
[2020-05-08 21:11:48,711|DEBUG|base.py:940] Looking for jobs to run
[2020-05-08 21:11:48,712|DEBUG|base.py:1020] Next wakeup is due at 2020-05-08 22:11:00.682156+09:00 (in 3551.969786 seconds)
[2020-05-08 22:11:00,700|DEBUG|base.py:940] Looking for jobs to run
[2020-05-08 22:11:00,702|DEBUG|base.py:1020] Next wakeup is due at 2020-05-08 23:10:12.682156+09:00 (in 3551.980849 seconds)
[2020-05-08 23:10:12,696|DEBUG|base.py:940] Looking for jobs to run
[2020-05-08 23:10:12,697|DEBUG|base.py:1020] Next wakeup is due at 2020-05-09 00:09:24.682156+09:00 (in 3551.984876 seconds)
[2020-05-09 00:09:24,707|DEBUG|base.py:940] Looking for jobs to run
[2020-05-09 00:09:24,709|DEBUG|base.py:1020] Next wakeup is due at 2020-05-09 00:14:22.676830+09:00 (in 297.968213 seconds)
[2020-05-09 00:14:22,694|DEBUG|base.py:940] Looking for jobs to run
[2020-05-09 00:14:22,695|DEBUG|base.py:1020] Next wakeup is due at 2020-05-09 01:08:36.682156+09:00 (in 3253.986779 seconds)
[2020-05-09 00:15:10,588|INFO|base.py:166] Scheduler started
[2020-05-09 00:15:10,727|DEBUG|base.py:940] Looking for jobs to run
[2020-05-09 00:15:10,729|DEBUG|base.py:1016] No jobs; waiting until a job is added
[2020-05-09 00:15:10,926|INFO|base.py:166] Scheduler started
[2020-05-09 00:15:11,747|INFO|base.py:881] Added job "Job.job_function" to job store "default"
[2020-05-09 00:15:11,749|INFO|base.py:881] Added job "Job.job_function" to job store "default"
[2020-05-09 00:15:11,751|INFO|base.py:881] Added job "Job.job_function" to job store "default"
[2020-05-09 00:15:11,753|INFO|base.py:881] Added job "Job.job_function" to job store "default"
[2020-05-09 00:15:13,265|DEBUG|base.py:940] Looking for jobs to run
[2020-05-09 00:15:13,270|DEBUG|base.py:1016] No jobs; waiting until a job is added
[2020-05-09 00:15:13,397|DEBUG|base.py:940] Looking for jobs to run
[2020-05-09 00:15:13,398|DEBUG|base.py:1020] Next wakeup is due at 2020-05-09 00:15:19.750095+09:00 (in 6.351910 seconds)
[2020-05-09 00:15:19,756|DEBUG|base.py:940] Looking for jobs to run
[2020-05-09 00:15:19,757|DEBUG|base.py:1020] Next wakeup is due at 2020-05-09 00:17:43.750631+09:00 (in 143.993501 seconds)
[2020-05-09 00:17:43,776|DEBUG|base.py:940] Looking for jobs to run
[2020-05-09 00:17:43,778|DEBUG|base.py:1020] Next wakeup is due at 2020-05-09 00:18:43.752344+09:00 (in 59.974833 seconds)
[2020-05-09 00:17:43,781|INFO|base.py:627] Removed job scheduler_check
[2020-05-09 00:18:43,754|DEBUG|base.py:940] Looking for jobs to run
[2020-05-09 00:18:43,756|DEBUG|base.py:1020] Next wakeup is due at 2020-05-09 00:22:15.752344+09:00 (in 211.996761 seconds)
[2020-05-09 00:18:43,764|INFO|base.py:627] Removed job auth_check
[2020-05-09 00:22:15,760|DEBUG|base.py:940] Looking for jobs to run
[2020-05-09 00:22:15,762|DEBUG|base.py:1020] Next wakeup is due at 2020-05-09 01:15:13.750095+09:00 (in 3177.988225 seconds)
[2020-05-09 01:15:13,752|DEBUG|base.py:940] Looking for jobs to run
[2020-05-09 01:15:13,754|DEBUG|base.py:1020] Next wakeup is due at 2020-05-09 02:15:07.750095+09:00 (in 3593.996402 seconds)
[2020-05-09 02:15:07,757|DEBUG|base.py:940] Looking for jobs to run
[2020-05-09 02:15:07,763|DEBUG|base.py:1020] Next wakeup is due at 2020-05-09 03:15:01.750095+09:00 (in 3593.986732 seconds)
[2020-05-09 03:15:01,757|DEBUG|base.py:940] Looking for jobs to run
[2020-05-09 03:15:01,759|DEBUG|base.py:1020] Next wakeup is due at 2020-05-09 04:14:55.750095+09:00 (in 3593.991459 seconds)
[2020-05-09 04:14:55,758|DEBUG|base.py:940] Looking for jobs to run
[2020-05-09 04:14:55,759|DEBUG|base.py:1020] Next wakeup is due at 2020-05-09 05:14:49.750095+09:00 (in 3593.991100 seconds)
[2020-05-09 05:14:49,754|DEBUG|base.py:940] Looking for jobs to run
[2020-05-09 05:14:49,756|DEBUG|base.py:1020] Next wakeup is due at 2020-05-09 06:14:43.750095+09:00 (in 3593.994414 seconds)
[2020-05-09 06:14:43,757|DEBUG|base.py:940] Looking for jobs to run
[2020-05-09 06:14:43,759|DEBUG|base.py:1020] Next wakeup is due at 2020-05-09 06:15:53.744865+09:00 (in 69.985850 seconds)
[2020-05-09 06:15:53,755|DEBUG|base.py:940] Looking for jobs to run
[2020-05-09 06:15:53,756|DEBUG|base.py:1020] Next wakeup is due at 2020-05-09 07:14:37.750095+09:00 (in 3523.993633 seconds)
[2020-05-09 06:16:34,959|INFO|base.py:166] Scheduler started
[2020-05-09 06:16:35,098|DEBUG|base.py:940] Looking for jobs to run
[2020-05-09 06:16:35,101|DEBUG|base.py:1016] No jobs; waiting until a job is added
[2020-05-09 06:16:35,582|INFO|base.py:166] Scheduler started
[2020-05-09 06:16:36,884|INFO|base.py:881] Added job "Job.job_function" to job store "default"
[2020-05-09 06:16:36,886|INFO|base.py:881] Added job "Job.job_function" to job store "default"
[2020-05-09 06:16:36,888|INFO|base.py:881] Added job "Job.job_function" to job store "default"
[2020-05-09 06:16:36,890|INFO|base.py:881] Added job "Job.job_function" to job store "default"
[2020-05-09 06:16:38,561|DEBUG|base.py:940] Looking for jobs to run
[2020-05-09 06:16:38,562|DEBUG|base.py:1020] Next wakeup is due at 2020-05-09 06:16:52.887388+09:00 (in 14.325305 seconds)
[2020-05-09 06:16:38,771|DEBUG|base.py:940] Looking for jobs to run
[2020-05-09 06:16:38,775|DEBUG|base.py:1016] No jobs; waiting until a job is added
[2020-05-09 06:16:52,894|DEBUG|base.py:940] Looking for jobs to run
[2020-05-09 06:16:52,896|DEBUG|base.py:1020] Next wakeup is due at 2020-05-09 06:19:16.887916+09:00 (in 143.992211 seconds)
[2020-05-09 06:19:16,911|DEBUG|base.py:940] Looking for jobs to run
[2020-05-09 06:19:16,913|DEBUG|base.py:1020] Next wakeup is due at 2020-05-09 06:20:31.889766+09:00 (in 74.977442 seconds)
[2020-05-09 06:19:16,921|INFO|base.py:627] Removed job scheduler_check
[2020-05-09 06:20:31,910|DEBUG|base.py:940] Looking for jobs to run
[2020-05-09 06:20:31,911|DEBUG|base.py:1020] Next wakeup is due at 2020-05-09 06:24:26.889766+09:00 (in 234.978596 seconds)
[2020-05-09 06:20:31,920|INFO|base.py:627] Removed job auth_check
[2020-05-09 06:24:26,916|DEBUG|base.py:940] Looking for jobs to run
[2020-05-09 06:24:26,917|DEBUG|base.py:1020] Next wakeup is due at 2020-05-09 07:15:59.887388+09:00 (in 3092.970574 seconds)
[2020-05-09 07:15:59,898|DEBUG|base.py:940] Looking for jobs to run
[2020-05-09 07:15:59,902|DEBUG|base.py:1020] Next wakeup is due at 2020-05-09 08:15:06.887388+09:00 (in 3546.985888 seconds)
[2020-05-09 08:15:06,892|DEBUG|base.py:940] Looking for jobs to run
[2020-05-09 08:15:06,894|DEBUG|base.py:1020] Next wakeup is due at 2020-05-09 09:14:13.887388+09:00 (in 3546.993802 seconds)
[2020-05-09 09:14:13,907|DEBUG|base.py:940] Looking for jobs to run
[2020-05-09 09:14:13,908|DEBUG|base.py:1020] Next wakeup is due at 2020-05-09 10:13:20.887388+09:00 (in 3546.979408 seconds)
[2020-05-09 10:13:20,900|DEBUG|base.py:940] Looking for jobs to run
[2020-05-09 10:13:20,901|DEBUG|base.py:1020] Next wakeup is due at 2020-05-09 11:12:27.887388+09:00 (in 3546.986028 seconds)
[2020-05-09 11:12:27,908|DEBUG|base.py:940] Looking for jobs to run
[2020-05-09 11:12:27,909|DEBUG|base.py:1020] Next wakeup is due at 2020-05-09 12:11:34.887388+09:00 (in 3546.978153 seconds)
[2020-05-09 12:11:34,890|DEBUG|base.py:940] Looking for jobs to run
[2020-05-09 12:11:34,892|DEBUG|base.py:1020] Next wakeup is due at 2020-05-09 12:16:48.881839+09:00 (in 313.990212 seconds)
[2020-05-09 12:16:48,889|DEBUG|base.py:940] Looking for jobs to run
[2020-05-09 12:16:48,891|DEBUG|base.py:1020] Next wakeup is due at 2020-05-09 13:10:41.887388+09:00 (in 3232.996777 seconds)
[2020-05-09 12:17:27,100|INFO|base.py:166] Scheduler started
[2020-05-09 12:17:27,240|DEBUG|base.py:940] Looking for jobs to run
[2020-05-09 12:17:27,243|DEBUG|base.py:1016] No jobs; waiting until a job is added
[2020-05-09 12:17:27,688|INFO|base.py:166] Scheduler started
[2020-05-09 12:17:28,826|INFO|base.py:881] Added job "Job.job_function" to job store "default"
[2020-05-09 12:17:28,829|INFO|base.py:881] Added job "Job.job_function" to job store "default"
[2020-05-09 12:17:28,831|INFO|base.py:881] Added job "Job.job_function" to job store "default"
[2020-05-09 12:17:28,833|INFO|base.py:881] Added job "Job.job_function" to job store "default"
[2020-05-09 12:17:32,855|DEBUG|base.py:940] Looking for jobs to run
[2020-05-09 12:17:32,856|DEBUG|base.py:1020] Next wakeup is due at 2020-05-09 12:17:36.829917+09:00 (in 3.973351 seconds)
[2020-05-09 12:17:32,986|DEBUG|base.py:940] Looking for jobs to run
[2020-05-09 12:17:32,991|DEBUG|base.py:1016] No jobs; waiting until a job is added
[2020-05-09 12:17:36,834|DEBUG|base.py:940] Looking for jobs to run
[2020-05-09 12:17:36,835|DEBUG|base.py:1020] Next wakeup is due at 2020-05-09 12:19:47.830530+09:00 (in 130.995550 seconds)
[2020-05-09 12:19:47,835|DEBUG|base.py:940] Looking for jobs to run
[2020-05-09 12:19:47,838|DEBUG|base.py:1020] Next wakeup is due at 2020-05-09 12:20:46.832412+09:00 (in 58.995253 seconds)
[2020-05-09 12:19:47,846|INFO|base.py:627] Removed job scheduler_check
[2020-05-09 12:20:46,856|DEBUG|base.py:940] Looking for jobs to run
[2020-05-09 12:20:46,858|DEBUG|base.py:1020] Next wakeup is due at 2020-05-09 12:24:04.832412+09:00 (in 197.974894 seconds)
[2020-05-09 12:20:46,866|INFO|base.py:627] Removed job auth_check
[2020-05-09 12:24:04,850|DEBUG|base.py:940] Looking for jobs to run
[2020-05-09 12:24:04,851|DEBUG|base.py:1020] Next wakeup is due at 2020-05-09 13:16:51.829917+09:00 (in 3166.978740 seconds)
[2020-05-09 13:16:51,880|DEBUG|base.py:940] Looking for jobs to run
[2020-05-09 13:16:51,881|DEBUG|base.py:1020] Next wakeup is due at 2020-05-09 14:16:06.829917+09:00 (in 3554.948604 seconds)
[2020-05-09 14:16:06,851|DEBUG|base.py:940] Looking for jobs to run
[2020-05-09 14:16:06,852|DEBUG|base.py:1020] Next wakeup is due at 2020-05-09 15:15:21.829917+09:00 (in 3554.977567 seconds)
[2020-05-09 15:15:21,844|DEBUG|base.py:940] Looking for jobs to run
[2020-05-09 15:15:21,847|DEBUG|base.py:1020] Next wakeup is due at 2020-05-09 16:14:36.829917+09:00 (in 3554.983784 seconds)
[2020-05-09 16:14:36,850|DEBUG|base.py:940] Looking for jobs to run
[2020-05-09 16:14:36,851|DEBUG|base.py:1020] Next wakeup is due at 2020-05-09 17:13:51.829917+09:00 (in 3554.978703 seconds)
[2020-05-09 17:13:51,851|DEBUG|base.py:940] Looking for jobs to run
[2020-05-09 17:13:51,853|DEBUG|base.py:1020] Next wakeup is due at 2020-05-09 18:13:06.829917+09:00 (in 3554.977201 seconds)
[2020-05-09 18:13:06,858|DEBUG|base.py:940] Looking for jobs to run
[2020-05-09 18:13:06,860|DEBUG|base.py:1020] Next wakeup is due at 2020-05-09 18:17:56.824377+09:00 (in 289.964831 seconds)
[2020-05-09 18:17:56,870|DEBUG|base.py:940] Looking for jobs to run
[2020-05-09 18:17:56,871|DEBUG|base.py:1020] Next wakeup is due at 2020-05-09 19:12:21.829917+09:00 (in 3264.958459 seconds)
[2020-05-09 18:18:32,341|INFO|base.py:166] Scheduler started
[2020-05-09 18:18:32,494|DEBUG|base.py:940] Looking for jobs to run
[2020-05-09 18:18:32,497|DEBUG|base.py:1016] No jobs; waiting until a job is added
[2020-05-09 18:18:32,890|INFO|base.py:166] Scheduler started
[2020-05-09 18:18:35,592|INFO|base.py:881] Added job "Job.job_function" to job store "default"
[2020-05-09 18:18:35,594|INFO|base.py:881] Added job "Job.job_function" to job store "default"
[2020-05-09 18:18:35,596|INFO|base.py:881] Added job "Job.job_function" to job store "default"
[2020-05-09 18:18:35,598|INFO|base.py:881] Added job "Job.job_function" to job store "default"
[2020-05-09 18:18:37,338|DEBUG|base.py:940] Looking for jobs to run
[2020-05-09 18:18:37,339|DEBUG|base.py:1020] Next wakeup is due at 2020-05-09 18:18:43.595580+09:00 (in 6.256038 seconds)
[2020-05-09 18:18:37,587|DEBUG|base.py:940] Looking for jobs to run
[2020-05-09 18:18:37,593|DEBUG|base.py:1016] No jobs; waiting until a job is added
[2020-05-09 18:18:43,600|DEBUG|base.py:940] Looking for jobs to run
[2020-05-09 18:18:43,603|DEBUG|base.py:1020] Next wakeup is due at 2020-05-09 18:20:51.596113+09:00 (in 127.993228 seconds)
[2020-05-09 18:20:51,600|DEBUG|base.py:940] Looking for jobs to run
[2020-05-09 18:20:51,601|DEBUG|base.py:1020] Next wakeup is due at 2020-05-09 18:22:27.598062+09:00 (in 95.996614 seconds)
[2020-05-09 18:20:51,605|INFO|base.py:627] Removed job scheduler_check
[2020-05-09 18:22:27,635|DEBUG|base.py:940] Looking for jobs to run
[2020-05-09 18:22:27,645|DEBUG|base.py:1020] Next wakeup is due at 2020-05-09 18:26:19.598062+09:00 (in 231.952882 seconds)
[2020-05-09 18:22:27,658|INFO|base.py:627] Removed job auth_check
[2020-05-09 18:26:19,613|DEBUG|base.py:940] Looking for jobs to run
[2020-05-09 18:26:19,614|DEBUG|base.py:1020] Next wakeup is due at 2020-05-09 19:17:53.595580+09:00 (in 3093.981393 seconds)
[2020-05-09 19:17:53,640|DEBUG|base.py:940] Looking for jobs to run
[2020-05-09 19:17:53,642|DEBUG|base.py:1020] Next wakeup is due at 2020-05-09 20:17:03.595580+09:00 (in 3549.954046 seconds)
[2020-05-09 20:17:03,610|DEBUG|base.py:940] Looking for jobs to run
[2020-05-09 20:17:03,612|DEBUG|base.py:1020] Next wakeup is due at 2020-05-09 21:16:13.595580+09:00 (in 3549.983881 seconds)
[2020-05-09 21:16:13,619|DEBUG|base.py:940] Looking for jobs to run
[2020-05-09 21:16:13,621|DEBUG|base.py:1020] Next wakeup is due at 2020-05-09 22:15:23.595580+09:00 (in 3549.975030 seconds)
[2020-05-09 22:15:23,644|DEBUG|base.py:940] Looking for jobs to run
[2020-05-09 22:15:23,646|DEBUG|base.py:1020] Next wakeup is due at 2020-05-09 23:14:33.595580+09:00 (in 3549.950335 seconds)
[2020-05-09 23:14:33,650|DEBUG|base.py:940] Looking for jobs to run
[2020-05-09 23:14:33,652|DEBUG|base.py:1020] Next wakeup is due at 2020-05-10 00:13:43.595580+09:00 (in 3549.943834 seconds)
[2020-05-10 00:13:43,601|DEBUG|base.py:940] Looking for jobs to run
[2020-05-10 00:13:43,602|DEBUG|base.py:1020] Next wakeup is due at 2020-05-10 00:19:22.590023+09:00 (in 338.987688 seconds)
[2020-05-10 00:19:22,630|DEBUG|base.py:940] Looking for jobs to run
[2020-05-10 00:19:22,632|DEBUG|base.py:1020] Next wakeup is due at 2020-05-10 01:12:53.595580+09:00 (in 3210.963854 seconds)
[2020-05-10 00:20:00,234|INFO|base.py:166] Scheduler started
[2020-05-10 00:20:00,372|DEBUG|base.py:940] Looking for jobs to run
[2020-05-10 00:20:00,374|DEBUG|base.py:1016] No jobs; waiting until a job is added
[2020-05-10 00:20:00,842|INFO|base.py:166] Scheduler started
[2020-05-10 00:20:01,433|INFO|base.py:881] Added job "Job.job_function" to job store "default"
[2020-05-10 00:20:01,435|INFO|base.py:881] Added job "Job.job_function" to job store "default"
[2020-05-10 00:20:01,437|INFO|base.py:881] Added job "Job.job_function" to job store "default"
[2020-05-10 00:20:01,439|INFO|base.py:881] Added job "Job.job_function" to job store "default"
[2020-05-10 00:20:03,077|DEBUG|base.py:940] Looking for jobs to run
[2020-05-10 00:20:03,078|DEBUG|base.py:1020] Next wakeup is due at 2020-05-10 00:20:12.436376+09:00 (in 9.358015 seconds)
[2020-05-10 00:20:03,324|DEBUG|base.py:940] Looking for jobs to run
[2020-05-10 00:20:03,328|DEBUG|base.py:1016] No jobs; waiting until a job is added
[2020-05-10 00:20:12,440|DEBUG|base.py:940] Looking for jobs to run
[2020-05-10 00:20:12,443|DEBUG|base.py:1020] Next wakeup is due at 2020-05-10 00:22:13.436924+09:00 (in 120.994640 seconds)
[2020-05-10 00:22:13,440|DEBUG|base.py:940] Looking for jobs to run
[2020-05-10 00:22:13,443|DEBUG|base.py:1020] Next wakeup is due at 2020-05-10 00:23:55.438787+09:00 (in 101.996284 seconds)
[2020-05-10 00:22:13,449|INFO|base.py:627] Removed job scheduler_check
[2020-05-10 00:23:55,483|DEBUG|base.py:940] Looking for jobs to run
[2020-05-10 00:23:55,485|DEBUG|base.py:1020] Next wakeup is due at 2020-05-10 00:27:49.438787+09:00 (in 233.953993 seconds)
[2020-05-10 00:23:55,505|INFO|base.py:627] Removed job auth_check
[2020-05-10 00:27:49,495|DEBUG|base.py:940] Looking for jobs to run
[2020-05-10 00:27:49,497|DEBUG|base.py:1020] Next wakeup is due at 2020-05-10 01:20:08.436376+09:00 (in 3138.938877 seconds)
[2020-05-10 01:20:08,468|DEBUG|base.py:940] Looking for jobs to run
[2020-05-10 01:20:08,472|DEBUG|base.py:1020] Next wakeup is due at 2020-05-10 02:20:04.436376+09:00 (in 3595.965690 seconds)
[2020-05-10 02:20:04,448|DEBUG|base.py:940] Looking for jobs to run
[2020-05-10 02:20:04,451|DEBUG|base.py:1020] Next wakeup is due at 2020-05-10 03:20:00.436376+09:00 (in 3595.985751 seconds)
[2020-05-10 03:20:00,447|DEBUG|base.py:940] Looking for jobs to run
[2020-05-10 03:20:00,450|DEBUG|base.py:1020] Next wakeup is due at 2020-05-10 04:19:56.436376+09:00 (in 3595.986803 seconds)
[2020-05-10 04:19:56,448|DEBUG|base.py:940] Looking for jobs to run
[2020-05-10 04:19:56,450|DEBUG|base.py:1020] Next wakeup is due at 2020-05-10 05:19:52.436376+09:00 (in 3595.986595 seconds)
[2020-05-10 05:19:52,446|DEBUG|base.py:940] Looking for jobs to run
[2020-05-10 05:19:52,449|DEBUG|base.py:1020] Next wakeup is due at 2020-05-10 06:19:48.436376+09:00 (in 3595.988042 seconds)
[2020-05-10 06:19:48,468|DEBUG|base.py:940] Looking for jobs to run
[2020-05-10 06:19:48,471|DEBUG|base.py:1020] Next wakeup is due at 2020-05-10 06:20:34.431016+09:00 (in 45.960854 seconds)
[2020-05-10 06:20:34,449|DEBUG|base.py:940] Looking for jobs to run
[2020-05-10 06:20:34,451|DEBUG|base.py:1020] Next wakeup is due at 2020-05-10 07:19:44.436376+09:00 (in 3549.985486 seconds)
[2020-05-10 06:21:06,652|INFO|base.py:166] Scheduler started
[2020-05-10 06:21:06,790|DEBUG|base.py:940] Looking for jobs to run
[2020-05-10 06:21:06,793|DEBUG|base.py:1016] No jobs; waiting until a job is added
[2020-05-10 06:21:07,272|INFO|base.py:166] Scheduler started
[2020-05-10 06:21:10,801|INFO|base.py:881] Added job "Job.job_function" to job store "default"
[2020-05-10 06:21:10,803|INFO|base.py:881] Added job "Job.job_function" to job store "default"
[2020-05-10 06:21:10,805|INFO|base.py:881] Added job "Job.job_function" to job store "default"
[2020-05-10 06:21:10,806|INFO|base.py:881] Added job "Job.job_function" to job store "default"
[2020-05-10 06:21:12,440|DEBUG|base.py:940] Looking for jobs to run
[2020-05-10 06:21:12,441|DEBUG|base.py:1020] Next wakeup is due at 2020-05-10 06:21:21.803971+09:00 (in 9.362247 seconds)
[2020-05-10 06:21:12,665|DEBUG|base.py:940] Looking for jobs to run
[2020-05-10 06:21:12,670|DEBUG|base.py:1016] No jobs; waiting until a job is added
[2020-05-10 06:21:21,814|DEBUG|base.py:940] Looking for jobs to run
[2020-05-10 06:21:21,817|DEBUG|base.py:1020] Next wakeup is due at 2020-05-10 06:23:49.804458+09:00 (in 147.988123 seconds)
[2020-05-10 06:23:49,835|DEBUG|base.py:940] Looking for jobs to run
[2020-05-10 06:23:49,836|DEBUG|base.py:1020] Next wakeup is due at 2020-05-10 06:24:47.806189+09:00 (in 57.969837 seconds)
[2020-05-10 06:23:49,840|INFO|base.py:627] Removed job scheduler_check
[2020-05-10 06:24:47,860|DEBUG|base.py:940] Looking for jobs to run
[2020-05-10 06:24:47,861|DEBUG|base.py:1020] Next wakeup is due at 2020-05-10 06:28:24.806189+09:00 (in 216.944784 seconds)
[2020-05-10 06:24:47,870|INFO|base.py:627] Removed job auth_check
[2020-05-10 06:28:24,839|DEBUG|base.py:940] Looking for jobs to run
[2020-05-10 06:28:24,840|DEBUG|base.py:1020] Next wakeup is due at 2020-05-10 07:20:56.803971+09:00 (in 3151.963526 seconds)
[2020-05-10 07:20:56,856|DEBUG|base.py:940] Looking for jobs to run
[2020-05-10 07:20:56,857|DEBUG|base.py:1020] Next wakeup is due at 2020-05-10 08:20:31.803971+09:00 (in 3574.946891 seconds)
[2020-05-10 08:20:31,825|DEBUG|base.py:940] Looking for jobs to run
[2020-05-10 08:20:31,826|DEBUG|base.py:1020] Next wakeup is due at 2020-05-10 09:20:06.803971+09:00 (in 3574.977551 seconds)
[2020-05-10 09:20:06,811|DEBUG|base.py:940] Looking for jobs to run
[2020-05-10 09:20:06,812|DEBUG|base.py:1020] Next wakeup is due at 2020-05-10 10:19:41.803971+09:00 (in 3574.992000 seconds)
[2020-05-10 10:19:41,850|DEBUG|base.py:940] Looking for jobs to run
[2020-05-10 10:19:41,851|DEBUG|base.py:1020] Next wakeup is due at 2020-05-10 11:19:16.803971+09:00 (in 3574.952795 seconds)
[2020-05-10 11:19:16,850|DEBUG|base.py:940] Looking for jobs to run
[2020-05-10 11:19:16,851|DEBUG|base.py:1020] Next wakeup is due at 2020-05-10 12:18:51.803971+09:00 (in 3574.952806 seconds)
[2020-05-10 12:18:51,852|DEBUG|base.py:940] Looking for jobs to run
[2020-05-10 12:18:51,854|DEBUG|base.py:1020] Next wakeup is due at 2020-05-10 12:21:25.798582+09:00 (in 153.945014 seconds)
[2020-05-10 12:21:25,823|DEBUG|base.py:940] Looking for jobs to run
[2020-05-10 12:21:25,826|DEBUG|base.py:1020] Next wakeup is due at 2020-05-10 13:18:26.803971+09:00 (in 3420.978842 seconds)
[2020-05-10 12:22:07,641|INFO|base.py:166] Scheduler started
[2020-05-10 12:22:07,784|DEBUG|base.py:940] Looking for jobs to run
[2020-05-10 12:22:07,787|DEBUG|base.py:1016] No jobs; waiting until a job is added
[2020-05-10 12:22:08,225|INFO|base.py:166] Scheduler started
[2020-05-10 12:22:10,584|INFO|base.py:881] Added job "Job.job_function" to job store "default"
[2020-05-10 12:22:10,586|INFO|base.py:881] Added job "Job.job_function" to job store "default"
[2020-05-10 12:22:10,588|INFO|base.py:881] Added job "Job.job_function" to job store "default"
[2020-05-10 12:22:10,590|INFO|base.py:881] Added job "Job.job_function" to job store "default"
[2020-05-10 12:22:12,700|DEBUG|base.py:940] Looking for jobs to run
[2020-05-10 12:22:12,701|DEBUG|base.py:1020] Next wakeup is due at 2020-05-10 12:22:15.587292+09:00 (in 2.885706 seconds)
[2020-05-10 12:22:12,831|DEBUG|base.py:940] Looking for jobs to run
[2020-05-10 12:22:12,835|DEBUG|base.py:1016] No jobs; waiting until a job is added
[2020-05-10 12:22:15,590|DEBUG|base.py:940] Looking for jobs to run
[2020-05-10 12:22:15,593|DEBUG|base.py:1020] Next wakeup is due at 2020-05-10 12:24:37.587727+09:00 (in 141.995529 seconds)
[2020-05-10 12:24:37,610|DEBUG|base.py:940] Looking for jobs to run
[2020-05-10 12:24:37,612|DEBUG|base.py:1020] Next wakeup is due at 2020-05-10 12:25:37.589440+09:00 (in 59.978136 seconds)
[2020-05-10 12:24:37,615|INFO|base.py:627] Removed job scheduler_check
[2020-05-10 12:25:37,592|DEBUG|base.py:940] Looking for jobs to run
[2020-05-10 12:25:37,594|DEBUG|base.py:1020] Next wakeup is due at 2020-05-10 12:29:04.589440+09:00 (in 206.995749 seconds)
[2020-05-10 12:25:37,614|INFO|base.py:627] Removed job auth_check
[2020-05-10 12:29:04,614|DEBUG|base.py:940] Looking for jobs to run
[2020-05-10 12:29:04,616|DEBUG|base.py:1020] Next wakeup is due at 2020-05-10 13:21:20.587292+09:00 (in 3135.971290 seconds)
[2020-05-10 13:21:20,610|DEBUG|base.py:940] Looking for jobs to run
[2020-05-10 13:21:20,611|DEBUG|base.py:1020] Next wakeup is due at 2020-05-10 14:20:25.587292+09:00 (in 3544.976044 seconds)
[2020-05-10 14:20:25,603|DEBUG|base.py:940] Looking for jobs to run
[2020-05-10 14:20:25,605|DEBUG|base.py:1020] Next wakeup is due at 2020-05-10 15:19:30.587292+09:00 (in 3544.982477 seconds)
[2020-05-10 15:19:30,603|DEBUG|base.py:940] Looking for jobs to run
[2020-05-10 15:19:30,606|DEBUG|base.py:1020] Next wakeup is due at 2020-05-10 16:18:35.587292+09:00 (in 3544.981791 seconds)
[2020-05-10 16:18:35,590|DEBUG|base.py:940] Looking for jobs to run
[2020-05-10 16:18:35,592|DEBUG|base.py:1020] Next wakeup is due at 2020-05-10 17:17:40.587292+09:00 (in 3544.995293 seconds)
[2020-05-10 17:17:40,600|DEBUG|base.py:940] Looking for jobs to run
[2020-05-10 17:17:40,602|DEBUG|base.py:1020] Next wakeup is due at 2020-05-10 18:16:45.587292+09:00 (in 3544.985298 seconds)
[2020-05-10 18:16:45,600|DEBUG|base.py:940] Looking for jobs to run
[2020-05-10 18:16:45,601|DEBUG|base.py:1020] Next wakeup is due at 2020-05-10 18:22:51.582082+09:00 (in 365.980702 seconds)
[2020-05-10 18:22:51,590|DEBUG|base.py:940] Looking for jobs to run
[2020-05-10 18:22:51,592|DEBUG|base.py:1020] Next wakeup is due at 2020-05-10 19:15:50.587292+09:00 (in 3178.995459 seconds)
[2020-05-10 18:23:31,616|INFO|base.py:166] Scheduler started
[2020-05-10 18:23:31,757|DEBUG|base.py:940] Looking for jobs to run
[2020-05-10 18:23:31,759|DEBUG|base.py:1016] No jobs; waiting until a job is added
[2020-05-10 18:23:32,224|INFO|base.py:166] Scheduler started
[2020-05-10 18:23:34,376|INFO|base.py:881] Added job "Job.job_function" to job store "default"
[2020-05-10 18:23:34,379|INFO|base.py:881] Added job "Job.job_function" to job store "default"
[2020-05-10 18:23:34,383|INFO|base.py:881] Added job "Job.job_function" to job store "default"
[2020-05-10 18:23:34,386|INFO|base.py:881] Added job "Job.job_function" to job store "default"
[2020-05-10 18:23:36,058|DEBUG|base.py:940] Looking for jobs to run
[2020-05-10 18:23:36,059|DEBUG|base.py:1020] Next wakeup is due at 2020-05-10 18:23:49.381397+09:00 (in 13.322257 seconds)
[2020-05-10 18:23:36,272|DEBUG|base.py:940] Looking for jobs to run
[2020-05-10 18:23:36,276|DEBUG|base.py:1016] No jobs; waiting until a job is added
[2020-05-10 18:23:49,390|DEBUG|base.py:940] Looking for jobs to run
[2020-05-10 18:23:49,393|DEBUG|base.py:1020] Next wakeup is due at 2020-05-10 18:26:16.382271+09:00 (in 146.990034 seconds)
[2020-05-10 18:26:16,399|DEBUG|base.py:940] Looking for jobs to run
[2020-05-10 18:26:16,401|DEBUG|base.py:1020] Next wakeup is due at 2020-05-10 18:26:55.385403+09:00 (in 38.984318 seconds)
[2020-05-10 18:26:16,408|INFO|base.py:627] Removed job scheduler_check
[2020-05-10 18:26:55,424|DEBUG|base.py:940] Looking for jobs to run
[2020-05-10 18:26:55,427|DEBUG|base.py:1020] Next wakeup is due at 2020-05-10 18:30:16.385403+09:00 (in 200.958887 seconds)
[2020-05-10 18:26:55,447|INFO|base.py:627] Removed job auth_check
[2020-05-10 18:30:16,410|DEBUG|base.py:940] Looking for jobs to run
[2020-05-10 18:30:16,412|DEBUG|base.py:1020] Next wakeup is due at 2020-05-10 19:22:56.381397+09:00 (in 3159.969541 seconds)
[2020-05-10 19:22:56,429|DEBUG|base.py:940] Looking for jobs to run
[2020-05-10 19:22:56,432|DEBUG|base.py:1020] Next wakeup is due at 2020-05-10 20:22:03.381397+09:00 (in 3546.949448 seconds)
[2020-05-10 20:22:03,394|DEBUG|base.py:940] Looking for jobs to run
[2020-05-10 20:22:03,397|DEBUG|base.py:1020] Next wakeup is due at 2020-05-10 21:21:10.381397+09:00 (in 3546.985647 seconds)
[2020-05-10 21:21:10,404|DEBUG|base.py:940] Looking for jobs to run
[2020-05-10 21:21:10,407|DEBUG|base.py:1020] Next wakeup is due at 2020-05-10 22:20:17.381397+09:00 (in 3546.975606 seconds)
[2020-05-10 22:20:17,386|DEBUG|base.py:940] Looking for jobs to run
[2020-05-10 22:20:17,389|DEBUG|base.py:1020] Next wakeup is due at 2020-05-10 23:19:24.381397+09:00 (in 3546.993336 seconds)
[2020-05-10 23:19:24,400|DEBUG|base.py:940] Looking for jobs to run
[2020-05-10 23:19:24,403|DEBUG|base.py:1020] Next wakeup is due at 2020-05-11 00:18:31.381397+09:00 (in 3546.979132 seconds)
[2020-05-11 00:18:31,398|DEBUG|base.py:940] Looking for jobs to run
[2020-05-11 00:18:31,402|DEBUG|base.py:1020] Next wakeup is due at 2020-05-11 00:24:15.371956+09:00 (in 343.971285 seconds)
[2020-05-11 00:24:15,396|DEBUG|base.py:940] Looking for jobs to run
[2020-05-11 00:24:15,399|DEBUG|base.py:1020] Next wakeup is due at 2020-05-11 01:17:38.381397+09:00 (in 3202.983061 seconds)
[2020-05-11 00:25:16,428|INFO|base.py:166] Scheduler started
[2020-05-11 00:25:16,578|DEBUG|base.py:940] Looking for jobs to run
[2020-05-11 00:25:16,581|DEBUG|base.py:1016] No jobs; waiting until a job is added
[2020-05-11 00:25:17,057|INFO|base.py:166] Scheduler started
[2020-05-11 00:25:17,617|INFO|base.py:881] Added job "Job.job_function" to job store "default"
[2020-05-11 00:25:17,619|INFO|base.py:881] Added job "Job.job_function" to job store "default"
[2020-05-11 00:25:17,621|INFO|base.py:881] Added job "Job.job_function" to job store "default"
[2020-05-11 00:25:17,623|INFO|base.py:881] Added job "Job.job_function" to job store "default"
[2020-05-11 00:25:19,285|DEBUG|base.py:940] Looking for jobs to run
[2020-05-11 00:25:19,285|DEBUG|base.py:1020] Next wakeup is due at 2020-05-11 00:25:29.620719+09:00 (in 10.334944 seconds)
[2020-05-11 00:25:19,471|DEBUG|base.py:940] Looking for jobs to run
[2020-05-11 00:25:19,476|DEBUG|base.py:1016] No jobs; waiting until a job is added
[2020-05-11 00:25:29,631|DEBUG|base.py:940] Looking for jobs to run
[2020-05-11 00:25:29,633|DEBUG|base.py:1020] Next wakeup is due at 2020-05-11 00:27:43.621207+09:00 (in 133.988518 seconds)
[2020-05-11 00:27:43,630|DEBUG|base.py:940] Looking for jobs to run
[2020-05-11 00:27:43,631|DEBUG|base.py:1020] Next wakeup is due at 2020-05-11 00:28:29.622987+09:00 (in 45.991776 seconds)
[2020-05-11 00:27:43,634|INFO|base.py:627] Removed job scheduler_check
[2020-05-11 00:28:29,665|DEBUG|base.py:940] Looking for jobs to run
[2020-05-11 00:28:29,667|DEBUG|base.py:1020] Next wakeup is due at 2020-05-11 00:31:41.622987+09:00 (in 191.956275 seconds)
[2020-05-11 00:28:29,675|INFO|base.py:627] Removed job auth_check
[2020-05-11 00:31:41,634|DEBUG|base.py:940] Looking for jobs to run
[2020-05-11 00:31:41,635|DEBUG|base.py:1020] Next wakeup is due at 2020-05-11 01:24:45.620719+09:00 (in 3183.985224 seconds)
[2020-05-11 01:24:45,643|DEBUG|base.py:940] Looking for jobs to run
[2020-05-11 01:24:45,644|DEBUG|base.py:1020] Next wakeup is due at 2020-05-11 02:24:01.620719+09:00 (in 3555.976296 seconds)
[2020-05-11 02:24:01,650|DEBUG|base.py:940] Looking for jobs to run
[2020-05-11 02:24:01,651|DEBUG|base.py:1020] Next wakeup is due at 2020-05-11 03:23:17.620719+09:00 (in 3555.969493 seconds)
[2020-05-11 03:23:17,633|DEBUG|base.py:940] Looking for jobs to run
[2020-05-11 03:23:17,634|DEBUG|base.py:1020] Next wakeup is due at 2020-05-11 04:22:33.620719+09:00 (in 3555.986414 seconds)
[2020-05-11 04:22:33,647|DEBUG|base.py:940] Looking for jobs to run
[2020-05-11 04:22:33,648|DEBUG|base.py:1020] Next wakeup is due at 2020-05-11 05:21:49.620719+09:00 (in 3555.972547 seconds)
[2020-05-11 05:21:49,647|DEBUG|base.py:940] Looking for jobs to run
[2020-05-11 05:21:49,648|DEBUG|base.py:1020] Next wakeup is due at 2020-05-11 06:21:05.620719+09:00 (in 3555.972475 seconds)
[2020-05-11 06:21:05,647|DEBUG|base.py:940] Looking for jobs to run
[2020-05-11 06:21:05,648|DEBUG|base.py:1020] Next wakeup is due at 2020-05-11 06:25:56.615413+09:00 (in 290.967204 seconds)
[2020-05-11 06:25:56,661|DEBUG|base.py:940] Looking for jobs to run
[2020-05-11 06:25:56,663|DEBUG|base.py:1020] Next wakeup is due at 2020-05-11 07:20:21.620719+09:00 (in 3264.957598 seconds)
[2020-05-11 06:26:52,959|INFO|base.py:166] Scheduler started
[2020-05-11 06:26:53,100|DEBUG|base.py:940] Looking for jobs to run
[2020-05-11 06:26:53,103|DEBUG|base.py:1016] No jobs; waiting until a job is added
[2020-05-11 06:26:53,648|INFO|base.py:166] Scheduler started
[2020-05-11 06:26:54,135|INFO|base.py:881] Added job "Job.job_function" to job store "default"
[2020-05-11 06:26:54,137|INFO|base.py:881] Added job "Job.job_function" to job store "default"
[2020-05-11 06:26:54,139|INFO|base.py:881] Added job "Job.job_function" to job store "default"
[2020-05-11 06:26:54,141|INFO|base.py:881] Added job "Job.job_function" to job store "default"
[2020-05-11 06:26:55,822|DEBUG|base.py:940] Looking for jobs to run
[2020-05-11 06:26:55,823|DEBUG|base.py:1020] Next wakeup is due at 2020-05-11 06:26:59.138495+09:00 (in 3.314873 seconds)
[2020-05-11 06:26:56,034|DEBUG|base.py:940] Looking for jobs to run
[2020-05-11 06:26:56,039|DEBUG|base.py:1016] No jobs; waiting until a job is added
[2020-05-11 06:26:59,140|DEBUG|base.py:940] Looking for jobs to run
[2020-05-11 06:26:59,141|DEBUG|base.py:1020] Next wakeup is due at 2020-05-11 06:29:45.138969+09:00 (in 165.997560 seconds)
[2020-05-11 06:29:45,175|DEBUG|base.py:940] Looking for jobs to run
[2020-05-11 06:29:45,176|DEBUG|base.py:1020] Next wakeup is due at 2020-05-11 06:30:48.141000+09:00 (in 62.964619 seconds)
[2020-05-11 06:29:45,179|INFO|base.py:627] Removed job scheduler_check
[2020-05-11 06:30:48,144|DEBUG|base.py:940] Looking for jobs to run
[2020-05-11 06:30:48,146|DEBUG|base.py:1020] Next wakeup is due at 2020-05-11 06:34:42.141000+09:00 (in 233.995489 seconds)
[2020-05-11 06:30:48,154|INFO|base.py:627] Removed job auth_check
[2020-05-11 06:34:42,193|DEBUG|base.py:940] Looking for jobs to run
[2020-05-11 06:34:42,194|DEBUG|base.py:1020] Next wakeup is due at 2020-05-11 07:26:12.138495+09:00 (in 3089.944301 seconds)
[2020-05-11 07:26:12,152|DEBUG|base.py:940] Looking for jobs to run
[2020-05-11 07:26:12,154|DEBUG|base.py:1020] Next wakeup is due at 2020-05-11 08:25:25.138495+09:00 (in 3552.984557 seconds)
[2020-05-11 08:25:25,159|DEBUG|base.py:940] Looking for jobs to run
[2020-05-11 08:25:25,160|DEBUG|base.py:1020] Next wakeup is due at 2020-05-11 09:24:38.138495+09:00 (in 3552.978023 seconds)
[2020-05-11 09:24:38,164|DEBUG|base.py:940] Looking for jobs to run
[2020-05-11 09:24:38,165|DEBUG|base.py:1020] Next wakeup is due at 2020-05-11 10:23:51.138495+09:00 (in 3552.973639 seconds)
[2020-05-11 10:23:51,162|DEBUG|base.py:940] Looking for jobs to run
[2020-05-11 10:23:51,163|DEBUG|base.py:1020] Next wakeup is due at 2020-05-11 11:23:04.138495+09:00 (in 3552.975594 seconds)
[2020-05-11 11:23:04,160|DEBUG|base.py:940] Looking for jobs to run
[2020-05-11 11:23:04,161|DEBUG|base.py:1020] Next wakeup is due at 2020-05-11 12:22:17.138495+09:00 (in 3552.977301 seconds)
[2020-05-11 12:22:17,161|DEBUG|base.py:940] Looking for jobs to run
[2020-05-11 12:22:17,163|DEBUG|base.py:1020] Next wakeup is due at 2020-05-11 12:27:52.132841+09:00 (in 334.970184 seconds)
[2020-05-11 12:27:52,170|DEBUG|base.py:940] Looking for jobs to run
[2020-05-11 12:27:52,171|DEBUG|base.py:1020] Next wakeup is due at 2020-05-11 13:21:30.138495+09:00 (in 3217.967316 seconds)
[2020-05-11 12:28:39,764|INFO|base.py:166] Scheduler started
[2020-05-11 12:28:39,909|DEBUG|base.py:940] Looking for jobs to run
[2020-05-11 12:28:39,911|DEBUG|base.py:1016] No jobs; waiting until a job is added
[2020-05-11 12:28:40,324|INFO|base.py:166] Scheduler started
[2020-05-11 12:28:41,602|INFO|base.py:881] Added job "Job.job_function" to job store "default"
[2020-05-11 12:28:41,604|INFO|base.py:881] Added job "Job.job_function" to job store "default"
[2020-05-11 12:28:41,606|INFO|base.py:881] Added job "Job.job_function" to job store "default"
[2020-05-11 12:28:41,608|INFO|base.py:881] Added job "Job.job_function" to job store "default"
[2020-05-11 12:28:43,241|DEBUG|base.py:940] Looking for jobs to run
[2020-05-11 12:28:43,242|DEBUG|base.py:1020] Next wakeup is due at 2020-05-11 12:29:00.605146+09:00 (in 17.362588 seconds)
[2020-05-11 12:28:43,412|DEBUG|base.py:940] Looking for jobs to run
[2020-05-11 12:28:43,416|DEBUG|base.py:1016] No jobs; waiting until a job is added
[2020-05-11 12:29:00,620|DEBUG|base.py:940] Looking for jobs to run
[2020-05-11 12:29:00,622|DEBUG|base.py:1020] Next wakeup is due at 2020-05-11 12:31:37.605710+09:00 (in 156.984141 seconds)
[2020-05-11 12:31:37,640|DEBUG|base.py:940] Looking for jobs to run
[2020-05-11 12:31:37,641|DEBUG|base.py:1020] Next wakeup is due at 2020-05-11 12:32:31.607373+09:00 (in 53.966171 seconds)
[2020-05-11 12:31:37,644|INFO|base.py:627] Removed job scheduler_check
[2020-05-11 12:32:31,660|DEBUG|base.py:940] Looking for jobs to run
[2020-05-11 12:32:31,661|DEBUG|base.py:1020] Next wakeup is due at 2020-05-11 12:36:21.607373+09:00 (in 229.946180 seconds)
[2020-05-11 12:32:31,670|INFO|base.py:627] Removed job auth_check
[2020-05-11 12:36:21,650|DEBUG|base.py:940] Looking for jobs to run
[2020-05-11 12:36:21,651|DEBUG|base.py:1020] Next wakeup is due at 2020-05-11 13:28:54.605146+09:00 (in 3152.953864 seconds)
