[2020-05-07 18:54:40,694|DEBUG|D:\Cloud\CloudStation\SJ\SJVA\plugin\daum_tv\plugin.py:46] plugin_load:daum_tv
[2020-05-07 19:11:36,236|DEBUG|plugin.py:46] plugin_load:daum_tv
[2020-05-07 19:17:57,167|DEBUG|plugin.py:72] DETAIL daum_tv list
[2020-05-07 19:17:57,555|DEBUG|plugin.py:85] AJAX daum_tv db_list
[2020-05-07 19:17:57,609|DEBUG|logic.py:435] ModelDaumTVShow count:0
[2020-05-07 19:17:59,859|DEBUG|plugin.py:85] AJAX daum_tv db_list
[2020-05-07 19:17:59,891|DEBUG|logic.py:435] ModelDaumTVShow count:0
[2020-05-07 19:28:30,810|DEBUG|plugin.py:72] DETAIL daum_tv list
[2020-05-07 19:28:31,204|DEBUG|plugin.py:85] AJAX daum_tv db_list
[2020-05-07 19:28:31,234|DEBUG|logic.py:435] ModelDaumTVShow count:0
[2020-05-07 23:19:59,103|DEBUG|plugin.py:46] plugin_load:daum_tv
[2020-05-08 05:19:58,562|DEBUG|plugin.py:54] plugin_unload:daum_tv
[2020-05-08 05:21:16,373|DEBUG|plugin.py:46] plugin_load:daum_tv
[2020-05-08 11:22:05,809|DEBUG|plugin.py:54] plugin_unload:daum_tv
[2020-05-08 11:23:18,206|DEBUG|plugin.py:46] plugin_load:daum_tv
[2020-05-08 12:12:50,222|DEBUG|plugin.py:46] plugin_load:daum_tv
[2020-05-08 18:13:03,097|DEBUG|plugin.py:54] plugin_unload:daum_tv
[2020-05-08 18:13:54,225|DEBUG|plugin.py:46] plugin_load:daum_tv
[2020-05-09 00:14:22,700|DEBUG|plugin.py:54] plugin_unload:daum_tv
[2020-05-09 00:15:13,289|DEBUG|plugin.py:46] plugin_load:daum_tv
[2020-05-09 06:15:53,761|DEBUG|plugin.py:54] plugin_unload:daum_tv
[2020-05-09 06:16:38,452|DEBUG|plugin.py:46] plugin_load:daum_tv
[2020-05-09 12:16:48,895|DEBUG|plugin.py:54] plugin_unload:daum_tv
[2020-05-09 12:17:32,756|DEBUG|plugin.py:46] plugin_load:daum_tv
[2020-05-09 18:17:56,875|DEBUG|plugin.py:54] plugin_unload:daum_tv
[2020-05-09 18:18:37,226|DEBUG|plugin.py:46] plugin_load:daum_tv
[2020-05-10 00:19:22,638|DEBUG|plugin.py:54] plugin_unload:daum_tv
[2020-05-10 00:20:02,969|DEBUG|plugin.py:46] plugin_load:daum_tv
[2020-05-10 06:20:34,460|DEBUG|plugin.py:54] plugin_unload:daum_tv
[2020-05-10 06:21:12,334|DEBUG|plugin.py:46] plugin_load:daum_tv
[2020-05-10 12:21:25,835|DEBUG|plugin.py:54] plugin_unload:daum_tv
[2020-05-10 12:22:12,599|DEBUG|plugin.py:46] plugin_load:daum_tv
[2020-05-10 18:22:51,599|DEBUG|plugin.py:54] plugin_unload:daum_tv
[2020-05-10 18:23:35,952|DEBUG|plugin.py:46] plugin_load:daum_tv
[2020-05-11 00:24:15,409|DEBUG|plugin.py:54] plugin_unload:daum_tv
[2020-05-11 00:25:19,178|DEBUG|plugin.py:46] plugin_load:daum_tv
[2020-05-11 06:25:56,669|DEBUG|plugin.py:54] plugin_unload:daum_tv
[2020-05-11 06:26:55,718|DEBUG|plugin.py:46] plugin_load:daum_tv
[2020-05-11 12:27:52,175|DEBUG|plugin.py:54] plugin_unload:daum_tv
[2020-05-11 12:28:43,140|DEBUG|plugin.py:46] plugin_load:daum_tv
