[2020-05-07 19:11:35,255|DEBUG|plugin.py:45] plugin_load:fileprocess_movie
[2020-05-07 19:29:22,528|DEBUG|plugin.py:71] DETAIL fileprocess_movie list
[2020-05-07 19:29:24,349|DEBUG|plugin.py:91] AJAX fileprocess_movie filelist
[2020-05-07 19:29:24,393|DEBUG|logic.py:200] ModelFileprocessMovieItem count:0
[2020-05-07 23:19:58,959|DEBUG|plugin.py:45] plugin_load:fileprocess_movie
[2020-05-08 05:19:58,561|DEBUG|plugin.py:53] plugin_unload:fileprocess_movie
[2020-05-08 05:21:16,245|DEBUG|plugin.py:45] plugin_load:fileprocess_movie
[2020-05-08 11:22:05,809|DEBUG|plugin.py:53] plugin_unload:fileprocess_movie
[2020-05-08 11:23:18,090|DEBUG|plugin.py:45] plugin_load:fileprocess_movie
[2020-05-08 12:12:50,086|DEBUG|plugin.py:45] plugin_load:fileprocess_movie
[2020-05-08 18:13:03,097|DEBUG|plugin.py:53] plugin_unload:fileprocess_movie
[2020-05-08 18:13:54,094|DEBUG|plugin.py:45] plugin_load:fileprocess_movie
[2020-05-09 00:14:22,699|DEBUG|plugin.py:53] plugin_unload:fileprocess_movie
[2020-05-09 00:15:13,152|DEBUG|plugin.py:45] plugin_load:fileprocess_movie
[2020-05-09 06:15:53,760|DEBUG|plugin.py:53] plugin_unload:fileprocess_movie
[2020-05-09 06:16:38,323|DEBUG|plugin.py:45] plugin_load:fileprocess_movie
[2020-05-09 12:16:48,895|DEBUG|plugin.py:53] plugin_unload:fileprocess_movie
[2020-05-09 12:17:32,622|DEBUG|plugin.py:45] plugin_load:fileprocess_movie
[2020-05-09 18:17:56,875|DEBUG|plugin.py:53] plugin_unload:fileprocess_movie
[2020-05-09 18:18:37,099|DEBUG|plugin.py:45] plugin_load:fileprocess_movie
[2020-05-10 00:19:22,637|DEBUG|plugin.py:53] plugin_unload:fileprocess_movie
[2020-05-10 00:20:02,841|DEBUG|plugin.py:45] plugin_load:fileprocess_movie
[2020-05-10 06:20:34,458|DEBUG|plugin.py:53] plugin_unload:fileprocess_movie
[2020-05-10 06:21:12,205|DEBUG|plugin.py:45] plugin_load:fileprocess_movie
[2020-05-10 12:21:25,833|DEBUG|plugin.py:53] plugin_unload:fileprocess_movie
[2020-05-10 12:22:12,455|DEBUG|plugin.py:45] plugin_load:fileprocess_movie
[2020-05-10 18:22:51,598|DEBUG|plugin.py:53] plugin_unload:fileprocess_movie
[2020-05-10 18:23:35,823|DEBUG|plugin.py:45] plugin_load:fileprocess_movie
[2020-05-11 00:24:15,407|DEBUG|plugin.py:53] plugin_unload:fileprocess_movie
[2020-05-11 00:25:19,045|DEBUG|plugin.py:45] plugin_load:fileprocess_movie
[2020-05-11 06:25:56,668|DEBUG|plugin.py:53] plugin_unload:fileprocess_movie
[2020-05-11 06:26:55,587|DEBUG|plugin.py:45] plugin_load:fileprocess_movie
[2020-05-11 12:27:52,174|DEBUG|plugin.py:53] plugin_unload:fileprocess_movie
[2020-05-11 12:28:43,008|DEBUG|plugin.py:45] plugin_load:fileprocess_movie
