[2020-05-07 18:54:29,539|DEBUG|D:\Cloud\CloudStation\SJ\SJVA\lib\framework\__init__.py:191] Path app root : /app
[2020-05-07 18:54:29,542|DEBUG|D:\Cloud\CloudStation\SJ\SJVA\lib\framework\__init__.py:192] Path app data : /app/data
[2020-05-07 18:54:29,544|DEBUG|D:\Cloud\CloudStation\SJ\SJVA\lib\framework\__init__.py:195] Platform : Linux
[2020-05-07 18:54:29,551|DEBUG|D:\Cloud\CloudStation\SJ\SJVA\lib\framework\class_scheduler.py:42] SCHEDULER..
[2020-05-07 18:54:30,305|DEBUG|D:\Cloud\CloudStation\SJ\SJVA\lib\framework\class_scheduler.py:79] job_id:system_restart None
[2020-05-07 18:54:30,309|DEBUG|D:\Cloud\CloudStation\SJ\SJVA\lib\framework\class_scheduler.py:79] job_id:system_restart None
[2020-05-07 18:54:30,463|DEBUG|D:\Cloud\CloudStation\SJ\SJVA\lib\framework\class_scheduler.py:79] job_id:system_statistics None
[2020-05-07 18:54:30,464|DEBUG|D:\Cloud\CloudStation\SJ\SJVA\lib\framework\class_scheduler.py:79] job_id:system_statistics None
[2020-05-07 18:54:30,501|DEBUG|D:\Cloud\CloudStation\SJ\SJVA\lib\framework\__init__.py:84] plugin_name:tving
[2020-05-07 18:54:33,759|DEBUG|D:\Cloud\CloudStation\SJ\SJVA\lib\framework\__init__.py:84] plugin_name:ffmpeg
[2020-05-07 18:54:33,764|DEBUG|D:\Cloud\CloudStation\SJ\SJVA\lib\framework\__init__.py:84] plugin_name:offcloud
[2020-05-07 18:54:36,746|DEBUG|D:\Cloud\CloudStation\SJ\SJVA\lib\framework\__init__.py:84] plugin_name:daum_tv
[2020-05-07 18:54:36,776|DEBUG|D:\Cloud\CloudStation\SJ\SJVA\lib\framework\__init__.py:84] plugin_name:pooq
[2020-05-07 18:54:36,815|DEBUG|D:\Cloud\CloudStation\SJ\SJVA\lib\framework\__init__.py:84] plugin_name:plex
[2020-05-07 18:54:37,008|DEBUG|D:\Cloud\CloudStation\SJ\SJVA\lib\framework\__init__.py:84] plugin_name:rss
[2020-05-07 18:54:37,023|DEBUG|D:\Cloud\CloudStation\SJ\SJVA\lib\framework\__init__.py:84] plugin_name:ktv
[2020-05-07 18:54:37,061|DEBUG|D:\Cloud\CloudStation\SJ\SJVA\lib\framework\__init__.py:84] plugin_name:gdrive_scan
[2020-05-07 18:54:37,812|DEBUG|D:\Cloud\CloudStation\SJ\SJVA\lib\framework\__init__.py:84] plugin_name:command
[2020-05-07 18:54:37,830|DEBUG|D:\Cloud\CloudStation\SJ\SJVA\lib\framework\__init__.py:84] plugin_name:telegram_bot
[2020-05-07 18:54:37,834|DEBUG|D:\Cloud\CloudStation\SJ\SJVA\lib\framework\__init__.py:84] plugin_name:rclone
[2020-05-07 18:54:41,310|DEBUG|D:\Cloud\CloudStation\SJ\SJVA\lib\framework\__init__.py:125] Plugin Log completed.. :12 list : {'offcloud': <module 'offcloud' from '/app/plugin/offcloud/__init__.pyo'>, 'tving': <module 'tving' from '/app/plugin/tving/__init__.pyo'>, 'ffmpeg': <module 'ffmpeg' from '/app/plugin/ffmpeg/__init__.pyo'>, 'rclone': <module 'rclone' from '/app/plugin/rclone/__init__.pyo'>, 'ktv': <module 'ktv' from '/app/plugin/ktv/__init__.pyo'>, 'daum_tv': <module 'daum_tv' from '/app/plugin/daum_tv/__init__.pyo'>, 'plex': <module 'plex' from '/app/plugin/plex/__init__.pyo'>, 'gdrive_scan': <module 'gdrive_scan' from '/app/plugin/gdrive_scan/__init__.pyo'>, 'pooq': <module 'pooq' from '/app/plugin/pooq/__init__.pyo'>, 'command': <module 'command' from '/app/plugin/command/__init__.pyo'>, 'telegram_bot': <module 'telegram_bot' from '/app/plugin/telegram_bot/__init__.pyo'>, 'rss': <module 'rss' from '/app/plugin/rss/__init__.pyo'>}
[2020-05-07 18:54:45,705|DEBUG|D:\Cloud\CloudStation\SJ\SJVA\lib\framework\class_scheduler.py:124] len jobs 2 2
[2020-05-07 18:54:46,643|DEBUG|D:\Cloud\CloudStation\SJ\SJVA\lib\framework\class_scheduler.py:79] job_id:system_statistics Job.job_function (trigger: interval[0:57:52], next run at: 2020-05-07 19:52:37 KST)
[2020-05-07 18:55:17,504|DEBUG|D:\Cloud\CloudStation\SJ\SJVA\lib\framework\class_scheduler.py:124] len jobs 2 2
[2020-05-07 18:55:17,643|DEBUG|D:\Cloud\CloudStation\SJ\SJVA\lib\framework\class_scheduler.py:124] len jobs 2 2
[2020-05-07 18:55:18,649|DEBUG|D:\Cloud\CloudStation\SJ\SJVA\lib\framework\class_scheduler.py:124] len jobs 2 2
[2020-05-07 18:55:19,655|DEBUG|D:\Cloud\CloudStation\SJ\SJVA\lib\framework\class_scheduler.py:124] len jobs 2 2
[2020-05-07 18:55:20,667|DEBUG|D:\Cloud\CloudStation\SJ\SJVA\lib\framework\class_scheduler.py:124] len jobs 2 2
[2020-05-07 18:55:21,675|DEBUG|D:\Cloud\CloudStation\SJ\SJVA\lib\framework\class_scheduler.py:124] len jobs 2 2
[2020-05-07 18:55:22,683|DEBUG|D:\Cloud\CloudStation\SJ\SJVA\lib\framework\class_scheduler.py:124] len jobs 2 2
[2020-05-07 18:55:23,696|DEBUG|D:\Cloud\CloudStation\SJ\SJVA\lib\framework\class_scheduler.py:124] len jobs 2 2
[2020-05-07 18:55:24,710|DEBUG|D:\Cloud\CloudStation\SJ\SJVA\lib\framework\class_scheduler.py:124] len jobs 2 2
[2020-05-07 18:55:25,717|DEBUG|D:\Cloud\CloudStation\SJ\SJVA\lib\framework\class_scheduler.py:124] len jobs 2 2
[2020-05-07 18:55:26,723|DEBUG|D:\Cloud\CloudStation\SJ\SJVA\lib\framework\class_scheduler.py:124] len jobs 2 2
[2020-05-07 18:55:27,734|DEBUG|D:\Cloud\CloudStation\SJ\SJVA\lib\framework\class_scheduler.py:124] len jobs 2 2
[2020-05-07 18:55:28,746|DEBUG|D:\Cloud\CloudStation\SJ\SJVA\lib\framework\class_scheduler.py:124] len jobs 2 2
[2020-05-07 18:55:29,759|DEBUG|D:\Cloud\CloudStation\SJ\SJVA\lib\framework\class_scheduler.py:124] len jobs 2 2
[2020-05-07 18:55:30,770|DEBUG|D:\Cloud\CloudStation\SJ\SJVA\lib\framework\class_scheduler.py:124] len jobs 2 2
[2020-05-07 18:55:31,783|DEBUG|D:\Cloud\CloudStation\SJ\SJVA\lib\framework\class_scheduler.py:124] len jobs 2 2
[2020-05-07 18:55:32,791|DEBUG|D:\Cloud\CloudStation\SJ\SJVA\lib\framework\class_scheduler.py:124] len jobs 2 2
[2020-05-07 18:55:33,797|DEBUG|D:\Cloud\CloudStation\SJ\SJVA\lib\framework\class_scheduler.py:124] len jobs 2 2
[2020-05-07 18:55:34,803|DEBUG|D:\Cloud\CloudStation\SJ\SJVA\lib\framework\class_scheduler.py:124] len jobs 2 2
[2020-05-07 18:55:35,810|DEBUG|D:\Cloud\CloudStation\SJ\SJVA\lib\framework\class_scheduler.py:124] len jobs 2 2
[2020-05-07 18:55:36,820|DEBUG|D:\Cloud\CloudStation\SJ\SJVA\lib\framework\class_scheduler.py:124] len jobs 2 2
[2020-05-07 18:55:37,834|DEBUG|D:\Cloud\CloudStation\SJ\SJVA\lib\framework\class_scheduler.py:124] len jobs 2 2
[2020-05-07 18:55:38,846|DEBUG|D:\Cloud\CloudStation\SJ\SJVA\lib\framework\class_scheduler.py:124] len jobs 2 2
[2020-05-07 18:55:39,858|DEBUG|D:\Cloud\CloudStation\SJ\SJVA\lib\framework\class_scheduler.py:124] len jobs 2 2
[2020-05-07 18:55:40,871|DEBUG|D:\Cloud\CloudStation\SJ\SJVA\lib\framework\class_scheduler.py:124] len jobs 2 2
[2020-05-07 18:55:41,883|DEBUG|D:\Cloud\CloudStation\SJ\SJVA\lib\framework\class_scheduler.py:124] len jobs 2 2
[2020-05-07 18:55:42,895|DEBUG|D:\Cloud\CloudStation\SJ\SJVA\lib\framework\class_scheduler.py:124] len jobs 2 2
[2020-05-07 18:55:43,908|DEBUG|D:\Cloud\CloudStation\SJ\SJVA\lib\framework\class_scheduler.py:124] len jobs 2 2
[2020-05-07 18:55:44,921|DEBUG|D:\Cloud\CloudStation\SJ\SJVA\lib\framework\class_scheduler.py:124] len jobs 2 2
[2020-05-07 18:55:45,932|DEBUG|D:\Cloud\CloudStation\SJ\SJVA\lib\framework\class_scheduler.py:124] len jobs 2 2
[2020-05-07 18:55:46,939|DEBUG|D:\Cloud\CloudStation\SJ\SJVA\lib\framework\class_scheduler.py:124] len jobs 2 2
[2020-05-07 18:55:47,948|DEBUG|D:\Cloud\CloudStation\SJ\SJVA\lib\framework\class_scheduler.py:124] len jobs 2 2
[2020-05-07 18:55:48,960|DEBUG|D:\Cloud\CloudStation\SJ\SJVA\lib\framework\class_scheduler.py:124] len jobs 2 2
[2020-05-07 18:55:49,968|DEBUG|D:\Cloud\CloudStation\SJ\SJVA\lib\framework\class_scheduler.py:124] len jobs 2 2
[2020-05-07 18:55:50,974|DEBUG|D:\Cloud\CloudStation\SJ\SJVA\lib\framework\class_scheduler.py:124] len jobs 2 2
[2020-05-07 18:55:51,984|DEBUG|D:\Cloud\CloudStation\SJ\SJVA\lib\framework\class_scheduler.py:124] len jobs 2 2
[2020-05-07 18:55:52,997|DEBUG|D:\Cloud\CloudStation\SJ\SJVA\lib\framework\class_scheduler.py:124] len jobs 2 2
[2020-05-07 18:55:54,006|DEBUG|D:\Cloud\CloudStation\SJ\SJVA\lib\framework\class_scheduler.py:124] len jobs 2 2
[2020-05-07 18:55:55,012|DEBUG|D:\Cloud\CloudStation\SJ\SJVA\lib\framework\class_scheduler.py:124] len jobs 2 2
[2020-05-07 18:55:56,020|DEBUG|D:\Cloud\CloudStation\SJ\SJVA\lib\framework\class_scheduler.py:124] len jobs 2 2
[2020-05-07 18:55:57,029|DEBUG|D:\Cloud\CloudStation\SJ\SJVA\lib\framework\class_scheduler.py:124] len jobs 2 2
[2020-05-07 18:55:58,044|DEBUG|D:\Cloud\CloudStation\SJ\SJVA\lib\framework\class_scheduler.py:124] len jobs 2 2
[2020-05-07 18:55:59,055|DEBUG|D:\Cloud\CloudStation\SJ\SJVA\lib\framework\class_scheduler.py:124] len jobs 2 2
[2020-05-07 18:55:59,985|DEBUG|D:\Cloud\CloudStation\SJ\SJVA\lib\framework\class_scheduler.py:124] len jobs 2 2
[2020-05-07 18:56:00,071|DEBUG|D:\Cloud\CloudStation\SJ\SJVA\lib\framework\class_scheduler.py:124] len jobs 2 2
[2020-05-07 18:56:01,079|DEBUG|D:\Cloud\CloudStation\SJ\SJVA\lib\framework\class_scheduler.py:124] len jobs 2 2
[2020-05-07 18:56:02,085|DEBUG|D:\Cloud\CloudStation\SJ\SJVA\lib\framework\class_scheduler.py:124] len jobs 2 2
[2020-05-07 18:56:03,093|DEBUG|D:\Cloud\CloudStation\SJ\SJVA\lib\framework\class_scheduler.py:124] len jobs 2 2
[2020-05-07 18:56:04,105|DEBUG|D:\Cloud\CloudStation\SJ\SJVA\lib\framework\class_scheduler.py:124] len jobs 2 2
[2020-05-07 18:56:05,117|DEBUG|D:\Cloud\CloudStation\SJ\SJVA\lib\framework\class_scheduler.py:124] len jobs 2 2
[2020-05-07 18:56:06,129|DEBUG|D:\Cloud\CloudStation\SJ\SJVA\lib\framework\class_scheduler.py:124] len jobs 2 2
[2020-05-07 18:56:07,138|DEBUG|D:\Cloud\CloudStation\SJ\SJVA\lib\framework\class_scheduler.py:124] len jobs 2 2
[2020-05-07 18:56:08,148|DEBUG|D:\Cloud\CloudStation\SJ\SJVA\lib\framework\class_scheduler.py:124] len jobs 2 2
[2020-05-07 18:56:09,160|DEBUG|D:\Cloud\CloudStation\SJ\SJVA\lib\framework\class_scheduler.py:124] len jobs 2 2
[2020-05-07 18:56:10,172|DEBUG|D:\Cloud\CloudStation\SJ\SJVA\lib\framework\class_scheduler.py:124] len jobs 2 2
[2020-05-07 18:56:11,252|DEBUG|D:\Cloud\CloudStation\SJ\SJVA\lib\framework\class_scheduler.py:124] len jobs 2 2
[2020-05-07 18:56:11,386|DEBUG|D:\Cloud\CloudStation\SJ\SJVA\lib\framework\class_scheduler.py:124] len jobs 2 2
[2020-05-07 18:56:12,398|DEBUG|D:\Cloud\CloudStation\SJ\SJVA\lib\framework\class_scheduler.py:124] len jobs 2 2
[2020-05-07 18:56:13,416|DEBUG|D:\Cloud\CloudStation\SJ\SJVA\lib\framework\class_scheduler.py:124] len jobs 2 2
[2020-05-07 18:56:14,430|DEBUG|D:\Cloud\CloudStation\SJ\SJVA\lib\framework\class_scheduler.py:124] len jobs 2 2
[2020-05-07 18:56:15,442|DEBUG|D:\Cloud\CloudStation\SJ\SJVA\lib\framework\class_scheduler.py:124] len jobs 2 2
[2020-05-07 18:56:16,454|DEBUG|D:\Cloud\CloudStation\SJ\SJVA\lib\framework\class_scheduler.py:124] len jobs 2 2
[2020-05-07 18:56:17,464|DEBUG|D:\Cloud\CloudStation\SJ\SJVA\lib\framework\class_scheduler.py:124] len jobs 2 2
[2020-05-07 18:56:18,469|DEBUG|D:\Cloud\CloudStation\SJ\SJVA\lib\framework\class_scheduler.py:124] len jobs 2 2
[2020-05-07 18:56:19,476|DEBUG|D:\Cloud\CloudStation\SJ\SJVA\lib\framework\class_scheduler.py:124] len jobs 2 2
[2020-05-07 18:56:20,486|DEBUG|D:\Cloud\CloudStation\SJ\SJVA\lib\framework\class_scheduler.py:124] len jobs 2 2
[2020-05-07 18:56:21,494|DEBUG|D:\Cloud\CloudStation\SJ\SJVA\lib\framework\class_scheduler.py:124] len jobs 2 2
[2020-05-07 18:56:22,506|DEBUG|D:\Cloud\CloudStation\SJ\SJVA\lib\framework\class_scheduler.py:124] len jobs 2 2
[2020-05-07 18:56:23,516|DEBUG|D:\Cloud\CloudStation\SJ\SJVA\lib\framework\class_scheduler.py:124] len jobs 2 2
[2020-05-07 18:56:24,529|DEBUG|D:\Cloud\CloudStation\SJ\SJVA\lib\framework\class_scheduler.py:124] len jobs 2 2
[2020-05-07 18:56:25,545|DEBUG|D:\Cloud\CloudStation\SJ\SJVA\lib\framework\class_scheduler.py:124] len jobs 2 2
[2020-05-07 18:56:26,556|DEBUG|D:\Cloud\CloudStation\SJ\SJVA\lib\framework\class_scheduler.py:124] len jobs 2 2
[2020-05-07 18:56:27,563|DEBUG|D:\Cloud\CloudStation\SJ\SJVA\lib\framework\class_scheduler.py:124] len jobs 2 2
[2020-05-07 18:56:28,569|DEBUG|D:\Cloud\CloudStation\SJ\SJVA\lib\framework\class_scheduler.py:124] len jobs 2 2
[2020-05-07 18:56:29,577|DEBUG|D:\Cloud\CloudStation\SJ\SJVA\lib\framework\class_scheduler.py:124] len jobs 2 2
[2020-05-07 18:56:30,589|DEBUG|D:\Cloud\CloudStation\SJ\SJVA\lib\framework\class_scheduler.py:124] len jobs 2 2
[2020-05-07 18:56:31,601|DEBUG|D:\Cloud\CloudStation\SJ\SJVA\lib\framework\class_scheduler.py:124] len jobs 2 2
[2020-05-07 18:58:20,530|DEBUG|D:\Cloud\CloudStation\SJ\SJVA\lib\framework\class_scheduler.py:79] job_id:system_restart Job.job_function (trigger: interval[6:00:32], next run at: 2020-05-08 00:55:02 KST)
[2020-05-07 18:58:20,533|DEBUG|D:\Cloud\CloudStation\SJ\SJVA\lib\framework\class_scheduler.py:115] remove_job_instance : system_restart
[2020-05-07 18:58:20,535|DEBUG|D:\Cloud\CloudStation\SJ\SJVA\lib\framework\class_scheduler.py:88] remove job_id:system_restart
[2020-05-07 18:58:20,540|DEBUG|D:\Cloud\CloudStation\SJ\SJVA\lib\framework\class_scheduler.py:79] job_id:system_restart None
[2020-05-07 19:11:27,311|DEBUG|__init__.py:60] Path app root : /app
[2020-05-07 19:11:27,318|DEBUG|__init__.py:61] Path app data : /app/data
[2020-05-07 19:11:27,319|DEBUG|__init__.py:64] Platform : Linux
[2020-05-07 19:11:27,324|DEBUG|__init__.py:72] NOT INSTALLED FLASK_RESTFUL
[2020-05-07 19:11:27,331|DEBUG|class_scheduler.py:55] SCHEDULER..
[2020-05-07 19:11:27,354|DEBUG|__init__.py:60] Path app root : /app
[2020-05-07 19:11:27,358|DEBUG|__init__.py:61] Path app data : /app/data
[2020-05-07 19:11:27,358|DEBUG|__init__.py:64] Platform : Linux
[2020-05-07 19:11:27,362|DEBUG|__init__.py:72] NOT INSTALLED FLASK_RESTFUL
[2020-05-07 19:11:27,366|DEBUG|class_scheduler.py:55] SCHEDULER..
[2020-05-07 19:11:27,560|DEBUG|__init__.py:105] ======================================
[2020-05-07 19:11:27,560|DEBUG|__init__.py:105] ======================================
[2020-05-07 19:11:27,561|DEBUG|__init__.py:106] ['/usr/local/bin/celery', 'worker', '-A', 'sjva.celery', '-c2', '--loglevel=info']
[2020-05-07 19:11:27,561|DEBUG|__init__.py:106] ['sjva.py', '0', '0']
[2020-05-07 19:11:27,561|DEBUG|__init__.py:127] use_celery : True
[2020-05-07 19:11:27,562|DEBUG|__init__.py:127] use_celery : True
[2020-05-07 19:11:27,563|DEBUG|__init__.py:128] ======================================
[2020-05-07 19:11:27,564|DEBUG|__init__.py:128] ======================================
[2020-05-07 19:11:32,004|DEBUG|init_plugin.py:54] CONFIG_SERVER : {'use_celery': True, 'is_sjva_server': False, 'repeat': -1, 'run_by_migration': False, 'run_by_real': False, 'run_by_init_db': False, 'server': False, 'run_by_worker': True, 'is_debug': False, 'rss_subtitle_webhook': 'https://discordapp.com/api/webhooks/689800985887113329/GBTUBpP9L0dOegqL4sH-u1fwpssPKq0gBOGPb50JQjim22gUqskYCtj-wnup6BsY3vvc', 'running_type': 'docker', 'is_server': False}
[2020-05-07 19:11:32,005|DEBUG|init_plugin.py:72] []
[2020-05-07 19:11:32,009|DEBUG|init_plugin.py:122] plugin_name:command
[2020-05-07 19:11:32,217|DEBUG|init_plugin.py:122] plugin_name:daum_tv
[2020-05-07 19:11:32,351|DEBUG|init_plugin.py:122] plugin_name:epg
[2020-05-07 19:11:32,384|DEBUG|init_plugin.py:54] CONFIG_SERVER : {'use_celery': True, 'is_sjva_server': False, 'repeat': 0, 'run_by_migration': False, 'run_by_real': True, 'run_by_init_db': False, 'server': False, 'run_by_worker': False, 'is_debug': False, 'rss_subtitle_webhook': 'https://discordapp.com/api/webhooks/689800985887113329/GBTUBpP9L0dOegqL4sH-u1fwpssPKq0gBOGPb50JQjim22gUqskYCtj-wnup6BsY3vvc', 'running_type': 'docker', 'is_server': False}
[2020-05-07 19:11:32,385|DEBUG|init_plugin.py:72] []
[2020-05-07 19:11:32,390|DEBUG|init_plugin.py:122] plugin_name:command
[2020-05-07 19:11:32,450|DEBUG|init_plugin.py:122] plugin_name:daum_tv
[2020-05-07 19:11:32,469|DEBUG|init_plugin.py:122] plugin_name:ffmpeg
[2020-05-07 19:11:32,498|DEBUG|init_plugin.py:122] plugin_name:fileprocess_movie
[2020-05-07 19:11:32,529|DEBUG|init_plugin.py:122] plugin_name:epg
[2020-05-07 19:11:32,647|DEBUG|init_plugin.py:122] plugin_name:ffmpeg
[2020-05-07 19:11:32,673|DEBUG|init_plugin.py:122] plugin_name:fileprocess_movie
[2020-05-07 19:11:33,182|DEBUG|init_plugin.py:122] plugin_name:gdrive_scan
[2020-05-07 19:11:33,182|DEBUG|init_plugin.py:122] plugin_name:gdrive_scan
[2020-05-07 19:11:34,018|DEBUG|init_plugin.py:122] plugin_name:klive
[2020-05-07 19:11:34,018|DEBUG|init_plugin.py:122] plugin_name:klive
[2020-05-07 19:11:34,093|DEBUG|init_plugin.py:122] plugin_name:ktv
[2020-05-07 19:11:34,093|DEBUG|init_plugin.py:122] plugin_name:ktv
[2020-05-07 19:11:34,148|DEBUG|init_plugin.py:122] plugin_name:plex
[2020-05-07 19:11:34,148|DEBUG|init_plugin.py:122] plugin_name:plex
[2020-05-07 19:11:34,158|DEBUG|init_plugin.py:122] plugin_name:rclone
[2020-05-07 19:11:34,158|DEBUG|init_plugin.py:122] plugin_name:rclone
[2020-05-07 19:11:34,233|DEBUG|init_plugin.py:122] plugin_name:smi2srt
[2020-05-07 19:11:34,233|DEBUG|init_plugin.py:122] plugin_name:smi2srt
[2020-05-07 19:11:34,271|DEBUG|init_plugin.py:122] plugin_name:tvheadend
[2020-05-07 19:11:34,271|DEBUG|init_plugin.py:122] plugin_name:tvheadend
[2020-05-07 19:11:36,857|DEBUG|init_plugin.py:172] Plugin Log completed.. : 12 
[2020-05-07 19:11:36,873|DEBUG|__init__.py:219] PORT:9999
[2020-05-07 19:14:15,391|WARNING|class_scheduler.py:64] XX first_run_check_thread_function
[2020-05-07 19:14:15,394|DEBUG|class_scheduler.py:140] remove job_id:scheduler_check
[2020-05-07 19:14:15,396|WARNING|class_scheduler.py:86] first_run_check_thread_function end!!
[2020-05-07 19:14:15,398|DEBUG|class_scheduler.py:167] remove_job_instance : scheduler_check
[2020-05-07 19:14:58,419|DEBUG|class_scheduler.py:140] remove job_id:auth_check
[2020-05-07 19:14:58,421|DEBUG|class_scheduler.py:167] remove_job_instance : auth_check
[2020-05-07 19:17:16,021|DEBUG|util.py:67] paging : c:0 0 False False 1 0
[2020-05-07 19:17:53,291|DEBUG|log_viewer.py:29] log connect
[2020-05-07 19:17:53,451|DEBUG|log_viewer.py:111] on_start end
[2020-05-07 19:17:53,453|DEBUG|log_viewer.py:69] WatchThread.. Start tvheadend
[2020-05-07 19:17:53,454|DEBUG|log_viewer.py:40] start package:tvheadend filename:None sid:98d3ac95ca454d9f8a748a4d75baf5f9
[2020-05-07 19:17:57,258|DEBUG|log_viewer.py:136] key:tvheadend value:{'thread': <WatchThread(Thread-18, started daemon 3015229488)>, 'sid': ['98d3ac95ca454d9f8a748a4d75baf5f9']}
[2020-05-07 19:17:57,259|DEBUG|log_viewer.py:148] thread kill
[2020-05-07 19:17:57,261|DEBUG|log_viewer.py:49] disconnect sid:98d3ac95ca454d9f8a748a4d75baf5f9
[2020-05-07 19:17:57,337|DEBUG|log_viewer.py:87] WatchThread.. End tvheadend
[2020-05-07 19:17:57,618|DEBUG|util.py:67] paging : c:0 0 False False 1 0
[2020-05-07 19:17:59,902|DEBUG|util.py:67] paging : c:0 0 False False 1 0
[2020-05-07 19:24:22,957|DEBUG|util.py:67] paging : c:0 0 False False 1 0
[2020-05-07 19:25:10,489|DEBUG|util.py:67] paging : c:0 0 False False 1 0
[2020-05-07 19:28:25,568|DEBUG|util.py:67] paging : c:0 0 False False 1 0
[2020-05-07 19:28:31,245|DEBUG|util.py:67] paging : c:0 0 False False 1 0
[2020-05-07 19:28:43,063|DEBUG|util.py:67] paging : c:0 0 False False 1 0
[2020-05-07 19:28:45,353|DEBUG|util.py:67] paging : c:0 0 False False 1 0
[2020-05-07 19:29:24,403|DEBUG|util.py:67] paging : c:0 0 False False 1 0
[2020-05-07 19:35:07,870|DEBUG|class_scheduler.py:167] remove_job_instance : system_restart
[2020-05-07 19:35:07,871|DEBUG|class_scheduler.py:140] remove job_id:system_restart
[2020-05-07 19:36:54,305|DEBUG|manual.py:29] MANUAL framework menu
[2020-05-07 19:36:54,309|DEBUG|manual.py:37] [{"title":"업데이트","type":"file","arg":"system_changelog.md","active":true},{"title":"API","type":"file","arg":"system_api.md","active":false}]
[2020-05-07 19:37:54,204|DEBUG|manual.py:29] MANUAL framework menu
[2020-05-07 19:37:54,207|DEBUG|manual.py:37] [{"title":"업데이트","type":"file","arg":"system_changelog.md","active":true},{"title":"API","type":"file","arg":"system_api.md","active":false}]
[2020-05-07 19:37:56,347|DEBUG|log_viewer.py:29] log connect
[2020-05-07 19:37:59,246|DEBUG|log_viewer.py:49] disconnect sid:3dbf1e4684234087a2ecf5a5e7e9d9d9
[2020-05-07 19:38:11,694|DEBUG|log_viewer.py:29] log connect
[2020-05-07 19:38:11,930|DEBUG|log_viewer.py:111] on_start end
[2020-05-07 19:38:11,933|DEBUG|log_viewer.py:69] WatchThread.. Start tvheadend
[2020-05-07 19:38:11,935|DEBUG|log_viewer.py:40] start package:tvheadend filename:None sid:07954f7755e04c049844c36ebc82e9cb
[2020-05-07 19:38:23,055|DEBUG|log_viewer.py:136] key:tvheadend value:{'thread': <WatchThread(Thread-43, started daemon 3013001400)>, 'sid': ['07954f7755e04c049844c36ebc82e9cb']}
[2020-05-07 19:38:23,056|DEBUG|log_viewer.py:148] thread kill
[2020-05-07 19:38:23,058|DEBUG|log_viewer.py:49] disconnect sid:07954f7755e04c049844c36ebc82e9cb
[2020-05-07 19:38:23,131|DEBUG|log_viewer.py:87] WatchThread.. End tvheadend
[2020-05-07 20:09:04,084|DEBUG|manual.py:29] MANUAL framework menu
[2020-05-07 20:09:04,091|DEBUG|manual.py:37] [{"title":"업데이트","type":"file","arg":"system_changelog.md","active":true},{"title":"API","type":"file","arg":"system_api.md","active":false}]
[2020-05-07 20:09:11,929|DEBUG|manual.py:29] MANUAL framework menu
[2020-05-07 20:09:11,933|DEBUG|manual.py:37] [{"title":"업데이트","type":"file","arg":"system_changelog.md","active":true},{"title":"API","type":"file","arg":"system_api.md","active":false}]
[2020-05-07 21:45:10,472|DEBUG|log_viewer.py:29] log connect
[2020-05-07 21:46:41,934|DEBUG|log_viewer.py:49] disconnect sid:d7534c585f374c4fb0ccc7f75dfcd6f3
[2020-05-07 23:19:56,066|DEBUG|__init__.py:60] Path app root : /app
[2020-05-07 23:19:56,070|DEBUG|__init__.py:61] Path app data : /app/data
[2020-05-07 23:19:56,071|DEBUG|__init__.py:64] Platform : Linux
[2020-05-07 23:19:56,070|DEBUG|__init__.py:60] Path app root : /app
[2020-05-07 23:19:56,074|DEBUG|__init__.py:61] Path app data : /app/data
[2020-05-07 23:19:56,075|DEBUG|__init__.py:64] Platform : Linux
[2020-05-07 23:19:56,077|DEBUG|__init__.py:72] NOT INSTALLED FLASK_RESTFUL
[2020-05-07 23:19:56,079|DEBUG|__init__.py:72] NOT INSTALLED FLASK_RESTFUL
[2020-05-07 23:19:56,082|DEBUG|class_scheduler.py:55] SCHEDULER..
[2020-05-07 23:19:56,084|DEBUG|class_scheduler.py:55] SCHEDULER..
[2020-05-07 23:19:56,230|DEBUG|__init__.py:105] ======================================
[2020-05-07 23:19:56,231|DEBUG|__init__.py:105] ======================================
[2020-05-07 23:19:56,232|DEBUG|__init__.py:106] ['/usr/local/bin/celery', 'worker', '-A', 'sjva.celery', '-c2', '--loglevel=info']
[2020-05-07 23:19:56,233|DEBUG|__init__.py:106] ['sjva.py', '0', '0']
[2020-05-07 23:19:56,235|DEBUG|__init__.py:127] use_celery : True
[2020-05-07 23:19:56,233|DEBUG|__init__.py:127] use_celery : True
[2020-05-07 23:19:56,237|DEBUG|__init__.py:128] ======================================
[2020-05-07 23:19:56,237|DEBUG|__init__.py:128] ======================================
[2020-05-07 23:19:56,921|DEBUG|init_plugin.py:54] CONFIG_SERVER : {'use_celery': True, 'is_sjva_server': False, 'repeat': -1, 'run_by_migration': False, 'run_by_real': False, 'run_by_init_db': False, 'server': False, 'run_by_worker': True, 'is_debug': False, 'rss_subtitle_webhook': 'https://discordapp.com/api/webhooks/689800985887113329/GBTUBpP9L0dOegqL4sH-u1fwpssPKq0gBOGPb50JQjim22gUqskYCtj-wnup6BsY3vvc', 'running_type': 'docker', 'is_server': False}
[2020-05-07 23:19:56,922|DEBUG|init_plugin.py:72] []
[2020-05-07 23:19:56,927|DEBUG|init_plugin.py:122] plugin_name:command
[2020-05-07 23:19:57,040|DEBUG|init_plugin.py:122] plugin_name:daum_tv
[2020-05-07 23:19:57,145|DEBUG|init_plugin.py:122] plugin_name:epg
[2020-05-07 23:19:57,286|DEBUG|init_plugin.py:122] plugin_name:ffmpeg
[2020-05-07 23:19:57,333|DEBUG|init_plugin.py:122] plugin_name:fileprocess_movie
[2020-05-07 23:19:57,570|DEBUG|init_plugin.py:54] CONFIG_SERVER : {'use_celery': True, 'is_sjva_server': False, 'repeat': 0, 'run_by_migration': False, 'run_by_real': True, 'run_by_init_db': False, 'server': False, 'run_by_worker': False, 'is_debug': False, 'rss_subtitle_webhook': 'https://discordapp.com/api/webhooks/689800985887113329/GBTUBpP9L0dOegqL4sH-u1fwpssPKq0gBOGPb50JQjim22gUqskYCtj-wnup6BsY3vvc', 'running_type': 'docker', 'is_server': False}
[2020-05-07 23:19:57,571|DEBUG|init_plugin.py:72] []
[2020-05-07 23:19:57,575|DEBUG|init_plugin.py:122] plugin_name:command
[2020-05-07 23:19:57,632|DEBUG|init_plugin.py:122] plugin_name:daum_tv
[2020-05-07 23:19:57,726|DEBUG|init_plugin.py:122] plugin_name:epg
[2020-05-07 23:19:57,835|DEBUG|init_plugin.py:122] plugin_name:gdrive_scan
[2020-05-07 23:19:57,846|DEBUG|init_plugin.py:122] plugin_name:ffmpeg
[2020-05-07 23:19:57,871|DEBUG|init_plugin.py:122] plugin_name:fileprocess_movie
[2020-05-07 23:19:58,252|DEBUG|init_plugin.py:122] plugin_name:gdrive_scan
[2020-05-07 23:19:58,287|DEBUG|init_plugin.py:122] plugin_name:klive
[2020-05-07 23:19:58,366|DEBUG|init_plugin.py:122] plugin_name:ktv
[2020-05-07 23:19:58,420|DEBUG|init_plugin.py:122] plugin_name:plex
[2020-05-07 23:19:58,431|DEBUG|init_plugin.py:122] plugin_name:rclone
[2020-05-07 23:19:58,509|DEBUG|init_plugin.py:122] plugin_name:smi2srt
[2020-05-07 23:19:58,542|DEBUG|init_plugin.py:122] plugin_name:tvheadend
[2020-05-07 23:19:58,584|DEBUG|init_plugin.py:122] plugin_name:klive
[2020-05-07 23:19:58,654|DEBUG|init_plugin.py:122] plugin_name:ktv
[2020-05-07 23:19:58,712|DEBUG|init_plugin.py:122] plugin_name:plex
[2020-05-07 23:19:58,724|DEBUG|init_plugin.py:122] plugin_name:rclone
[2020-05-07 23:19:58,804|DEBUG|init_plugin.py:122] plugin_name:smi2srt
[2020-05-07 23:19:58,834|DEBUG|init_plugin.py:122] plugin_name:tvheadend
[2020-05-07 23:19:59,597|DEBUG|init_plugin.py:172] Plugin Log completed.. : 12 
[2020-05-07 23:19:59,615|DEBUG|__init__.py:219] PORT:9999
[2020-05-07 23:22:12,565|WARNING|class_scheduler.py:64] XX first_run_check_thread_function
[2020-05-07 23:22:12,568|DEBUG|class_scheduler.py:140] remove job_id:scheduler_check
[2020-05-07 23:22:12,570|WARNING|class_scheduler.py:86] first_run_check_thread_function end!!
[2020-05-07 23:22:12,572|DEBUG|class_scheduler.py:167] remove_job_instance : scheduler_check
[2020-05-07 23:23:46,591|DEBUG|class_scheduler.py:140] remove job_id:auth_check
[2020-05-07 23:23:46,592|DEBUG|class_scheduler.py:167] remove_job_instance : auth_check
[2020-05-08 05:21:10,843|DEBUG|__init__.py:60] Path app root : /app
[2020-05-08 05:21:10,846|DEBUG|__init__.py:61] Path app data : /app/data
[2020-05-08 05:21:10,847|DEBUG|__init__.py:64] Platform : Linux
[2020-05-08 05:21:10,852|DEBUG|__init__.py:72] NOT INSTALLED FLASK_RESTFUL
[2020-05-08 05:21:10,856|DEBUG|class_scheduler.py:55] SCHEDULER..
[2020-05-08 05:21:10,937|DEBUG|__init__.py:105] ======================================
[2020-05-08 05:21:10,938|DEBUG|__init__.py:106] ['sjva.py', '0', '1']
[2020-05-08 05:21:10,939|DEBUG|__init__.py:127] use_celery : True
[2020-05-08 05:21:10,940|DEBUG|__init__.py:128] ======================================
[2020-05-08 05:21:12,063|DEBUG|__init__.py:60] Path app root : /app
[2020-05-08 05:21:12,066|DEBUG|__init__.py:61] Path app data : /app/data
[2020-05-08 05:21:12,067|DEBUG|__init__.py:64] Platform : Linux
[2020-05-08 05:21:12,070|DEBUG|__init__.py:72] NOT INSTALLED FLASK_RESTFUL
[2020-05-08 05:21:12,074|DEBUG|class_scheduler.py:55] SCHEDULER..
[2020-05-08 05:21:12,143|DEBUG|__init__.py:105] ======================================
[2020-05-08 05:21:12,144|DEBUG|__init__.py:106] ['/usr/local/bin/celery', 'worker', '-A', 'sjva.celery', '-c2', '--loglevel=info']
[2020-05-08 05:21:12,145|DEBUG|__init__.py:127] use_celery : True
[2020-05-08 05:21:12,146|DEBUG|__init__.py:128] ======================================
[2020-05-08 05:21:14,808|DEBUG|init_plugin.py:54] CONFIG_SERVER : {'use_celery': True, 'is_sjva_server': False, 'repeat': 1, 'run_by_migration': False, 'run_by_real': True, 'run_by_init_db': False, 'server': False, 'run_by_worker': False, 'is_debug': False, 'rss_subtitle_webhook': 'https://discordapp.com/api/webhooks/689800985887113329/GBTUBpP9L0dOegqL4sH-u1fwpssPKq0gBOGPb50JQjim22gUqskYCtj-wnup6BsY3vvc', 'running_type': 'docker', 'is_server': False}
[2020-05-08 05:21:14,809|DEBUG|init_plugin.py:72] []
[2020-05-08 05:21:14,813|DEBUG|init_plugin.py:122] plugin_name:command
[2020-05-08 05:21:14,873|DEBUG|init_plugin.py:122] plugin_name:daum_tv
[2020-05-08 05:21:14,961|DEBUG|init_plugin.py:122] plugin_name:epg
[2020-05-08 05:21:15,077|DEBUG|init_plugin.py:122] plugin_name:ffmpeg
[2020-05-08 05:21:15,085|DEBUG|init_plugin.py:54] CONFIG_SERVER : {'use_celery': True, 'is_sjva_server': False, 'repeat': -1, 'run_by_migration': False, 'run_by_real': False, 'run_by_init_db': False, 'server': False, 'run_by_worker': True, 'is_debug': False, 'rss_subtitle_webhook': 'https://discordapp.com/api/webhooks/689800985887113329/GBTUBpP9L0dOegqL4sH-u1fwpssPKq0gBOGPb50JQjim22gUqskYCtj-wnup6BsY3vvc', 'running_type': 'docker', 'is_server': False}
[2020-05-08 05:21:15,086|DEBUG|init_plugin.py:72] []
[2020-05-08 05:21:15,091|DEBUG|init_plugin.py:122] plugin_name:command
[2020-05-08 05:21:15,104|DEBUG|init_plugin.py:122] plugin_name:fileprocess_movie
[2020-05-08 05:21:15,148|DEBUG|init_plugin.py:122] plugin_name:daum_tv
[2020-05-08 05:21:15,232|DEBUG|init_plugin.py:122] plugin_name:epg
[2020-05-08 05:21:15,343|DEBUG|init_plugin.py:122] plugin_name:ffmpeg
[2020-05-08 05:21:15,370|DEBUG|init_plugin.py:122] plugin_name:fileprocess_movie
[2020-05-08 05:21:15,521|DEBUG|init_plugin.py:122] plugin_name:gdrive_scan
[2020-05-08 05:21:15,774|DEBUG|init_plugin.py:122] plugin_name:gdrive_scan
[2020-05-08 05:21:15,874|DEBUG|init_plugin.py:122] plugin_name:klive
[2020-05-08 05:21:15,944|DEBUG|init_plugin.py:122] plugin_name:ktv
[2020-05-08 05:21:15,996|DEBUG|init_plugin.py:122] plugin_name:plex
[2020-05-08 05:21:16,007|DEBUG|init_plugin.py:122] plugin_name:rclone
[2020-05-08 05:21:16,086|DEBUG|init_plugin.py:122] plugin_name:smi2srt
[2020-05-08 05:21:16,115|DEBUG|init_plugin.py:122] plugin_name:klive
[2020-05-08 05:21:16,117|DEBUG|init_plugin.py:122] plugin_name:tvheadend
[2020-05-08 05:21:16,186|DEBUG|init_plugin.py:122] plugin_name:ktv
[2020-05-08 05:21:16,241|DEBUG|init_plugin.py:122] plugin_name:plex
[2020-05-08 05:21:16,252|DEBUG|init_plugin.py:122] plugin_name:rclone
[2020-05-08 05:21:16,332|DEBUG|init_plugin.py:122] plugin_name:smi2srt
[2020-05-08 05:21:16,363|DEBUG|init_plugin.py:122] plugin_name:tvheadend
[2020-05-08 05:21:16,756|DEBUG|init_plugin.py:172] Plugin Log completed.. : 12 
[2020-05-08 05:21:16,771|DEBUG|__init__.py:219] PORT:9999
[2020-05-08 05:23:39,810|WARNING|class_scheduler.py:64] XX first_run_check_thread_function
[2020-05-08 05:23:39,811|DEBUG|class_scheduler.py:140] remove job_id:scheduler_check
[2020-05-08 05:23:39,812|WARNING|class_scheduler.py:86] first_run_check_thread_function end!!
[2020-05-08 05:23:39,813|DEBUG|class_scheduler.py:167] remove_job_instance : scheduler_check
[2020-05-08 05:24:18,844|DEBUG|class_scheduler.py:140] remove job_id:auth_check
[2020-05-08 05:24:18,845|DEBUG|class_scheduler.py:167] remove_job_instance : auth_check
[2020-05-08 11:23:15,447|DEBUG|__init__.py:60] Path app root : /app
[2020-05-08 11:23:15,451|DEBUG|__init__.py:61] Path app data : /app/data
[2020-05-08 11:23:15,452|DEBUG|__init__.py:64] Platform : Linux
[2020-05-08 11:23:15,455|DEBUG|__init__.py:72] NOT INSTALLED FLASK_RESTFUL
[2020-05-08 11:23:15,459|DEBUG|class_scheduler.py:55] SCHEDULER..
[2020-05-08 11:23:15,494|DEBUG|__init__.py:60] Path app root : /app
[2020-05-08 11:23:15,498|DEBUG|__init__.py:61] Path app data : /app/data
[2020-05-08 11:23:15,499|DEBUG|__init__.py:64] Platform : Linux
[2020-05-08 11:23:15,503|DEBUG|__init__.py:72] NOT INSTALLED FLASK_RESTFUL
[2020-05-08 11:23:15,507|DEBUG|class_scheduler.py:55] SCHEDULER..
[2020-05-08 11:23:15,533|DEBUG|__init__.py:105] ======================================
[2020-05-08 11:23:15,534|DEBUG|__init__.py:106] ['/usr/local/bin/celery', 'worker', '-A', 'sjva.celery', '-c2', '--loglevel=info']
[2020-05-08 11:23:15,535|DEBUG|__init__.py:127] use_celery : True
[2020-05-08 11:23:15,536|DEBUG|__init__.py:128] ======================================
[2020-05-08 11:23:15,591|DEBUG|__init__.py:105] ======================================
[2020-05-08 11:23:15,593|DEBUG|__init__.py:106] ['sjva.py', '0', '2']
[2020-05-08 11:23:15,594|DEBUG|__init__.py:127] use_celery : True
[2020-05-08 11:23:15,595|DEBUG|__init__.py:128] ======================================
[2020-05-08 11:23:16,023|DEBUG|init_plugin.py:54] CONFIG_SERVER : {'use_celery': True, 'is_sjva_server': False, 'repeat': -1, 'run_by_migration': False, 'run_by_real': False, 'run_by_init_db': False, 'server': False, 'run_by_worker': True, 'is_debug': False, 'rss_subtitle_webhook': 'https://discordapp.com/api/webhooks/689800985887113329/GBTUBpP9L0dOegqL4sH-u1fwpssPKq0gBOGPb50JQjim22gUqskYCtj-wnup6BsY3vvc', 'running_type': 'docker', 'is_server': False}
[2020-05-08 11:23:16,025|DEBUG|init_plugin.py:72] []
[2020-05-08 11:23:16,029|DEBUG|init_plugin.py:122] plugin_name:command
[2020-05-08 11:23:16,086|DEBUG|init_plugin.py:122] plugin_name:daum_tv
[2020-05-08 11:23:16,173|DEBUG|init_plugin.py:122] plugin_name:epg
[2020-05-08 11:23:16,285|DEBUG|init_plugin.py:122] plugin_name:ffmpeg
[2020-05-08 11:23:16,310|DEBUG|init_plugin.py:122] plugin_name:fileprocess_movie
[2020-05-08 11:23:16,685|DEBUG|init_plugin.py:122] plugin_name:gdrive_scan
[2020-05-08 11:23:16,725|DEBUG|init_plugin.py:54] CONFIG_SERVER : {'use_celery': True, 'is_sjva_server': False, 'repeat': 2, 'run_by_migration': False, 'run_by_real': True, 'run_by_init_db': False, 'server': False, 'run_by_worker': False, 'is_debug': False, 'rss_subtitle_webhook': 'https://discordapp.com/api/webhooks/689800985887113329/GBTUBpP9L0dOegqL4sH-u1fwpssPKq0gBOGPb50JQjim22gUqskYCtj-wnup6BsY3vvc', 'running_type': 'docker', 'is_server': False}
[2020-05-08 11:23:16,726|DEBUG|init_plugin.py:72] []
[2020-05-08 11:23:16,730|DEBUG|init_plugin.py:122] plugin_name:command
[2020-05-08 11:23:16,787|DEBUG|init_plugin.py:122] plugin_name:daum_tv
[2020-05-08 11:23:16,868|DEBUG|init_plugin.py:122] plugin_name:epg
[2020-05-08 11:23:16,979|DEBUG|init_plugin.py:122] plugin_name:ffmpeg
[2020-05-08 11:23:17,005|DEBUG|init_plugin.py:122] plugin_name:fileprocess_movie
[2020-05-08 11:23:17,018|DEBUG|init_plugin.py:122] plugin_name:klive
[2020-05-08 11:23:17,089|DEBUG|init_plugin.py:122] plugin_name:ktv
[2020-05-08 11:23:17,140|DEBUG|init_plugin.py:122] plugin_name:plex
[2020-05-08 11:23:17,150|DEBUG|init_plugin.py:122] plugin_name:rclone
[2020-05-08 11:23:17,226|DEBUG|init_plugin.py:122] plugin_name:smi2srt
[2020-05-08 11:23:17,257|DEBUG|init_plugin.py:122] plugin_name:tvheadend
[2020-05-08 11:23:17,387|DEBUG|init_plugin.py:122] plugin_name:gdrive_scan
[2020-05-08 11:23:17,728|DEBUG|init_plugin.py:122] plugin_name:klive
[2020-05-08 11:23:17,808|DEBUG|init_plugin.py:122] plugin_name:ktv
[2020-05-08 11:23:17,861|DEBUG|init_plugin.py:122] plugin_name:plex
[2020-05-08 11:23:17,872|DEBUG|init_plugin.py:122] plugin_name:rclone
[2020-05-08 11:23:17,945|DEBUG|init_plugin.py:122] plugin_name:smi2srt
[2020-05-08 11:23:17,973|DEBUG|init_plugin.py:122] plugin_name:tvheadend
[2020-05-08 11:23:18,564|DEBUG|init_plugin.py:172] Plugin Log completed.. : 12 
[2020-05-08 11:23:18,579|DEBUG|__init__.py:219] PORT:9999
[2020-05-08 11:25:47,724|WARNING|class_scheduler.py:64] XX first_run_check_thread_function
[2020-05-08 11:25:47,725|DEBUG|class_scheduler.py:140] remove job_id:scheduler_check
[2020-05-08 11:25:47,726|WARNING|class_scheduler.py:86] first_run_check_thread_function end!!
[2020-05-08 11:25:47,727|DEBUG|class_scheduler.py:167] remove_job_instance : scheduler_check
[2020-05-08 11:27:02,728|DEBUG|class_scheduler.py:140] remove job_id:auth_check
[2020-05-08 11:27:02,729|DEBUG|class_scheduler.py:167] remove_job_instance : auth_check
[2020-05-08 12:12:46,581|DEBUG|__init__.py:60] Path app root : /app
[2020-05-08 12:12:46,585|DEBUG|__init__.py:61] Path app data : /app/data
[2020-05-08 12:12:46,586|DEBUG|__init__.py:64] Platform : Linux
[2020-05-08 12:12:46,587|DEBUG|__init__.py:60] Path app root : /app
[2020-05-08 12:12:46,590|DEBUG|__init__.py:72] NOT INSTALLED FLASK_RESTFUL
[2020-05-08 12:12:46,591|DEBUG|__init__.py:61] Path app data : /app/data
[2020-05-08 12:12:46,592|DEBUG|__init__.py:64] Platform : Linux
[2020-05-08 12:12:46,595|DEBUG|__init__.py:72] NOT INSTALLED FLASK_RESTFUL
[2020-05-08 12:12:46,596|DEBUG|class_scheduler.py:55] SCHEDULER..
[2020-05-08 12:12:46,600|DEBUG|class_scheduler.py:55] SCHEDULER..
[2020-05-08 12:12:46,824|DEBUG|__init__.py:105] ======================================
[2020-05-08 12:12:46,824|DEBUG|__init__.py:105] ======================================
[2020-05-08 12:12:46,825|DEBUG|__init__.py:106] ['/usr/local/bin/celery', 'worker', '-A', 'sjva.celery', '-c2', '--loglevel=info']
[2020-05-08 12:12:46,825|DEBUG|__init__.py:106] ['sjva.py', '0', '0']
[2020-05-08 12:12:46,825|DEBUG|__init__.py:127] use_celery : True
[2020-05-08 12:12:46,826|DEBUG|__init__.py:127] use_celery : True
[2020-05-08 12:12:46,827|DEBUG|__init__.py:128] ======================================
[2020-05-08 12:12:46,827|DEBUG|__init__.py:128] ======================================
[2020-05-08 12:12:47,679|DEBUG|init_plugin.py:54] CONFIG_SERVER : {'use_celery': True, 'is_sjva_server': False, 'repeat': -1, 'run_by_migration': False, 'run_by_real': False, 'run_by_init_db': False, 'server': False, 'run_by_worker': True, 'is_debug': False, 'rss_subtitle_webhook': 'https://discordapp.com/api/webhooks/689800985887113329/GBTUBpP9L0dOegqL4sH-u1fwpssPKq0gBOGPb50JQjim22gUqskYCtj-wnup6BsY3vvc', 'running_type': 'docker', 'is_server': False}
[2020-05-08 12:12:47,681|DEBUG|init_plugin.py:72] []
[2020-05-08 12:12:47,684|DEBUG|init_plugin.py:122] plugin_name:command
[2020-05-08 12:12:47,888|DEBUG|init_plugin.py:122] plugin_name:daum_tv
[2020-05-08 12:12:48,012|DEBUG|init_plugin.py:122] plugin_name:epg
[2020-05-08 12:12:48,082|DEBUG|init_plugin.py:54] CONFIG_SERVER : {'use_celery': True, 'is_sjva_server': False, 'repeat': 0, 'run_by_migration': False, 'run_by_real': True, 'run_by_init_db': False, 'server': False, 'run_by_worker': False, 'is_debug': False, 'rss_subtitle_webhook': 'https://discordapp.com/api/webhooks/689800985887113329/GBTUBpP9L0dOegqL4sH-u1fwpssPKq0gBOGPb50JQjim22gUqskYCtj-wnup6BsY3vvc', 'running_type': 'docker', 'is_server': False}
[2020-05-08 12:12:48,083|DEBUG|init_plugin.py:72] []
[2020-05-08 12:12:48,087|DEBUG|init_plugin.py:122] plugin_name:command
[2020-05-08 12:12:48,131|DEBUG|init_plugin.py:122] plugin_name:ffmpeg
[2020-05-08 12:12:48,146|DEBUG|init_plugin.py:122] plugin_name:daum_tv
[2020-05-08 12:12:48,159|DEBUG|init_plugin.py:122] plugin_name:fileprocess_movie
[2020-05-08 12:12:48,225|DEBUG|init_plugin.py:122] plugin_name:epg
[2020-05-08 12:12:48,345|DEBUG|init_plugin.py:122] plugin_name:ffmpeg
[2020-05-08 12:12:48,371|DEBUG|init_plugin.py:122] plugin_name:fileprocess_movie
[2020-05-08 12:12:48,870|DEBUG|init_plugin.py:122] plugin_name:gdrive_scan
[2020-05-08 12:12:48,871|DEBUG|init_plugin.py:122] plugin_name:gdrive_scan
[2020-05-08 12:12:49,706|DEBUG|init_plugin.py:122] plugin_name:klive
[2020-05-08 12:12:49,706|DEBUG|init_plugin.py:122] plugin_name:klive
[2020-05-08 12:12:49,780|DEBUG|init_plugin.py:122] plugin_name:ktv
[2020-05-08 12:12:49,780|DEBUG|init_plugin.py:122] plugin_name:ktv
[2020-05-08 12:12:49,835|DEBUG|init_plugin.py:122] plugin_name:plex
[2020-05-08 12:12:49,835|DEBUG|init_plugin.py:122] plugin_name:plex
[2020-05-08 12:12:49,846|DEBUG|init_plugin.py:122] plugin_name:rclone
[2020-05-08 12:12:49,846|DEBUG|init_plugin.py:122] plugin_name:rclone
[2020-05-08 12:12:49,920|DEBUG|init_plugin.py:122] plugin_name:smi2srt
[2020-05-08 12:12:49,926|DEBUG|init_plugin.py:122] plugin_name:smi2srt
[2020-05-08 12:12:49,953|DEBUG|init_plugin.py:122] plugin_name:tvheadend
[2020-05-08 12:12:49,957|DEBUG|init_plugin.py:122] plugin_name:tvheadend
[2020-05-08 12:12:50,629|DEBUG|init_plugin.py:172] Plugin Log completed.. : 12 
[2020-05-08 12:12:50,644|DEBUG|__init__.py:219] PORT:9999
[2020-05-08 12:15:05,072|WARNING|class_scheduler.py:64] XX first_run_check_thread_function
[2020-05-08 12:15:05,074|DEBUG|class_scheduler.py:140] remove job_id:scheduler_check
[2020-05-08 12:15:05,074|WARNING|class_scheduler.py:86] first_run_check_thread_function end!!
[2020-05-08 12:15:05,075|DEBUG|class_scheduler.py:167] remove_job_instance : scheduler_check
[2020-05-08 12:16:13,079|DEBUG|class_scheduler.py:140] remove job_id:auth_check
[2020-05-08 12:16:13,080|DEBUG|class_scheduler.py:167] remove_job_instance : auth_check
[2020-05-08 18:13:46,977|DEBUG|__init__.py:60] Path app root : /app
[2020-05-08 18:13:46,981|DEBUG|__init__.py:61] Path app data : /app/data
[2020-05-08 18:13:46,982|DEBUG|__init__.py:64] Platform : Linux
[2020-05-08 18:13:46,985|DEBUG|__init__.py:72] NOT INSTALLED FLASK_RESTFUL
[2020-05-08 18:13:46,989|DEBUG|class_scheduler.py:55] SCHEDULER..
[2020-05-08 18:13:47,062|DEBUG|__init__.py:105] ======================================
[2020-05-08 18:13:47,063|DEBUG|__init__.py:106] ['sjva.py', '0', '1']
[2020-05-08 18:13:47,064|DEBUG|__init__.py:127] use_celery : True
[2020-05-08 18:13:47,065|DEBUG|__init__.py:128] ======================================
[2020-05-08 18:13:47,581|DEBUG|__init__.py:60] Path app root : /app
[2020-05-08 18:13:47,585|DEBUG|__init__.py:61] Path app data : /app/data
[2020-05-08 18:13:47,586|DEBUG|__init__.py:64] Platform : Linux
[2020-05-08 18:13:47,590|DEBUG|__init__.py:72] NOT INSTALLED FLASK_RESTFUL
[2020-05-08 18:13:47,594|DEBUG|class_scheduler.py:55] SCHEDULER..
[2020-05-08 18:13:47,667|DEBUG|__init__.py:105] ======================================
[2020-05-08 18:13:47,668|DEBUG|__init__.py:106] ['/usr/local/bin/celery', 'worker', '-A', 'sjva.celery', '-c2', '--loglevel=info']
[2020-05-08 18:13:47,669|DEBUG|__init__.py:127] use_celery : True
[2020-05-08 18:13:47,671|DEBUG|__init__.py:128] ======================================
[2020-05-08 18:13:52,725|DEBUG|init_plugin.py:54] CONFIG_SERVER : {'use_celery': True, 'is_sjva_server': False, 'repeat': 1, 'run_by_migration': False, 'run_by_real': True, 'run_by_init_db': False, 'server': False, 'run_by_worker': False, 'is_debug': False, 'rss_subtitle_webhook': 'https://discordapp.com/api/webhooks/689800985887113329/GBTUBpP9L0dOegqL4sH-u1fwpssPKq0gBOGPb50JQjim22gUqskYCtj-wnup6BsY3vvc', 'running_type': 'docker', 'is_server': False}
[2020-05-08 18:13:52,726|DEBUG|init_plugin.py:72] []
[2020-05-08 18:13:52,730|DEBUG|init_plugin.py:122] plugin_name:command
[2020-05-08 18:13:52,747|DEBUG|init_plugin.py:54] CONFIG_SERVER : {'use_celery': True, 'is_sjva_server': False, 'repeat': -1, 'run_by_migration': False, 'run_by_real': False, 'run_by_init_db': False, 'server': False, 'run_by_worker': True, 'is_debug': False, 'rss_subtitle_webhook': 'https://discordapp.com/api/webhooks/689800985887113329/GBTUBpP9L0dOegqL4sH-u1fwpssPKq0gBOGPb50JQjim22gUqskYCtj-wnup6BsY3vvc', 'running_type': 'docker', 'is_server': False}
[2020-05-08 18:13:52,748|DEBUG|init_plugin.py:72] []
[2020-05-08 18:13:52,752|DEBUG|init_plugin.py:122] plugin_name:command
[2020-05-08 18:13:52,787|DEBUG|init_plugin.py:122] plugin_name:daum_tv
[2020-05-08 18:13:52,809|DEBUG|init_plugin.py:122] plugin_name:daum_tv
[2020-05-08 18:13:52,870|DEBUG|init_plugin.py:122] plugin_name:epg
[2020-05-08 18:13:52,895|DEBUG|init_plugin.py:122] plugin_name:epg
[2020-05-08 18:13:52,982|DEBUG|init_plugin.py:122] plugin_name:ffmpeg
[2020-05-08 18:13:53,006|DEBUG|init_plugin.py:122] plugin_name:ffmpeg
[2020-05-08 18:13:53,007|DEBUG|init_plugin.py:122] plugin_name:fileprocess_movie
[2020-05-08 18:13:53,031|DEBUG|init_plugin.py:122] plugin_name:fileprocess_movie
[2020-05-08 18:13:53,394|DEBUG|init_plugin.py:122] plugin_name:gdrive_scan
[2020-05-08 18:13:53,415|DEBUG|init_plugin.py:122] plugin_name:gdrive_scan
[2020-05-08 18:13:53,727|DEBUG|init_plugin.py:122] plugin_name:klive
[2020-05-08 18:13:53,757|DEBUG|init_plugin.py:122] plugin_name:klive
[2020-05-08 18:13:53,797|DEBUG|init_plugin.py:122] plugin_name:ktv
[2020-05-08 18:13:53,827|DEBUG|init_plugin.py:122] plugin_name:ktv
[2020-05-08 18:13:53,848|DEBUG|init_plugin.py:122] plugin_name:plex
[2020-05-08 18:13:53,859|DEBUG|init_plugin.py:122] plugin_name:rclone
[2020-05-08 18:13:53,881|DEBUG|init_plugin.py:122] plugin_name:plex
[2020-05-08 18:13:53,891|DEBUG|init_plugin.py:122] plugin_name:rclone
[2020-05-08 18:13:53,935|DEBUG|init_plugin.py:122] plugin_name:smi2srt
[2020-05-08 18:13:53,966|DEBUG|init_plugin.py:122] plugin_name:tvheadend
[2020-05-08 18:13:53,969|DEBUG|init_plugin.py:122] plugin_name:smi2srt
[2020-05-08 18:13:54,000|DEBUG|init_plugin.py:122] plugin_name:tvheadend
[2020-05-08 18:13:54,623|DEBUG|init_plugin.py:172] Plugin Log completed.. : 12 
[2020-05-08 18:13:54,639|DEBUG|__init__.py:219] PORT:9999
[2020-05-08 18:16:47,705|WARNING|class_scheduler.py:64] XX first_run_check_thread_function
[2020-05-08 18:16:47,707|DEBUG|class_scheduler.py:140] remove job_id:scheduler_check
[2020-05-08 18:16:47,708|WARNING|class_scheduler.py:86] first_run_check_thread_function end!!
[2020-05-08 18:16:47,708|DEBUG|class_scheduler.py:167] remove_job_instance : scheduler_check
[2020-05-08 18:17:39,737|DEBUG|class_scheduler.py:140] remove job_id:auth_check
[2020-05-08 18:17:39,738|DEBUG|class_scheduler.py:167] remove_job_instance : auth_check
[2020-05-09 00:15:10,576|DEBUG|__init__.py:60] Path app root : /app
[2020-05-09 00:15:10,579|DEBUG|__init__.py:61] Path app data : /app/data
[2020-05-09 00:15:10,581|DEBUG|__init__.py:64] Platform : Linux
[2020-05-09 00:15:10,585|DEBUG|__init__.py:72] NOT INSTALLED FLASK_RESTFUL
[2020-05-09 00:15:10,589|DEBUG|class_scheduler.py:55] SCHEDULER..
[2020-05-09 00:15:10,659|DEBUG|__init__.py:105] ======================================
[2020-05-09 00:15:10,660|DEBUG|__init__.py:106] ['sjva.py', '0', '2']
[2020-05-09 00:15:10,661|DEBUG|__init__.py:127] use_celery : True
[2020-05-09 00:15:10,662|DEBUG|__init__.py:128] ======================================
[2020-05-09 00:15:10,915|DEBUG|__init__.py:60] Path app root : /app
[2020-05-09 00:15:10,919|DEBUG|__init__.py:61] Path app data : /app/data
[2020-05-09 00:15:10,920|DEBUG|__init__.py:64] Platform : Linux
[2020-05-09 00:15:10,923|DEBUG|__init__.py:72] NOT INSTALLED FLASK_RESTFUL
[2020-05-09 00:15:10,928|DEBUG|class_scheduler.py:55] SCHEDULER..
[2020-05-09 00:15:10,998|DEBUG|__init__.py:105] ======================================
[2020-05-09 00:15:10,999|DEBUG|__init__.py:106] ['/usr/local/bin/celery', 'worker', '-A', 'sjva.celery', '-c2', '--loglevel=info']
[2020-05-09 00:15:11,000|DEBUG|__init__.py:127] use_celery : True
[2020-05-09 00:15:11,002|DEBUG|__init__.py:128] ======================================
[2020-05-09 00:15:11,493|DEBUG|init_plugin.py:54] CONFIG_SERVER : {'use_celery': True, 'is_sjva_server': False, 'repeat': -1, 'run_by_migration': False, 'run_by_real': False, 'run_by_init_db': False, 'server': False, 'run_by_worker': True, 'is_debug': False, 'rss_subtitle_webhook': 'https://discordapp.com/api/webhooks/689800985887113329/GBTUBpP9L0dOegqL4sH-u1fwpssPKq0gBOGPb50JQjim22gUqskYCtj-wnup6BsY3vvc', 'running_type': 'docker', 'is_server': False}
[2020-05-09 00:15:11,495|DEBUG|init_plugin.py:72] []
[2020-05-09 00:15:11,499|DEBUG|init_plugin.py:122] plugin_name:command
[2020-05-09 00:15:11,583|DEBUG|init_plugin.py:122] plugin_name:daum_tv
[2020-05-09 00:15:11,666|DEBUG|init_plugin.py:122] plugin_name:epg
[2020-05-09 00:15:11,774|DEBUG|init_plugin.py:54] CONFIG_SERVER : {'use_celery': True, 'is_sjva_server': False, 'repeat': 2, 'run_by_migration': False, 'run_by_real': True, 'run_by_init_db': False, 'server': False, 'run_by_worker': False, 'is_debug': False, 'rss_subtitle_webhook': 'https://discordapp.com/api/webhooks/689800985887113329/GBTUBpP9L0dOegqL4sH-u1fwpssPKq0gBOGPb50JQjim22gUqskYCtj-wnup6BsY3vvc', 'running_type': 'docker', 'is_server': False}
[2020-05-09 00:15:11,775|DEBUG|init_plugin.py:72] []
[2020-05-09 00:15:11,777|DEBUG|init_plugin.py:122] plugin_name:ffmpeg
[2020-05-09 00:15:11,779|DEBUG|init_plugin.py:122] plugin_name:command
[2020-05-09 00:15:11,802|DEBUG|init_plugin.py:122] plugin_name:fileprocess_movie
[2020-05-09 00:15:11,835|DEBUG|init_plugin.py:122] plugin_name:daum_tv
[2020-05-09 00:15:11,929|DEBUG|init_plugin.py:122] plugin_name:epg
[2020-05-09 00:15:12,038|DEBUG|init_plugin.py:122] plugin_name:ffmpeg
[2020-05-09 00:15:12,063|DEBUG|init_plugin.py:122] plugin_name:fileprocess_movie
[2020-05-09 00:15:12,181|DEBUG|init_plugin.py:122] plugin_name:gdrive_scan
[2020-05-09 00:15:12,441|DEBUG|init_plugin.py:122] plugin_name:gdrive_scan
[2020-05-09 00:15:12,525|DEBUG|init_plugin.py:122] plugin_name:klive
[2020-05-09 00:15:12,599|DEBUG|init_plugin.py:122] plugin_name:ktv
[2020-05-09 00:15:12,652|DEBUG|init_plugin.py:122] plugin_name:plex
[2020-05-09 00:15:12,662|DEBUG|init_plugin.py:122] plugin_name:rclone
[2020-05-09 00:15:12,741|DEBUG|init_plugin.py:122] plugin_name:smi2srt
[2020-05-09 00:15:12,773|DEBUG|init_plugin.py:122] plugin_name:tvheadend
[2020-05-09 00:15:12,779|DEBUG|init_plugin.py:122] plugin_name:klive
[2020-05-09 00:15:12,848|DEBUG|init_plugin.py:122] plugin_name:ktv
[2020-05-09 00:15:12,900|DEBUG|init_plugin.py:122] plugin_name:plex
[2020-05-09 00:15:12,911|DEBUG|init_plugin.py:122] plugin_name:rclone
[2020-05-09 00:15:12,992|DEBUG|init_plugin.py:122] plugin_name:smi2srt
[2020-05-09 00:15:13,022|DEBUG|init_plugin.py:122] plugin_name:tvheadend
[2020-05-09 00:15:13,655|DEBUG|init_plugin.py:172] Plugin Log completed.. : 12 
[2020-05-09 00:15:13,668|DEBUG|__init__.py:219] PORT:9999
[2020-05-09 00:17:43,780|WARNING|class_scheduler.py:64] XX first_run_check_thread_function
[2020-05-09 00:17:43,782|DEBUG|class_scheduler.py:140] remove job_id:scheduler_check
[2020-05-09 00:17:43,782|WARNING|class_scheduler.py:86] first_run_check_thread_function end!!
[2020-05-09 00:17:43,783|DEBUG|class_scheduler.py:167] remove_job_instance : scheduler_check
[2020-05-09 00:18:43,765|DEBUG|class_scheduler.py:140] remove job_id:auth_check
[2020-05-09 00:18:43,766|DEBUG|class_scheduler.py:167] remove_job_instance : auth_check
[2020-05-09 06:16:34,947|DEBUG|__init__.py:60] Path app root : /app
[2020-05-09 06:16:34,951|DEBUG|__init__.py:61] Path app data : /app/data
[2020-05-09 06:16:34,952|DEBUG|__init__.py:64] Platform : Linux
[2020-05-09 06:16:34,956|DEBUG|__init__.py:72] NOT INSTALLED FLASK_RESTFUL
[2020-05-09 06:16:34,960|DEBUG|class_scheduler.py:55] SCHEDULER..
[2020-05-09 06:16:35,031|DEBUG|__init__.py:105] ======================================
[2020-05-09 06:16:35,032|DEBUG|__init__.py:106] ['sjva.py', '0', '3']
[2020-05-09 06:16:35,033|DEBUG|__init__.py:127] use_celery : True
[2020-05-09 06:16:35,034|DEBUG|__init__.py:128] ======================================
[2020-05-09 06:16:35,571|DEBUG|__init__.py:60] Path app root : /app
[2020-05-09 06:16:35,574|DEBUG|__init__.py:61] Path app data : /app/data
[2020-05-09 06:16:35,575|DEBUG|__init__.py:64] Platform : Linux
[2020-05-09 06:16:35,579|DEBUG|__init__.py:72] NOT INSTALLED FLASK_RESTFUL
[2020-05-09 06:16:35,584|DEBUG|class_scheduler.py:55] SCHEDULER..
[2020-05-09 06:16:35,657|DEBUG|__init__.py:105] ======================================
[2020-05-09 06:16:35,658|DEBUG|__init__.py:106] ['/usr/local/bin/celery', 'worker', '-A', 'sjva.celery', '-c2', '--loglevel=info']
[2020-05-09 06:16:35,659|DEBUG|__init__.py:127] use_celery : True
[2020-05-09 06:16:35,661|DEBUG|__init__.py:128] ======================================
[2020-05-09 06:16:36,912|DEBUG|init_plugin.py:54] CONFIG_SERVER : {'use_celery': True, 'is_sjva_server': False, 'repeat': 3, 'run_by_migration': False, 'run_by_real': True, 'run_by_init_db': False, 'server': False, 'run_by_worker': False, 'is_debug': False, 'rss_subtitle_webhook': 'https://discordapp.com/api/webhooks/689800985887113329/GBTUBpP9L0dOegqL4sH-u1fwpssPKq0gBOGPb50JQjim22gUqskYCtj-wnup6BsY3vvc', 'running_type': 'docker', 'is_server': False}
[2020-05-09 06:16:36,913|DEBUG|init_plugin.py:72] []
[2020-05-09 06:16:36,917|DEBUG|init_plugin.py:122] plugin_name:command
[2020-05-09 06:16:36,981|DEBUG|init_plugin.py:122] plugin_name:daum_tv
[2020-05-09 06:16:37,011|DEBUG|init_plugin.py:54] CONFIG_SERVER : {'use_celery': True, 'is_sjva_server': False, 'repeat': -1, 'run_by_migration': False, 'run_by_real': False, 'run_by_init_db': False, 'server': False, 'run_by_worker': True, 'is_debug': False, 'rss_subtitle_webhook': 'https://discordapp.com/api/webhooks/689800985887113329/GBTUBpP9L0dOegqL4sH-u1fwpssPKq0gBOGPb50JQjim22gUqskYCtj-wnup6BsY3vvc', 'running_type': 'docker', 'is_server': False}
[2020-05-09 06:16:37,013|DEBUG|init_plugin.py:72] []
[2020-05-09 06:16:37,018|DEBUG|init_plugin.py:122] plugin_name:command
[2020-05-09 06:16:37,090|DEBUG|init_plugin.py:122] plugin_name:epg
[2020-05-09 06:16:37,093|DEBUG|init_plugin.py:122] plugin_name:daum_tv
[2020-05-09 06:16:37,178|DEBUG|init_plugin.py:122] plugin_name:epg
[2020-05-09 06:16:37,205|DEBUG|init_plugin.py:122] plugin_name:ffmpeg
[2020-05-09 06:16:37,229|DEBUG|init_plugin.py:122] plugin_name:fileprocess_movie
[2020-05-09 06:16:37,290|DEBUG|init_plugin.py:122] plugin_name:ffmpeg
[2020-05-09 06:16:37,315|DEBUG|init_plugin.py:122] plugin_name:fileprocess_movie
[2020-05-09 06:16:37,619|DEBUG|init_plugin.py:122] plugin_name:gdrive_scan
[2020-05-09 06:16:37,696|DEBUG|init_plugin.py:122] plugin_name:gdrive_scan
[2020-05-09 06:16:37,950|DEBUG|init_plugin.py:122] plugin_name:klive
[2020-05-09 06:16:38,024|DEBUG|init_plugin.py:122] plugin_name:ktv
[2020-05-09 06:16:38,029|DEBUG|init_plugin.py:122] plugin_name:klive
[2020-05-09 06:16:38,075|DEBUG|init_plugin.py:122] plugin_name:plex
[2020-05-09 06:16:38,086|DEBUG|init_plugin.py:122] plugin_name:rclone
[2020-05-09 06:16:38,099|DEBUG|init_plugin.py:122] plugin_name:ktv
[2020-05-09 06:16:38,153|DEBUG|init_plugin.py:122] plugin_name:plex
[2020-05-09 06:16:38,163|DEBUG|init_plugin.py:122] plugin_name:rclone
[2020-05-09 06:16:38,163|DEBUG|init_plugin.py:122] plugin_name:smi2srt
[2020-05-09 06:16:38,194|DEBUG|init_plugin.py:122] plugin_name:tvheadend
[2020-05-09 06:16:38,242|DEBUG|init_plugin.py:122] plugin_name:smi2srt
[2020-05-09 06:16:38,273|DEBUG|init_plugin.py:122] plugin_name:tvheadend
[2020-05-09 06:16:38,846|DEBUG|init_plugin.py:172] Plugin Log completed.. : 12 
[2020-05-09 06:16:38,861|DEBUG|__init__.py:219] PORT:9999
[2020-05-09 06:19:16,920|WARNING|class_scheduler.py:64] XX first_run_check_thread_function
[2020-05-09 06:19:16,922|DEBUG|class_scheduler.py:140] remove job_id:scheduler_check
[2020-05-09 06:19:16,922|WARNING|class_scheduler.py:86] first_run_check_thread_function end!!
[2020-05-09 06:19:16,923|DEBUG|class_scheduler.py:167] remove_job_instance : scheduler_check
[2020-05-09 06:20:31,921|DEBUG|class_scheduler.py:140] remove job_id:auth_check
[2020-05-09 06:20:31,922|DEBUG|class_scheduler.py:167] remove_job_instance : auth_check
[2020-05-09 12:17:27,088|DEBUG|__init__.py:60] Path app root : /app
[2020-05-09 12:17:27,092|DEBUG|__init__.py:61] Path app data : /app/data
[2020-05-09 12:17:27,093|DEBUG|__init__.py:64] Platform : Linux
[2020-05-09 12:17:27,097|DEBUG|__init__.py:72] NOT INSTALLED FLASK_RESTFUL
[2020-05-09 12:17:27,101|DEBUG|class_scheduler.py:55] SCHEDULER..
[2020-05-09 12:17:27,173|DEBUG|__init__.py:105] ======================================
[2020-05-09 12:17:27,173|DEBUG|__init__.py:106] ['sjva.py', '0', '4']
[2020-05-09 12:17:27,174|DEBUG|__init__.py:127] use_celery : True
[2020-05-09 12:17:27,176|DEBUG|__init__.py:128] ======================================
[2020-05-09 12:17:27,677|DEBUG|__init__.py:60] Path app root : /app
[2020-05-09 12:17:27,681|DEBUG|__init__.py:61] Path app data : /app/data
[2020-05-09 12:17:27,682|DEBUG|__init__.py:64] Platform : Linux
[2020-05-09 12:17:27,685|DEBUG|__init__.py:72] NOT INSTALLED FLASK_RESTFUL
[2020-05-09 12:17:27,689|DEBUG|class_scheduler.py:55] SCHEDULER..
[2020-05-09 12:17:27,763|DEBUG|__init__.py:105] ======================================
[2020-05-09 12:17:27,764|DEBUG|__init__.py:106] ['/usr/local/bin/celery', 'worker', '-A', 'sjva.celery', '-c2', '--loglevel=info']
[2020-05-09 12:17:27,765|DEBUG|__init__.py:127] use_celery : True
[2020-05-09 12:17:27,766|DEBUG|__init__.py:128] ======================================
[2020-05-09 12:17:28,855|DEBUG|init_plugin.py:54] CONFIG_SERVER : {'use_celery': True, 'is_sjva_server': False, 'repeat': 4, 'run_by_migration': False, 'run_by_real': True, 'run_by_init_db': False, 'server': False, 'run_by_worker': False, 'is_debug': False, 'rss_subtitle_webhook': 'https://discordapp.com/api/webhooks/689800985887113329/GBTUBpP9L0dOegqL4sH-u1fwpssPKq0gBOGPb50JQjim22gUqskYCtj-wnup6BsY3vvc', 'running_type': 'docker', 'is_server': False}
[2020-05-09 12:17:28,856|DEBUG|init_plugin.py:72] []
[2020-05-09 12:17:31,169|DEBUG|init_plugin.py:54] CONFIG_SERVER : {'use_celery': True, 'is_sjva_server': False, 'repeat': -1, 'run_by_migration': False, 'run_by_real': False, 'run_by_init_db': False, 'server': False, 'run_by_worker': True, 'is_debug': False, 'rss_subtitle_webhook': 'https://discordapp.com/api/webhooks/689800985887113329/GBTUBpP9L0dOegqL4sH-u1fwpssPKq0gBOGPb50JQjim22gUqskYCtj-wnup6BsY3vvc', 'running_type': 'docker', 'is_server': False}
[2020-05-09 12:17:31,170|DEBUG|init_plugin.py:72] []
[2020-05-09 12:17:31,175|DEBUG|init_plugin.py:122] plugin_name:command
[2020-05-09 12:17:31,192|DEBUG|init_plugin.py:122] plugin_name:command
[2020-05-09 12:17:31,230|DEBUG|init_plugin.py:122] plugin_name:daum_tv
[2020-05-09 12:17:31,248|DEBUG|init_plugin.py:122] plugin_name:daum_tv
[2020-05-09 12:17:31,322|DEBUG|init_plugin.py:122] plugin_name:epg
[2020-05-09 12:17:31,351|DEBUG|init_plugin.py:122] plugin_name:epg
[2020-05-09 12:17:31,474|DEBUG|init_plugin.py:122] plugin_name:ffmpeg
[2020-05-09 12:17:31,491|DEBUG|init_plugin.py:122] plugin_name:ffmpeg
[2020-05-09 12:17:31,500|DEBUG|init_plugin.py:122] plugin_name:fileprocess_movie
[2020-05-09 12:17:31,525|DEBUG|init_plugin.py:122] plugin_name:fileprocess_movie
[2020-05-09 12:17:31,899|DEBUG|init_plugin.py:122] plugin_name:gdrive_scan
[2020-05-09 12:17:31,920|DEBUG|init_plugin.py:122] plugin_name:gdrive_scan
[2020-05-09 12:17:32,233|DEBUG|init_plugin.py:122] plugin_name:klive
[2020-05-09 12:17:32,247|DEBUG|init_plugin.py:122] plugin_name:klive
[2020-05-09 12:17:32,304|DEBUG|init_plugin.py:122] plugin_name:ktv
[2020-05-09 12:17:32,317|DEBUG|init_plugin.py:122] plugin_name:ktv
[2020-05-09 12:17:32,358|DEBUG|init_plugin.py:122] plugin_name:plex
[2020-05-09 12:17:32,368|DEBUG|init_plugin.py:122] plugin_name:plex
[2020-05-09 12:17:32,369|DEBUG|init_plugin.py:122] plugin_name:rclone
[2020-05-09 12:17:32,379|DEBUG|init_plugin.py:122] plugin_name:rclone
[2020-05-09 12:17:32,447|DEBUG|init_plugin.py:122] plugin_name:smi2srt
[2020-05-09 12:17:32,457|DEBUG|init_plugin.py:122] plugin_name:smi2srt
[2020-05-09 12:17:32,479|DEBUG|init_plugin.py:122] plugin_name:tvheadend
[2020-05-09 12:17:32,487|DEBUG|init_plugin.py:122] plugin_name:tvheadend
[2020-05-09 12:17:33,142|DEBUG|init_plugin.py:172] Plugin Log completed.. : 12 
[2020-05-09 12:17:33,156|DEBUG|__init__.py:219] PORT:9999
[2020-05-09 12:19:47,844|WARNING|class_scheduler.py:64] XX first_run_check_thread_function
[2020-05-09 12:19:47,847|DEBUG|class_scheduler.py:140] remove job_id:scheduler_check
[2020-05-09 12:19:47,849|WARNING|class_scheduler.py:86] first_run_check_thread_function end!!
[2020-05-09 12:19:47,851|DEBUG|class_scheduler.py:167] remove_job_instance : scheduler_check
[2020-05-09 12:20:46,867|DEBUG|class_scheduler.py:140] remove job_id:auth_check
[2020-05-09 12:20:46,868|DEBUG|class_scheduler.py:167] remove_job_instance : auth_check
[2020-05-09 18:18:32,329|DEBUG|__init__.py:60] Path app root : /app
[2020-05-09 18:18:32,332|DEBUG|__init__.py:61] Path app data : /app/data
[2020-05-09 18:18:32,334|DEBUG|__init__.py:64] Platform : Linux
[2020-05-09 18:18:32,338|DEBUG|__init__.py:72] NOT INSTALLED FLASK_RESTFUL
[2020-05-09 18:18:32,342|DEBUG|class_scheduler.py:55] SCHEDULER..
[2020-05-09 18:18:32,426|DEBUG|__init__.py:105] ======================================
[2020-05-09 18:18:32,427|DEBUG|__init__.py:106] ['sjva.py', '0', '5']
[2020-05-09 18:18:32,428|DEBUG|__init__.py:127] use_celery : True
[2020-05-09 18:18:32,429|DEBUG|__init__.py:128] ======================================
[2020-05-09 18:18:32,879|DEBUG|__init__.py:60] Path app root : /app
[2020-05-09 18:18:32,882|DEBUG|__init__.py:61] Path app data : /app/data
[2020-05-09 18:18:32,883|DEBUG|__init__.py:64] Platform : Linux
[2020-05-09 18:18:32,887|DEBUG|__init__.py:72] NOT INSTALLED FLASK_RESTFUL
[2020-05-09 18:18:32,891|DEBUG|class_scheduler.py:55] SCHEDULER..
[2020-05-09 18:18:32,969|DEBUG|__init__.py:105] ======================================
[2020-05-09 18:18:33,419|DEBUG|__init__.py:106] ['/usr/local/bin/celery', 'worker', '-A', 'sjva.celery', '-c2', '--loglevel=info']
[2020-05-09 18:18:33,420|DEBUG|__init__.py:127] use_celery : True
[2020-05-09 18:18:33,422|DEBUG|__init__.py:128] ======================================
[2020-05-09 18:18:35,621|DEBUG|init_plugin.py:54] CONFIG_SERVER : {'use_celery': True, 'is_sjva_server': False, 'repeat': 5, 'run_by_migration': False, 'run_by_real': True, 'run_by_init_db': False, 'server': False, 'run_by_worker': False, 'is_debug': False, 'rss_subtitle_webhook': 'https://discordapp.com/api/webhooks/689800985887113329/GBTUBpP9L0dOegqL4sH-u1fwpssPKq0gBOGPb50JQjim22gUqskYCtj-wnup6BsY3vvc', 'running_type': 'docker', 'is_server': False}
[2020-05-09 18:18:35,622|DEBUG|init_plugin.py:72] []
[2020-05-09 18:18:35,625|DEBUG|init_plugin.py:122] plugin_name:command
[2020-05-09 18:18:35,685|DEBUG|init_plugin.py:122] plugin_name:daum_tv
[2020-05-09 18:18:35,804|DEBUG|init_plugin.py:122] plugin_name:epg
[2020-05-09 18:18:35,825|DEBUG|init_plugin.py:54] CONFIG_SERVER : {'use_celery': True, 'is_sjva_server': False, 'repeat': -1, 'run_by_migration': False, 'run_by_real': False, 'run_by_init_db': False, 'server': False, 'run_by_worker': True, 'is_debug': False, 'rss_subtitle_webhook': 'https://discordapp.com/api/webhooks/689800985887113329/GBTUBpP9L0dOegqL4sH-u1fwpssPKq0gBOGPb50JQjim22gUqskYCtj-wnup6BsY3vvc', 'running_type': 'docker', 'is_server': False}
[2020-05-09 18:18:35,826|DEBUG|init_plugin.py:72] []
[2020-05-09 18:18:35,830|DEBUG|init_plugin.py:122] plugin_name:command
[2020-05-09 18:18:35,887|DEBUG|init_plugin.py:122] plugin_name:daum_tv
[2020-05-09 18:18:35,927|DEBUG|init_plugin.py:122] plugin_name:ffmpeg
[2020-05-09 18:18:35,955|DEBUG|init_plugin.py:122] plugin_name:fileprocess_movie
[2020-05-09 18:18:35,971|DEBUG|init_plugin.py:122] plugin_name:epg
[2020-05-09 18:18:36,081|DEBUG|init_plugin.py:122] plugin_name:ffmpeg
[2020-05-09 18:18:36,105|DEBUG|init_plugin.py:122] plugin_name:fileprocess_movie
[2020-05-09 18:18:36,361|DEBUG|init_plugin.py:122] plugin_name:gdrive_scan
[2020-05-09 18:18:36,484|DEBUG|init_plugin.py:122] plugin_name:gdrive_scan
[2020-05-09 18:18:36,719|DEBUG|init_plugin.py:122] plugin_name:klive
[2020-05-09 18:18:36,793|DEBUG|init_plugin.py:122] plugin_name:ktv
[2020-05-09 18:18:36,826|DEBUG|init_plugin.py:122] plugin_name:klive
[2020-05-09 18:18:36,848|DEBUG|init_plugin.py:122] plugin_name:plex
[2020-05-09 18:18:36,859|DEBUG|init_plugin.py:122] plugin_name:rclone
[2020-05-09 18:18:36,899|DEBUG|init_plugin.py:122] plugin_name:ktv
[2020-05-09 18:18:36,937|DEBUG|init_plugin.py:122] plugin_name:smi2srt
[2020-05-09 18:18:36,952|DEBUG|init_plugin.py:122] plugin_name:plex
[2020-05-09 18:18:36,963|DEBUG|init_plugin.py:122] plugin_name:rclone
[2020-05-09 18:18:36,969|DEBUG|init_plugin.py:122] plugin_name:tvheadend
[2020-05-09 18:18:37,042|DEBUG|init_plugin.py:122] plugin_name:smi2srt
[2020-05-09 18:18:37,073|DEBUG|init_plugin.py:122] plugin_name:tvheadend
[2020-05-09 18:18:37,628|DEBUG|init_plugin.py:172] Plugin Log completed.. : 12 
[2020-05-09 18:18:37,643|DEBUG|__init__.py:219] PORT:9999
[2020-05-09 18:20:51,604|WARNING|class_scheduler.py:64] XX first_run_check_thread_function
[2020-05-09 18:20:51,606|DEBUG|class_scheduler.py:140] remove job_id:scheduler_check
[2020-05-09 18:20:51,607|WARNING|class_scheduler.py:86] first_run_check_thread_function end!!
[2020-05-09 18:20:51,608|DEBUG|class_scheduler.py:167] remove_job_instance : scheduler_check
[2020-05-09 18:22:27,660|DEBUG|class_scheduler.py:140] remove job_id:auth_check
[2020-05-09 18:22:27,661|DEBUG|class_scheduler.py:167] remove_job_instance : auth_check
[2020-05-10 00:20:00,223|DEBUG|__init__.py:60] Path app root : /app
[2020-05-10 00:20:00,226|DEBUG|__init__.py:61] Path app data : /app/data
[2020-05-10 00:20:00,227|DEBUG|__init__.py:64] Platform : Linux
[2020-05-10 00:20:00,231|DEBUG|__init__.py:72] NOT INSTALLED FLASK_RESTFUL
[2020-05-10 00:20:00,235|DEBUG|class_scheduler.py:55] SCHEDULER..
[2020-05-10 00:20:00,305|DEBUG|__init__.py:105] ======================================
[2020-05-10 00:20:00,306|DEBUG|__init__.py:106] ['sjva.py', '0', '6']
[2020-05-10 00:20:00,307|DEBUG|__init__.py:127] use_celery : True
[2020-05-10 00:20:00,308|DEBUG|__init__.py:128] ======================================
[2020-05-10 00:20:00,831|DEBUG|__init__.py:60] Path app root : /app
[2020-05-10 00:20:00,834|DEBUG|__init__.py:61] Path app data : /app/data
[2020-05-10 00:20:00,835|DEBUG|__init__.py:64] Platform : Linux
[2020-05-10 00:20:00,839|DEBUG|__init__.py:72] NOT INSTALLED FLASK_RESTFUL
[2020-05-10 00:20:00,844|DEBUG|class_scheduler.py:55] SCHEDULER..
[2020-05-10 00:20:00,916|DEBUG|__init__.py:105] ======================================
[2020-05-10 00:20:00,917|DEBUG|__init__.py:106] ['/usr/local/bin/celery', 'worker', '-A', 'sjva.celery', '-c2', '--loglevel=info']
[2020-05-10 00:20:00,918|DEBUG|__init__.py:127] use_celery : True
[2020-05-10 00:20:00,921|DEBUG|__init__.py:128] ======================================
[2020-05-10 00:20:01,461|DEBUG|init_plugin.py:54] CONFIG_SERVER : {'use_celery': True, 'is_sjva_server': False, 'repeat': 6, 'run_by_migration': False, 'run_by_real': True, 'run_by_init_db': False, 'server': False, 'run_by_worker': False, 'is_debug': False, 'rss_subtitle_webhook': 'https://discordapp.com/api/webhooks/689800985887113329/GBTUBpP9L0dOegqL4sH-u1fwpssPKq0gBOGPb50JQjim22gUqskYCtj-wnup6BsY3vvc', 'running_type': 'docker', 'is_server': False}
[2020-05-10 00:20:01,462|DEBUG|init_plugin.py:72] []
[2020-05-10 00:20:01,466|DEBUG|init_plugin.py:122] plugin_name:command
[2020-05-10 00:20:01,525|DEBUG|init_plugin.py:122] plugin_name:daum_tv
[2020-05-10 00:20:01,553|DEBUG|init_plugin.py:54] CONFIG_SERVER : {'use_celery': True, 'is_sjva_server': False, 'repeat': -1, 'run_by_migration': False, 'run_by_real': False, 'run_by_init_db': False, 'server': False, 'run_by_worker': True, 'is_debug': False, 'rss_subtitle_webhook': 'https://discordapp.com/api/webhooks/689800985887113329/GBTUBpP9L0dOegqL4sH-u1fwpssPKq0gBOGPb50JQjim22gUqskYCtj-wnup6BsY3vvc', 'running_type': 'docker', 'is_server': False}
[2020-05-10 00:20:01,554|DEBUG|init_plugin.py:72] []
[2020-05-10 00:20:01,559|DEBUG|init_plugin.py:122] plugin_name:command
[2020-05-10 00:20:01,610|DEBUG|init_plugin.py:122] plugin_name:epg
[2020-05-10 00:20:01,626|DEBUG|init_plugin.py:122] plugin_name:daum_tv
[2020-05-10 00:20:01,711|DEBUG|init_plugin.py:122] plugin_name:epg
[2020-05-10 00:20:01,725|DEBUG|init_plugin.py:122] plugin_name:ffmpeg
[2020-05-10 00:20:01,750|DEBUG|init_plugin.py:122] plugin_name:fileprocess_movie
[2020-05-10 00:20:01,823|DEBUG|init_plugin.py:122] plugin_name:ffmpeg
[2020-05-10 00:20:01,847|DEBUG|init_plugin.py:122] plugin_name:fileprocess_movie
[2020-05-10 00:20:02,133|DEBUG|init_plugin.py:122] plugin_name:gdrive_scan
[2020-05-10 00:20:02,227|DEBUG|init_plugin.py:122] plugin_name:gdrive_scan
[2020-05-10 00:20:02,462|DEBUG|init_plugin.py:122] plugin_name:klive
[2020-05-10 00:20:02,538|DEBUG|init_plugin.py:122] plugin_name:ktv
[2020-05-10 00:20:02,573|DEBUG|init_plugin.py:122] plugin_name:klive
[2020-05-10 00:20:02,593|DEBUG|init_plugin.py:122] plugin_name:plex
[2020-05-10 00:20:02,604|DEBUG|init_plugin.py:122] plugin_name:rclone
[2020-05-10 00:20:02,654|DEBUG|init_plugin.py:122] plugin_name:ktv
[2020-05-10 00:20:02,682|DEBUG|init_plugin.py:122] plugin_name:smi2srt
[2020-05-10 00:20:02,708|DEBUG|init_plugin.py:122] plugin_name:plex
[2020-05-10 00:20:02,713|DEBUG|init_plugin.py:122] plugin_name:tvheadend
[2020-05-10 00:20:02,718|DEBUG|init_plugin.py:122] plugin_name:rclone
[2020-05-10 00:20:02,796|DEBUG|init_plugin.py:122] plugin_name:smi2srt
[2020-05-10 00:20:02,827|DEBUG|init_plugin.py:122] plugin_name:tvheadend
[2020-05-10 00:20:03,360|DEBUG|init_plugin.py:172] Plugin Log completed.. : 12 
[2020-05-10 00:20:03,375|DEBUG|__init__.py:219] PORT:9999
[2020-05-10 00:22:13,448|WARNING|class_scheduler.py:64] XX first_run_check_thread_function
[2020-05-10 00:22:13,451|DEBUG|class_scheduler.py:140] remove job_id:scheduler_check
[2020-05-10 00:22:13,452|WARNING|class_scheduler.py:86] first_run_check_thread_function end!!
[2020-05-10 00:22:13,454|DEBUG|class_scheduler.py:167] remove_job_instance : scheduler_check
[2020-05-10 00:23:55,507|DEBUG|class_scheduler.py:140] remove job_id:auth_check
[2020-05-10 00:23:55,509|DEBUG|class_scheduler.py:167] remove_job_instance : auth_check
[2020-05-10 06:21:06,641|DEBUG|__init__.py:60] Path app root : /app
[2020-05-10 06:21:06,644|DEBUG|__init__.py:61] Path app data : /app/data
[2020-05-10 06:21:06,645|DEBUG|__init__.py:64] Platform : Linux
[2020-05-10 06:21:06,649|DEBUG|__init__.py:72] NOT INSTALLED FLASK_RESTFUL
[2020-05-10 06:21:06,653|DEBUG|class_scheduler.py:55] SCHEDULER..
[2020-05-10 06:21:06,724|DEBUG|__init__.py:105] ======================================
[2020-05-10 06:21:06,724|DEBUG|__init__.py:106] ['sjva.py', '0', '7']
[2020-05-10 06:21:06,725|DEBUG|__init__.py:127] use_celery : True
[2020-05-10 06:21:06,726|DEBUG|__init__.py:128] ======================================
[2020-05-10 06:21:07,261|DEBUG|__init__.py:60] Path app root : /app
[2020-05-10 06:21:07,264|DEBUG|__init__.py:61] Path app data : /app/data
[2020-05-10 06:21:07,265|DEBUG|__init__.py:64] Platform : Linux
[2020-05-10 06:21:07,269|DEBUG|__init__.py:72] NOT INSTALLED FLASK_RESTFUL
[2020-05-10 06:21:07,273|DEBUG|class_scheduler.py:55] SCHEDULER..
[2020-05-10 06:21:07,346|DEBUG|__init__.py:105] ======================================
[2020-05-10 06:21:07,347|DEBUG|__init__.py:106] ['/usr/local/bin/celery', 'worker', '-A', 'sjva.celery', '-c2', '--loglevel=info']
[2020-05-10 06:21:07,348|DEBUG|__init__.py:127] use_celery : True
[2020-05-10 06:21:07,350|DEBUG|__init__.py:128] ======================================
[2020-05-10 06:21:10,828|DEBUG|init_plugin.py:54] CONFIG_SERVER : {'use_celery': True, 'is_sjva_server': False, 'repeat': 7, 'run_by_migration': False, 'run_by_real': True, 'run_by_init_db': False, 'server': False, 'run_by_worker': False, 'is_debug': False, 'rss_subtitle_webhook': 'https://discordapp.com/api/webhooks/689800985887113329/GBTUBpP9L0dOegqL4sH-u1fwpssPKq0gBOGPb50JQjim22gUqskYCtj-wnup6BsY3vvc', 'running_type': 'docker', 'is_server': False}
[2020-05-10 06:21:10,829|DEBUG|init_plugin.py:72] []
[2020-05-10 06:21:10,833|DEBUG|init_plugin.py:122] plugin_name:command
[2020-05-10 06:21:10,897|DEBUG|init_plugin.py:122] plugin_name:daum_tv
[2020-05-10 06:21:10,916|DEBUG|init_plugin.py:54] CONFIG_SERVER : {'use_celery': True, 'is_sjva_server': False, 'repeat': -1, 'run_by_migration': False, 'run_by_real': False, 'run_by_init_db': False, 'server': False, 'run_by_worker': True, 'is_debug': False, 'rss_subtitle_webhook': 'https://discordapp.com/api/webhooks/689800985887113329/GBTUBpP9L0dOegqL4sH-u1fwpssPKq0gBOGPb50JQjim22gUqskYCtj-wnup6BsY3vvc', 'running_type': 'docker', 'is_server': False}
[2020-05-10 06:21:10,917|DEBUG|init_plugin.py:72] []
[2020-05-10 06:21:10,921|DEBUG|init_plugin.py:122] plugin_name:command
[2020-05-10 06:21:10,979|DEBUG|init_plugin.py:122] plugin_name:daum_tv
[2020-05-10 06:21:10,979|DEBUG|init_plugin.py:122] plugin_name:epg
[2020-05-10 06:21:11,063|DEBUG|init_plugin.py:122] plugin_name:epg
[2020-05-10 06:21:11,093|DEBUG|init_plugin.py:122] plugin_name:ffmpeg
[2020-05-10 06:21:11,118|DEBUG|init_plugin.py:122] plugin_name:fileprocess_movie
[2020-05-10 06:21:11,176|DEBUG|init_plugin.py:122] plugin_name:ffmpeg
[2020-05-10 06:21:11,201|DEBUG|init_plugin.py:122] plugin_name:fileprocess_movie
[2020-05-10 06:21:11,495|DEBUG|init_plugin.py:122] plugin_name:gdrive_scan
[2020-05-10 06:21:11,585|DEBUG|init_plugin.py:122] plugin_name:gdrive_scan
[2020-05-10 06:21:11,835|DEBUG|init_plugin.py:122] plugin_name:klive
[2020-05-10 06:21:11,907|DEBUG|init_plugin.py:122] plugin_name:ktv
[2020-05-10 06:21:11,917|DEBUG|init_plugin.py:122] plugin_name:klive
[2020-05-10 06:21:11,958|DEBUG|init_plugin.py:122] plugin_name:plex
[2020-05-10 06:21:11,969|DEBUG|init_plugin.py:122] plugin_name:rclone
[2020-05-10 06:21:11,987|DEBUG|init_plugin.py:122] plugin_name:ktv
[2020-05-10 06:21:12,039|DEBUG|init_plugin.py:122] plugin_name:plex
[2020-05-10 06:21:12,046|DEBUG|init_plugin.py:122] plugin_name:smi2srt
[2020-05-10 06:21:12,050|DEBUG|init_plugin.py:122] plugin_name:rclone
[2020-05-10 06:21:12,077|DEBUG|init_plugin.py:122] plugin_name:tvheadend
[2020-05-10 06:21:12,128|DEBUG|init_plugin.py:122] plugin_name:smi2srt
[2020-05-10 06:21:12,159|DEBUG|init_plugin.py:122] plugin_name:tvheadend
[2020-05-10 06:21:12,736|DEBUG|init_plugin.py:172] Plugin Log completed.. : 12 
[2020-05-10 06:21:12,751|DEBUG|__init__.py:219] PORT:9999
[2020-05-10 06:23:49,839|WARNING|class_scheduler.py:64] XX first_run_check_thread_function
[2020-05-10 06:23:49,840|DEBUG|class_scheduler.py:140] remove job_id:scheduler_check
[2020-05-10 06:23:49,841|WARNING|class_scheduler.py:86] first_run_check_thread_function end!!
[2020-05-10 06:23:49,842|DEBUG|class_scheduler.py:167] remove_job_instance : scheduler_check
[2020-05-10 06:24:47,871|DEBUG|class_scheduler.py:140] remove job_id:auth_check
[2020-05-10 06:24:47,872|DEBUG|class_scheduler.py:167] remove_job_instance : auth_check
[2020-05-10 12:22:07,628|DEBUG|__init__.py:60] Path app root : /app
[2020-05-10 12:22:07,632|DEBUG|__init__.py:61] Path app data : /app/data
[2020-05-10 12:22:07,633|DEBUG|__init__.py:64] Platform : Linux
[2020-05-10 12:22:07,637|DEBUG|__init__.py:72] NOT INSTALLED FLASK_RESTFUL
[2020-05-10 12:22:07,642|DEBUG|class_scheduler.py:55] SCHEDULER..
[2020-05-10 12:22:07,715|DEBUG|__init__.py:105] ======================================
[2020-05-10 12:22:07,716|DEBUG|__init__.py:106] ['sjva.py', '0', '8']
[2020-05-10 12:22:07,717|DEBUG|__init__.py:127] use_celery : True
[2020-05-10 12:22:07,718|DEBUG|__init__.py:128] ======================================
[2020-05-10 12:22:08,214|DEBUG|__init__.py:60] Path app root : /app
[2020-05-10 12:22:08,217|DEBUG|__init__.py:61] Path app data : /app/data
[2020-05-10 12:22:08,218|DEBUG|__init__.py:64] Platform : Linux
[2020-05-10 12:22:08,222|DEBUG|__init__.py:72] NOT INSTALLED FLASK_RESTFUL
[2020-05-10 12:22:08,226|DEBUG|class_scheduler.py:55] SCHEDULER..
[2020-05-10 12:22:08,301|DEBUG|__init__.py:105] ======================================
[2020-05-10 12:22:08,302|DEBUG|__init__.py:106] ['/usr/local/bin/celery', 'worker', '-A', 'sjva.celery', '-c2', '--loglevel=info']
[2020-05-10 12:22:08,303|DEBUG|__init__.py:127] use_celery : True
[2020-05-10 12:22:08,304|DEBUG|__init__.py:128] ======================================
[2020-05-10 12:22:11,041|DEBUG|init_plugin.py:54] CONFIG_SERVER : {'use_celery': True, 'is_sjva_server': False, 'repeat': 8, 'run_by_migration': False, 'run_by_real': True, 'run_by_init_db': False, 'server': False, 'run_by_worker': False, 'is_debug': False, 'rss_subtitle_webhook': 'https://discordapp.com/api/webhooks/689800985887113329/GBTUBpP9L0dOegqL4sH-u1fwpssPKq0gBOGPb50JQjim22gUqskYCtj-wnup6BsY3vvc', 'running_type': 'docker', 'is_server': False}
[2020-05-10 12:22:11,043|DEBUG|init_plugin.py:72] []
[2020-05-10 12:22:11,047|DEBUG|init_plugin.py:122] plugin_name:command
[2020-05-10 12:22:11,052|DEBUG|init_plugin.py:54] CONFIG_SERVER : {'use_celery': True, 'is_sjva_server': False, 'repeat': -1, 'run_by_migration': False, 'run_by_real': False, 'run_by_init_db': False, 'server': False, 'run_by_worker': True, 'is_debug': False, 'rss_subtitle_webhook': 'https://discordapp.com/api/webhooks/689800985887113329/GBTUBpP9L0dOegqL4sH-u1fwpssPKq0gBOGPb50JQjim22gUqskYCtj-wnup6BsY3vvc', 'running_type': 'docker', 'is_server': False}
[2020-05-10 12:22:11,053|DEBUG|init_plugin.py:72] []
[2020-05-10 12:22:11,057|DEBUG|init_plugin.py:122] plugin_name:command
[2020-05-10 12:22:11,106|DEBUG|init_plugin.py:122] plugin_name:daum_tv
[2020-05-10 12:22:11,114|DEBUG|init_plugin.py:122] plugin_name:daum_tv
[2020-05-10 12:22:11,194|DEBUG|init_plugin.py:122] plugin_name:epg
[2020-05-10 12:22:11,206|DEBUG|init_plugin.py:122] plugin_name:epg
[2020-05-10 12:22:11,335|DEBUG|init_plugin.py:122] plugin_name:ffmpeg
[2020-05-10 12:22:11,343|DEBUG|init_plugin.py:122] plugin_name:ffmpeg
[2020-05-10 12:22:11,361|DEBUG|init_plugin.py:122] plugin_name:fileprocess_movie
[2020-05-10 12:22:11,368|DEBUG|init_plugin.py:122] plugin_name:fileprocess_movie
[2020-05-10 12:22:11,757|DEBUG|init_plugin.py:122] plugin_name:gdrive_scan
[2020-05-10 12:22:11,758|DEBUG|init_plugin.py:122] plugin_name:gdrive_scan
[2020-05-10 12:22:12,085|DEBUG|init_plugin.py:122] plugin_name:klive
[2020-05-10 12:22:12,089|DEBUG|init_plugin.py:122] plugin_name:klive
[2020-05-10 12:22:12,156|DEBUG|init_plugin.py:122] plugin_name:ktv
[2020-05-10 12:22:12,160|DEBUG|init_plugin.py:122] plugin_name:ktv
[2020-05-10 12:22:12,208|DEBUG|init_plugin.py:122] plugin_name:plex
[2020-05-10 12:22:12,212|DEBUG|init_plugin.py:122] plugin_name:plex
[2020-05-10 12:22:12,219|DEBUG|init_plugin.py:122] plugin_name:rclone
[2020-05-10 12:22:12,223|DEBUG|init_plugin.py:122] plugin_name:rclone
[2020-05-10 12:22:12,297|DEBUG|init_plugin.py:122] plugin_name:smi2srt
[2020-05-10 12:22:12,301|DEBUG|init_plugin.py:122] plugin_name:smi2srt
[2020-05-10 12:22:12,327|DEBUG|init_plugin.py:122] plugin_name:tvheadend
[2020-05-10 12:22:12,332|DEBUG|init_plugin.py:122] plugin_name:tvheadend
[2020-05-10 12:22:12,992|DEBUG|init_plugin.py:172] Plugin Log completed.. : 12 
[2020-05-10 12:22:13,006|DEBUG|__init__.py:219] PORT:9999
[2020-05-10 12:24:37,614|WARNING|class_scheduler.py:64] XX first_run_check_thread_function
[2020-05-10 12:24:37,615|DEBUG|class_scheduler.py:140] remove job_id:scheduler_check
[2020-05-10 12:24:37,616|WARNING|class_scheduler.py:86] first_run_check_thread_function end!!
[2020-05-10 12:24:37,617|DEBUG|class_scheduler.py:167] remove_job_instance : scheduler_check
[2020-05-10 12:25:37,615|DEBUG|class_scheduler.py:140] remove job_id:auth_check
[2020-05-10 12:25:37,616|DEBUG|class_scheduler.py:167] remove_job_instance : auth_check
[2020-05-10 18:23:31,605|DEBUG|__init__.py:60] Path app root : /app
[2020-05-10 18:23:31,609|DEBUG|__init__.py:61] Path app data : /app/data
[2020-05-10 18:23:31,609|DEBUG|__init__.py:64] Platform : Linux
[2020-05-10 18:23:31,613|DEBUG|__init__.py:72] NOT INSTALLED FLASK_RESTFUL
[2020-05-10 18:23:31,617|DEBUG|class_scheduler.py:55] SCHEDULER..
[2020-05-10 18:23:31,689|DEBUG|__init__.py:105] ======================================
[2020-05-10 18:23:31,689|DEBUG|__init__.py:106] ['sjva.py', '0', '9']
[2020-05-10 18:23:31,690|DEBUG|__init__.py:127] use_celery : True
[2020-05-10 18:23:31,692|DEBUG|__init__.py:128] ======================================
[2020-05-10 18:23:32,211|DEBUG|__init__.py:60] Path app root : /app
[2020-05-10 18:23:32,215|DEBUG|__init__.py:61] Path app data : /app/data
[2020-05-10 18:23:32,216|DEBUG|__init__.py:64] Platform : Linux
[2020-05-10 18:23:32,221|DEBUG|__init__.py:72] NOT INSTALLED FLASK_RESTFUL
[2020-05-10 18:23:32,225|DEBUG|class_scheduler.py:55] SCHEDULER..
[2020-05-10 18:23:32,299|DEBUG|__init__.py:105] ======================================
[2020-05-10 18:23:32,300|DEBUG|__init__.py:106] ['/usr/local/bin/celery', 'worker', '-A', 'sjva.celery', '-c2', '--loglevel=info']
[2020-05-10 18:23:32,301|DEBUG|__init__.py:127] use_celery : True
[2020-05-10 18:23:32,303|DEBUG|__init__.py:128] ======================================
[2020-05-10 18:23:34,426|DEBUG|init_plugin.py:54] CONFIG_SERVER : {'use_celery': True, 'is_sjva_server': False, 'repeat': 9, 'run_by_migration': False, 'run_by_real': True, 'run_by_init_db': False, 'server': False, 'run_by_worker': False, 'is_debug': False, 'rss_subtitle_webhook': 'https://discordapp.com/api/webhooks/689800985887113329/GBTUBpP9L0dOegqL4sH-u1fwpssPKq0gBOGPb50JQjim22gUqskYCtj-wnup6BsY3vvc', 'running_type': 'docker', 'is_server': False}
[2020-05-10 18:23:34,428|DEBUG|init_plugin.py:72] []
[2020-05-10 18:23:34,434|DEBUG|init_plugin.py:122] plugin_name:command
[2020-05-10 18:23:34,493|DEBUG|init_plugin.py:122] plugin_name:daum_tv
[2020-05-10 18:23:34,507|DEBUG|init_plugin.py:54] CONFIG_SERVER : {'use_celery': True, 'is_sjva_server': False, 'repeat': -1, 'run_by_migration': False, 'run_by_real': False, 'run_by_init_db': False, 'server': False, 'run_by_worker': True, 'is_debug': False, 'rss_subtitle_webhook': 'https://discordapp.com/api/webhooks/689800985887113329/GBTUBpP9L0dOegqL4sH-u1fwpssPKq0gBOGPb50JQjim22gUqskYCtj-wnup6BsY3vvc', 'running_type': 'docker', 'is_server': False}
[2020-05-10 18:23:34,508|DEBUG|init_plugin.py:72] []
[2020-05-10 18:23:34,513|DEBUG|init_plugin.py:122] plugin_name:command
[2020-05-10 18:23:34,583|DEBUG|init_plugin.py:122] plugin_name:daum_tv
[2020-05-10 18:23:34,587|DEBUG|init_plugin.py:122] plugin_name:epg
[2020-05-10 18:23:34,668|DEBUG|init_plugin.py:122] plugin_name:epg
[2020-05-10 18:23:34,700|DEBUG|init_plugin.py:122] plugin_name:ffmpeg
[2020-05-10 18:23:34,725|DEBUG|init_plugin.py:122] plugin_name:fileprocess_movie
[2020-05-10 18:23:34,782|DEBUG|init_plugin.py:122] plugin_name:ffmpeg
[2020-05-10 18:23:34,807|DEBUG|init_plugin.py:122] plugin_name:fileprocess_movie
[2020-05-10 18:23:35,105|DEBUG|init_plugin.py:122] plugin_name:gdrive_scan
[2020-05-10 18:23:35,186|DEBUG|init_plugin.py:122] plugin_name:gdrive_scan
[2020-05-10 18:23:35,434|DEBUG|init_plugin.py:122] plugin_name:klive
[2020-05-10 18:23:35,506|DEBUG|init_plugin.py:122] plugin_name:ktv
[2020-05-10 18:23:35,521|DEBUG|init_plugin.py:122] plugin_name:klive
[2020-05-10 18:23:35,569|DEBUG|init_plugin.py:122] plugin_name:plex
[2020-05-10 18:23:35,580|DEBUG|init_plugin.py:122] plugin_name:rclone
[2020-05-10 18:23:35,597|DEBUG|init_plugin.py:122] plugin_name:ktv
[2020-05-10 18:23:35,649|DEBUG|init_plugin.py:122] plugin_name:plex
[2020-05-10 18:23:35,656|DEBUG|init_plugin.py:122] plugin_name:smi2srt
[2020-05-10 18:23:35,660|DEBUG|init_plugin.py:122] plugin_name:rclone
[2020-05-10 18:23:35,686|DEBUG|init_plugin.py:122] plugin_name:tvheadend
[2020-05-10 18:23:35,740|DEBUG|init_plugin.py:122] plugin_name:smi2srt
[2020-05-10 18:23:35,772|DEBUG|init_plugin.py:122] plugin_name:tvheadend
[2020-05-10 18:23:36,341|DEBUG|init_plugin.py:172] Plugin Log completed.. : 12 
[2020-05-10 18:23:36,357|DEBUG|__init__.py:219] PORT:9999
[2020-05-10 18:26:16,406|WARNING|class_scheduler.py:64] XX first_run_check_thread_function
[2020-05-10 18:26:16,410|DEBUG|class_scheduler.py:140] remove job_id:scheduler_check
[2020-05-10 18:26:16,411|WARNING|class_scheduler.py:86] first_run_check_thread_function end!!
[2020-05-10 18:26:16,413|DEBUG|class_scheduler.py:167] remove_job_instance : scheduler_check
[2020-05-10 18:26:55,449|DEBUG|class_scheduler.py:140] remove job_id:auth_check
[2020-05-10 18:26:55,451|DEBUG|class_scheduler.py:167] remove_job_instance : auth_check
[2020-05-11 00:25:16,416|DEBUG|__init__.py:60] Path app root : /app
[2020-05-11 00:25:16,420|DEBUG|__init__.py:61] Path app data : /app/data
[2020-05-11 00:25:16,421|DEBUG|__init__.py:64] Platform : Linux
[2020-05-11 00:25:16,425|DEBUG|__init__.py:72] NOT INSTALLED FLASK_RESTFUL
[2020-05-11 00:25:16,429|DEBUG|class_scheduler.py:55] SCHEDULER..
[2020-05-11 00:25:16,500|DEBUG|__init__.py:105] ======================================
[2020-05-11 00:25:16,501|DEBUG|__init__.py:106] ['sjva.py', '0', '10']
[2020-05-11 00:25:16,502|DEBUG|__init__.py:127] use_celery : True
[2020-05-11 00:25:16,503|DEBUG|__init__.py:128] ======================================
[2020-05-11 00:25:17,046|DEBUG|__init__.py:60] Path app root : /app
[2020-05-11 00:25:17,050|DEBUG|__init__.py:61] Path app data : /app/data
[2020-05-11 00:25:17,051|DEBUG|__init__.py:64] Platform : Linux
[2020-05-11 00:25:17,054|DEBUG|__init__.py:72] NOT INSTALLED FLASK_RESTFUL
[2020-05-11 00:25:17,058|DEBUG|class_scheduler.py:55] SCHEDULER..
[2020-05-11 00:25:17,131|DEBUG|__init__.py:105] ======================================
[2020-05-11 00:25:17,132|DEBUG|__init__.py:106] ['/usr/local/bin/celery', 'worker', '-A', 'sjva.celery', '-c2', '--loglevel=info']
[2020-05-11 00:25:17,133|DEBUG|__init__.py:127] use_celery : True
[2020-05-11 00:25:17,135|DEBUG|__init__.py:128] ======================================
[2020-05-11 00:25:17,645|DEBUG|init_plugin.py:54] CONFIG_SERVER : {'use_celery': True, 'is_sjva_server': False, 'repeat': 10, 'run_by_migration': False, 'run_by_real': True, 'run_by_init_db': False, 'server': False, 'run_by_worker': False, 'is_debug': False, 'rss_subtitle_webhook': 'https://discordapp.com/api/webhooks/689800985887113329/GBTUBpP9L0dOegqL4sH-u1fwpssPKq0gBOGPb50JQjim22gUqskYCtj-wnup6BsY3vvc', 'running_type': 'docker', 'is_server': False}
[2020-05-11 00:25:17,646|DEBUG|init_plugin.py:72] []
[2020-05-11 00:25:17,683|DEBUG|init_plugin.py:122] plugin_name:command
[2020-05-11 00:25:17,704|DEBUG|init_plugin.py:54] CONFIG_SERVER : {'use_celery': True, 'is_sjva_server': False, 'repeat': -1, 'run_by_migration': False, 'run_by_real': False, 'run_by_init_db': False, 'server': False, 'run_by_worker': True, 'is_debug': False, 'rss_subtitle_webhook': 'https://discordapp.com/api/webhooks/689800985887113329/GBTUBpP9L0dOegqL4sH-u1fwpssPKq0gBOGPb50JQjim22gUqskYCtj-wnup6BsY3vvc', 'running_type': 'docker', 'is_server': False}
[2020-05-11 00:25:17,706|DEBUG|init_plugin.py:72] []
[2020-05-11 00:25:17,710|DEBUG|init_plugin.py:122] plugin_name:command
[2020-05-11 00:25:17,740|DEBUG|init_plugin.py:122] plugin_name:daum_tv
[2020-05-11 00:25:17,766|DEBUG|init_plugin.py:122] plugin_name:daum_tv
[2020-05-11 00:25:17,823|DEBUG|init_plugin.py:122] plugin_name:epg
[2020-05-11 00:25:17,853|DEBUG|init_plugin.py:122] plugin_name:epg
[2020-05-11 00:25:17,935|DEBUG|init_plugin.py:122] plugin_name:ffmpeg
[2020-05-11 00:25:17,960|DEBUG|init_plugin.py:122] plugin_name:fileprocess_movie
[2020-05-11 00:25:17,963|DEBUG|init_plugin.py:122] plugin_name:ffmpeg
[2020-05-11 00:25:17,989|DEBUG|init_plugin.py:122] plugin_name:fileprocess_movie
[2020-05-11 00:25:18,344|DEBUG|init_plugin.py:122] plugin_name:gdrive_scan
[2020-05-11 00:25:18,371|DEBUG|init_plugin.py:122] plugin_name:gdrive_scan
[2020-05-11 00:25:18,676|DEBUG|init_plugin.py:122] plugin_name:klive
[2020-05-11 00:25:18,719|DEBUG|init_plugin.py:122] plugin_name:klive
[2020-05-11 00:25:18,747|DEBUG|init_plugin.py:122] plugin_name:ktv
[2020-05-11 00:25:18,792|DEBUG|init_plugin.py:122] plugin_name:ktv
[2020-05-11 00:25:18,800|DEBUG|init_plugin.py:122] plugin_name:plex
[2020-05-11 00:25:18,811|DEBUG|init_plugin.py:122] plugin_name:rclone
[2020-05-11 00:25:18,845|DEBUG|init_plugin.py:122] plugin_name:plex
[2020-05-11 00:25:18,856|DEBUG|init_plugin.py:122] plugin_name:rclone
[2020-05-11 00:25:18,887|DEBUG|init_plugin.py:122] plugin_name:smi2srt
[2020-05-11 00:25:18,918|DEBUG|init_plugin.py:122] plugin_name:tvheadend
[2020-05-11 00:25:18,934|DEBUG|init_plugin.py:122] plugin_name:smi2srt
[2020-05-11 00:25:18,965|DEBUG|init_plugin.py:122] plugin_name:tvheadend
[2020-05-11 00:25:19,578|DEBUG|init_plugin.py:172] Plugin Log completed.. : 12 
[2020-05-11 00:25:19,592|DEBUG|__init__.py:219] PORT:9999
[2020-05-11 00:27:43,633|WARNING|class_scheduler.py:64] XX first_run_check_thread_function
[2020-05-11 00:27:43,635|DEBUG|class_scheduler.py:140] remove job_id:scheduler_check
[2020-05-11 00:27:43,635|WARNING|class_scheduler.py:86] first_run_check_thread_function end!!
[2020-05-11 00:27:43,636|DEBUG|class_scheduler.py:167] remove_job_instance : scheduler_check
[2020-05-11 00:28:29,676|DEBUG|class_scheduler.py:140] remove job_id:auth_check
[2020-05-11 00:28:29,677|DEBUG|class_scheduler.py:167] remove_job_instance : auth_check
[2020-05-11 06:26:52,947|DEBUG|__init__.py:60] Path app root : /app
[2020-05-11 06:26:52,951|DEBUG|__init__.py:61] Path app data : /app/data
[2020-05-11 06:26:52,952|DEBUG|__init__.py:64] Platform : Linux
[2020-05-11 06:26:52,956|DEBUG|__init__.py:72] NOT INSTALLED FLASK_RESTFUL
[2020-05-11 06:26:52,961|DEBUG|class_scheduler.py:55] SCHEDULER..
[2020-05-11 06:26:53,033|DEBUG|__init__.py:105] ======================================
[2020-05-11 06:26:53,034|DEBUG|__init__.py:106] ['sjva.py', '0', '11']
[2020-05-11 06:26:53,035|DEBUG|__init__.py:127] use_celery : True
[2020-05-11 06:26:53,036|DEBUG|__init__.py:128] ======================================
[2020-05-11 06:26:53,636|DEBUG|__init__.py:60] Path app root : /app
[2020-05-11 06:26:53,639|DEBUG|__init__.py:61] Path app data : /app/data
[2020-05-11 06:26:53,641|DEBUG|__init__.py:64] Platform : Linux
[2020-05-11 06:26:53,644|DEBUG|__init__.py:72] NOT INSTALLED FLASK_RESTFUL
[2020-05-11 06:26:53,649|DEBUG|class_scheduler.py:55] SCHEDULER..
[2020-05-11 06:26:53,721|DEBUG|__init__.py:105] ======================================
[2020-05-11 06:26:53,722|DEBUG|__init__.py:106] ['/usr/local/bin/celery', 'worker', '-A', 'sjva.celery', '-c2', '--loglevel=info']
[2020-05-11 06:26:53,723|DEBUG|__init__.py:127] use_celery : True
[2020-05-11 06:26:53,724|DEBUG|__init__.py:128] ======================================
[2020-05-11 06:26:54,163|DEBUG|init_plugin.py:54] CONFIG_SERVER : {'use_celery': True, 'is_sjva_server': False, 'repeat': 11, 'run_by_migration': False, 'run_by_real': True, 'run_by_init_db': False, 'server': False, 'run_by_worker': False, 'is_debug': False, 'rss_subtitle_webhook': 'https://discordapp.com/api/webhooks/689800985887113329/GBTUBpP9L0dOegqL4sH-u1fwpssPKq0gBOGPb50JQjim22gUqskYCtj-wnup6BsY3vvc', 'running_type': 'docker', 'is_server': False}
[2020-05-11 06:26:54,164|DEBUG|init_plugin.py:72] []
[2020-05-11 06:26:54,168|DEBUG|init_plugin.py:122] plugin_name:command
[2020-05-11 06:26:54,259|DEBUG|init_plugin.py:122] plugin_name:daum_tv
[2020-05-11 06:26:54,266|DEBUG|init_plugin.py:54] CONFIG_SERVER : {'use_celery': True, 'is_sjva_server': False, 'repeat': -1, 'run_by_migration': False, 'run_by_real': False, 'run_by_init_db': False, 'server': False, 'run_by_worker': True, 'is_debug': False, 'rss_subtitle_webhook': 'https://discordapp.com/api/webhooks/689800985887113329/GBTUBpP9L0dOegqL4sH-u1fwpssPKq0gBOGPb50JQjim22gUqskYCtj-wnup6BsY3vvc', 'running_type': 'docker', 'is_server': False}
[2020-05-11 06:26:54,267|DEBUG|init_plugin.py:72] []
[2020-05-11 06:26:54,271|DEBUG|init_plugin.py:122] plugin_name:command
[2020-05-11 06:26:54,329|DEBUG|init_plugin.py:122] plugin_name:daum_tv
[2020-05-11 06:26:54,343|DEBUG|init_plugin.py:122] plugin_name:epg
[2020-05-11 06:26:54,414|DEBUG|init_plugin.py:122] plugin_name:epg
[2020-05-11 06:26:54,461|DEBUG|init_plugin.py:122] plugin_name:ffmpeg
[2020-05-11 06:26:54,487|DEBUG|init_plugin.py:122] plugin_name:fileprocess_movie
[2020-05-11 06:26:54,532|DEBUG|init_plugin.py:122] plugin_name:ffmpeg
[2020-05-11 06:26:54,560|DEBUG|init_plugin.py:122] plugin_name:fileprocess_movie
[2020-05-11 06:26:54,877|DEBUG|init_plugin.py:122] plugin_name:gdrive_scan
[2020-05-11 06:26:54,948|DEBUG|init_plugin.py:122] plugin_name:gdrive_scan
[2020-05-11 06:26:55,209|DEBUG|init_plugin.py:122] plugin_name:klive
[2020-05-11 06:26:55,280|DEBUG|init_plugin.py:122] plugin_name:klive
[2020-05-11 06:26:55,282|DEBUG|init_plugin.py:122] plugin_name:ktv
[2020-05-11 06:26:55,334|DEBUG|init_plugin.py:122] plugin_name:plex
[2020-05-11 06:26:55,345|DEBUG|init_plugin.py:122] plugin_name:rclone
[2020-05-11 06:26:55,349|DEBUG|init_plugin.py:122] plugin_name:ktv
[2020-05-11 06:26:55,402|DEBUG|init_plugin.py:122] plugin_name:plex
[2020-05-11 06:26:55,412|DEBUG|init_plugin.py:122] plugin_name:rclone
[2020-05-11 06:26:55,423|DEBUG|init_plugin.py:122] plugin_name:smi2srt
[2020-05-11 06:26:55,453|DEBUG|init_plugin.py:122] plugin_name:tvheadend
[2020-05-11 06:26:55,490|DEBUG|init_plugin.py:122] plugin_name:smi2srt
[2020-05-11 06:26:55,526|DEBUG|init_plugin.py:122] plugin_name:tvheadend
[2020-05-11 06:26:56,106|DEBUG|init_plugin.py:172] Plugin Log completed.. : 12 
[2020-05-11 06:26:56,122|DEBUG|__init__.py:219] PORT:9999
[2020-05-11 06:29:45,179|WARNING|class_scheduler.py:64] XX first_run_check_thread_function
[2020-05-11 06:29:45,180|DEBUG|class_scheduler.py:140] remove job_id:scheduler_check
[2020-05-11 06:29:45,181|WARNING|class_scheduler.py:86] first_run_check_thread_function end!!
[2020-05-11 06:29:45,181|DEBUG|class_scheduler.py:167] remove_job_instance : scheduler_check
[2020-05-11 06:30:48,155|DEBUG|class_scheduler.py:140] remove job_id:auth_check
[2020-05-11 06:30:48,156|DEBUG|class_scheduler.py:167] remove_job_instance : auth_check
[2020-05-11 12:28:39,752|DEBUG|__init__.py:60] Path app root : /app
[2020-05-11 12:28:39,755|DEBUG|__init__.py:61] Path app data : /app/data
[2020-05-11 12:28:39,756|DEBUG|__init__.py:64] Platform : Linux
[2020-05-11 12:28:39,760|DEBUG|__init__.py:72] NOT INSTALLED FLASK_RESTFUL
[2020-05-11 12:28:39,765|DEBUG|class_scheduler.py:55] SCHEDULER..
[2020-05-11 12:28:39,838|DEBUG|__init__.py:105] ======================================
[2020-05-11 12:28:39,839|DEBUG|__init__.py:106] ['sjva.py', '0', '12']
[2020-05-11 12:28:39,840|DEBUG|__init__.py:127] use_celery : True
[2020-05-11 12:28:39,842|DEBUG|__init__.py:128] ======================================
[2020-05-11 12:28:40,313|DEBUG|__init__.py:60] Path app root : /app
[2020-05-11 12:28:40,316|DEBUG|__init__.py:61] Path app data : /app/data
[2020-05-11 12:28:40,317|DEBUG|__init__.py:64] Platform : Linux
[2020-05-11 12:28:40,321|DEBUG|__init__.py:72] NOT INSTALLED FLASK_RESTFUL
[2020-05-11 12:28:40,325|DEBUG|class_scheduler.py:55] SCHEDULER..
[2020-05-11 12:28:40,399|DEBUG|__init__.py:105] ======================================
[2020-05-11 12:28:40,400|DEBUG|__init__.py:106] ['/usr/local/bin/celery', 'worker', '-A', 'sjva.celery', '-c2', '--loglevel=info']
[2020-05-11 12:28:40,401|DEBUG|__init__.py:127] use_celery : True
[2020-05-11 12:28:40,402|DEBUG|__init__.py:128] ======================================
[2020-05-11 12:28:41,629|DEBUG|init_plugin.py:54] CONFIG_SERVER : {'use_celery': True, 'is_sjva_server': False, 'repeat': 12, 'run_by_migration': False, 'run_by_real': True, 'run_by_init_db': False, 'server': False, 'run_by_worker': False, 'is_debug': False, 'rss_subtitle_webhook': 'https://discordapp.com/api/webhooks/689800985887113329/GBTUBpP9L0dOegqL4sH-u1fwpssPKq0gBOGPb50JQjim22gUqskYCtj-wnup6BsY3vvc', 'running_type': 'docker', 'is_server': False}
[2020-05-11 12:28:41,631|DEBUG|init_plugin.py:72] []
[2020-05-11 12:28:41,634|DEBUG|init_plugin.py:122] plugin_name:command
[2020-05-11 12:28:41,642|DEBUG|init_plugin.py:54] CONFIG_SERVER : {'use_celery': True, 'is_sjva_server': False, 'repeat': -1, 'run_by_migration': False, 'run_by_real': False, 'run_by_init_db': False, 'server': False, 'run_by_worker': True, 'is_debug': False, 'rss_subtitle_webhook': 'https://discordapp.com/api/webhooks/689800985887113329/GBTUBpP9L0dOegqL4sH-u1fwpssPKq0gBOGPb50JQjim22gUqskYCtj-wnup6BsY3vvc', 'running_type': 'docker', 'is_server': False}
[2020-05-11 12:28:41,644|DEBUG|init_plugin.py:72] []
[2020-05-11 12:28:41,648|DEBUG|init_plugin.py:122] plugin_name:command
[2020-05-11 12:28:41,692|DEBUG|init_plugin.py:122] plugin_name:daum_tv
[2020-05-11 12:28:41,704|DEBUG|init_plugin.py:122] plugin_name:daum_tv
[2020-05-11 12:28:41,777|DEBUG|init_plugin.py:122] plugin_name:epg
[2020-05-11 12:28:41,790|DEBUG|init_plugin.py:122] plugin_name:epg
[2020-05-11 12:28:41,888|DEBUG|init_plugin.py:122] plugin_name:ffmpeg
[2020-05-11 12:28:41,900|DEBUG|init_plugin.py:122] plugin_name:ffmpeg
[2020-05-11 12:28:41,913|DEBUG|init_plugin.py:122] plugin_name:fileprocess_movie
[2020-05-11 12:28:41,925|DEBUG|init_plugin.py:122] plugin_name:fileprocess_movie
[2020-05-11 12:28:42,305|DEBUG|init_plugin.py:122] plugin_name:gdrive_scan
[2020-05-11 12:28:42,315|DEBUG|init_plugin.py:122] plugin_name:gdrive_scan
[2020-05-11 12:28:42,637|DEBUG|init_plugin.py:122] plugin_name:klive
[2020-05-11 12:28:42,663|DEBUG|init_plugin.py:122] plugin_name:klive
[2020-05-11 12:28:42,710|DEBUG|init_plugin.py:122] plugin_name:ktv
[2020-05-11 12:28:42,735|DEBUG|init_plugin.py:122] plugin_name:ktv
[2020-05-11 12:28:42,762|DEBUG|init_plugin.py:122] plugin_name:plex
[2020-05-11 12:28:42,773|DEBUG|init_plugin.py:122] plugin_name:rclone
[2020-05-11 12:28:42,788|DEBUG|init_plugin.py:122] plugin_name:plex
[2020-05-11 12:28:42,799|DEBUG|init_plugin.py:122] plugin_name:rclone
[2020-05-11 12:28:42,849|DEBUG|init_plugin.py:122] plugin_name:smi2srt
[2020-05-11 12:28:42,878|DEBUG|init_plugin.py:122] plugin_name:smi2srt
[2020-05-11 12:28:42,880|DEBUG|init_plugin.py:122] plugin_name:tvheadend
[2020-05-11 12:28:42,908|DEBUG|init_plugin.py:122] plugin_name:tvheadend
[2020-05-11 12:28:43,533|DEBUG|init_plugin.py:172] Plugin Log completed.. : 12 
[2020-05-11 12:28:43,549|DEBUG|__init__.py:219] PORT:9999
[2020-05-11 12:31:37,643|WARNING|class_scheduler.py:64] XX first_run_check_thread_function
[2020-05-11 12:31:37,645|DEBUG|class_scheduler.py:140] remove job_id:scheduler_check
[2020-05-11 12:31:37,645|WARNING|class_scheduler.py:86] first_run_check_thread_function end!!
[2020-05-11 12:31:37,646|DEBUG|class_scheduler.py:167] remove_job_instance : scheduler_check
[2020-05-11 12:32:31,671|DEBUG|class_scheduler.py:140] remove job_id:auth_check
[2020-05-11 12:32:31,672|DEBUG|class_scheduler.py:167] remove_job_instance : auth_check
