[2020-05-07 19:11:36,685|DEBUG|plugin.py:51] plugin_load:klive
[2020-05-07 19:17:24,506|DEBUG|plugin.py:95] DETAIL klive list
[2020-05-07 19:17:25,068|DEBUG|plugin.py:146] AJAX klive channel_list
[2020-05-07 19:17:25,070|DEBUG|logic_klive.py:93] get_channel_list :False
[2020-05-07 19:17:25,073|DEBUG|logic_klive.py:58] channel_load_from_site
[2020-05-07 19:17:25,188|DEBUG|source_pooq.py:39] None
[2020-05-07 19:17:25,475|DEBUG|logic_klive.py:82] pooq : 93
[2020-05-07 19:17:25,748|DEBUG|logic_klive.py:82] videoportal : 84
[2020-05-07 19:17:26,782|DEBUG|source_everyon.py:101] ret:N 6
[2020-05-07 19:17:26,867|DEBUG|source_everyon.py:101] ret:N 10
[2020-05-07 19:17:26,958|DEBUG|source_everyon.py:101] ret:N 21
[2020-05-07 19:17:27,137|DEBUG|source_everyon.py:101] ret:N 19
[2020-05-07 19:17:27,224|DEBUG|source_everyon.py:101] ret:N 13
[2020-05-07 19:17:27,319|DEBUG|source_everyon.py:101] ret:N 20
[2020-05-07 19:17:27,323|DEBUG|logic_klive.py:82] everyon : 89
[2020-05-07 19:17:27,325|DEBUG|logic.py:192] channel_list :266
[2020-05-07 19:25:15,108|DEBUG|plugin.py:95] DETAIL klive list
[2020-05-07 19:25:15,592|DEBUG|plugin.py:146] AJAX klive channel_list
[2020-05-07 19:25:15,596|DEBUG|logic_klive.py:93] get_channel_list :False
[2020-05-07 19:25:15,597|DEBUG|logic.py:192] channel_list :266
[2020-05-07 19:25:20,747|DEBUG|plugin.py:146] AJAX klive channel_list
[2020-05-07 19:25:21,127|DEBUG|logic_klive.py:93] get_channel_list :True
[2020-05-07 19:25:21,129|DEBUG|logic_klive.py:58] channel_load_from_site
[2020-05-07 19:25:21,230|DEBUG|source_pooq.py:39] None
[2020-05-07 19:25:21,293|DEBUG|logic_klive.py:82] pooq : 93
[2020-05-07 19:25:21,585|DEBUG|logic_klive.py:82] videoportal : 84
[2020-05-07 19:25:21,667|DEBUG|source_everyon.py:101] ret:N 6
[2020-05-07 19:25:21,756|DEBUG|source_everyon.py:101] ret:N 10
[2020-05-07 19:25:21,843|DEBUG|source_everyon.py:101] ret:N 21
[2020-05-07 19:25:21,930|DEBUG|source_everyon.py:101] ret:N 19
[2020-05-07 19:25:22,020|DEBUG|source_everyon.py:101] ret:N 13
[2020-05-07 19:25:22,107|DEBUG|source_everyon.py:101] ret:N 20
[2020-05-07 19:25:22,175|DEBUG|logic_klive.py:82] everyon : 89
[2020-05-07 19:25:22,177|DEBUG|logic.py:192] channel_list :266
[2020-05-07 19:26:07,060|DEBUG|plugin.py:95] DETAIL klive list
[2020-05-07 19:26:07,906|DEBUG|plugin.py:146] AJAX klive channel_list
[2020-05-07 19:26:07,909|DEBUG|logic_klive.py:93] get_channel_list :False
[2020-05-07 19:26:07,911|DEBUG|logic.py:192] channel_list :266
[2020-05-07 19:27:18,380|DEBUG|source_videoportal.py:83] VIDEOPORTAL get_url:696 None
[2020-05-07 19:27:18,381|DEBUG|source_videoportal.py:89] http://1.214.67.74:80/696HN.m3u8?VOD_RequestID=v2M2-0101-1010-7272-5050-000020200507192718;LTE;1080p;WIFI&APPNAME=hdtv&ALBUM_ID=696&ma=D0:17:C2:CE:D7:A1
[2020-05-07 19:28:19,135|DEBUG|plugin.py:95] DETAIL klive list
[2020-05-07 19:28:19,560|DEBUG|plugin.py:146] AJAX klive channel_list
[2020-05-07 19:28:19,563|DEBUG|logic_klive.py:93] get_channel_list :False
[2020-05-07 19:28:19,564|DEBUG|logic.py:192] channel_list :266
[2020-05-07 19:29:34,713|DEBUG|plugin.py:95] DETAIL klive list
[2020-05-07 19:29:35,617|DEBUG|plugin.py:146] AJAX klive channel_list
[2020-05-07 19:29:35,620|DEBUG|logic_klive.py:93] get_channel_list :False
[2020-05-07 19:29:35,621|DEBUG|logic.py:192] channel_list :266
[2020-05-07 19:40:27,186|DEBUG|plugin.py:95] DETAIL klive list
[2020-05-07 19:40:27,651|DEBUG|plugin.py:146] AJAX klive channel_list
[2020-05-07 19:40:27,654|DEBUG|logic_klive.py:93] get_channel_list :False
[2020-05-07 19:40:27,655|DEBUG|logic.py:192] channel_list :266
[2020-05-07 19:40:31,376|DEBUG|plugin.py:95] DETAIL klive setting
[2020-05-07 19:41:05,506|DEBUG|plugin.py:146] AJAX klive setting_save
[2020-05-07 19:41:05,509|DEBUG|logic.py:119] Key:use_oksusu Value:False
[2020-05-07 19:41:05,518|DEBUG|logic.py:119] Key:use_klive_lc Value:True
[2020-05-07 19:41:05,526|DEBUG|logic.py:119] Key:pooq_quality Value:HD
[2020-05-07 19:41:05,531|DEBUG|logic.py:119] Key:pooq_id Value:luel789
[2020-05-07 19:41:05,537|DEBUG|logic.py:119] Key:oksusu_id Value:
[2020-05-07 19:41:05,543|DEBUG|logic.py:119] Key:use_videoportal Value:True
[2020-05-07 19:41:05,551|DEBUG|logic.py:119] Key:use_everyon Value:True
[2020-05-07 19:41:05,556|DEBUG|logic.py:119] Key:use_tving Value:False
[2020-05-07 19:41:05,562|DEBUG|logic.py:119] Key:tving_quality Value:HD
[2020-05-07 19:41:05,567|DEBUG|logic.py:119] Key:tving_pw Value:
[2020-05-07 19:41:05,571|DEBUG|logic.py:119] Key:pooq_pw Value:3mkm300p!
[2020-05-07 19:41:05,578|DEBUG|logic.py:119] Key:use_token Value:True
[2020-05-07 19:41:05,583|DEBUG|logic.py:119] Key:tving_id Value:
[2020-05-07 19:41:05,587|DEBUG|logic.py:119] Key:pooq_streaming_type Value:1
[2020-05-07 19:41:05,591|DEBUG|logic.py:119] Key:use_pooq Value:True
[2020-05-07 19:41:05,595|DEBUG|logic.py:119] Key:oksusu_quality Value:HD
[2020-05-07 19:41:05,599|DEBUG|logic.py:119] Key:oksusu_pw Value:
[2020-05-07 19:41:08,425|DEBUG|plugin.py:95] DETAIL klive list
[2020-05-07 19:41:08,892|DEBUG|plugin.py:146] AJAX klive channel_list
[2020-05-07 19:41:08,906|DEBUG|logic_klive.py:93] get_channel_list :False
[2020-05-07 19:41:08,908|DEBUG|logic_klive.py:58] channel_load_from_site
[2020-05-07 19:41:09,033|DEBUG|source_pooq.py:39] ai22AKx7AdaOB0uj3gMcn2KMmP7M5PrIZQhM1aY6joJUcaso9/rcH9M3jA08y0lzgwOQIn0i3bYfFecWaYdiPFDMA5RpJ9GjCBQ6/i9WeTknkGxP+ObANBhVBgEfEfUXNXeAkwj8kkqDM56oM2HWj+ACckRppCwkxhjnSsYWRzWzQvL2X+YTePkuoi/waFT9wzUXjsWdn6/PIxm2AO0KjMf/GsFWgRcrA6xl5rzemnxFTLOibmu6q4NYg/3nDAZ9IDBRhYPIDSe9vad9a48PRA==
[2020-05-07 19:41:09,098|DEBUG|logic_klive.py:82] pooq : 93
[2020-05-07 19:41:09,440|DEBUG|logic_klive.py:82] videoportal : 84
[2020-05-07 19:41:09,520|DEBUG|source_everyon.py:101] ret:N 6
[2020-05-07 19:41:09,600|DEBUG|source_everyon.py:101] ret:N 10
[2020-05-07 19:41:09,691|DEBUG|source_everyon.py:101] ret:N 21
[2020-05-07 19:41:09,781|DEBUG|source_everyon.py:101] ret:N 19
[2020-05-07 19:41:09,866|DEBUG|source_everyon.py:101] ret:N 13
[2020-05-07 19:41:09,953|DEBUG|source_everyon.py:101] ret:N 20
[2020-05-07 19:41:09,956|DEBUG|logic_klive.py:82] everyon : 89
[2020-05-07 19:41:09,958|DEBUG|logic.py:192] channel_list :266
[2020-05-07 19:41:31,671|DEBUG|plugin.py:95] DETAIL klive list
[2020-05-07 19:41:32,552|DEBUG|plugin.py:146] AJAX klive channel_list
[2020-05-07 19:41:32,556|DEBUG|logic_klive.py:93] get_channel_list :False
[2020-05-07 19:41:32,557|DEBUG|logic.py:192] channel_list :266
[2020-05-07 19:42:15,536|DEBUG|plugin.py:95] DETAIL klive setting
[2020-05-07 19:42:19,327|DEBUG|plugin.py:146] AJAX klive channel_list
[2020-05-07 19:42:19,329|DEBUG|logic_klive.py:93] get_channel_list :True
[2020-05-07 19:42:19,330|DEBUG|logic_klive.py:58] channel_load_from_site
[2020-05-07 19:42:19,373|DEBUG|source_pooq.py:39] ai22AKx7AdaOB0uj3gMcn7eDWouYWOUE40FEPShdeEGRko4BD6OhkltitOxQLueFPMZy4T20QIM9RwIJbsz52BDvZLEUCwGT1buOiu/XlXUIoVaVdHs/Qas1XcWD8P1mASTC8ZiAMvBwkRFMY5BDZbRT/B3fKqOS9UCurArn5ltMhBMHnJtP0pzb0vCA/D1MT0sjlSwr7P6vbSIZIY6h5xJV2dTUDYnzdQehECQQqYIHr0okQMrrhjnKB6ST71XwEkcGgVmoxhjVaiZuH/JnVQ==
[2020-05-07 19:42:19,449|DEBUG|logic_klive.py:82] pooq : 93
[2020-05-07 19:42:19,850|DEBUG|logic_klive.py:82] videoportal : 84
[2020-05-07 19:42:19,928|DEBUG|source_everyon.py:101] ret:N 6
[2020-05-07 19:42:20,010|DEBUG|source_everyon.py:101] ret:N 10
[2020-05-07 19:42:20,097|DEBUG|source_everyon.py:101] ret:N 21
[2020-05-07 19:42:20,180|DEBUG|source_everyon.py:101] ret:N 19
[2020-05-07 19:42:20,271|DEBUG|source_everyon.py:101] ret:N 13
[2020-05-07 19:42:20,358|DEBUG|source_everyon.py:101] ret:N 20
[2020-05-07 19:42:20,365|DEBUG|logic_klive.py:82] everyon : 89
[2020-05-07 19:42:20,369|DEBUG|logic.py:192] channel_list :266
[2020-05-07 19:42:58,642|DEBUG|plugin.py:146] AJAX klive setting_save
[2020-05-07 19:42:58,646|DEBUG|logic.py:119] Key:use_oksusu Value:False
[2020-05-07 19:42:58,658|DEBUG|logic.py:119] Key:use_klive_lc Value:True
[2020-05-07 19:42:58,664|DEBUG|logic.py:119] Key:pooq_quality Value:HD
[2020-05-07 19:42:58,670|DEBUG|logic.py:119] Key:pooq_id Value:luel789
[2020-05-07 19:42:58,679|DEBUG|logic.py:119] Key:oksusu_id Value:
[2020-05-07 19:42:58,683|DEBUG|logic.py:119] Key:use_videoportal Value:True
[2020-05-07 19:42:58,689|DEBUG|logic.py:119] Key:use_everyon Value:True
[2020-05-07 19:42:58,697|DEBUG|logic.py:119] Key:use_tving Value:False
[2020-05-07 19:42:58,704|DEBUG|logic.py:119] Key:tving_quality Value:HD
[2020-05-07 19:42:58,709|DEBUG|logic.py:119] Key:tving_pw Value:
[2020-05-07 19:42:58,714|DEBUG|logic.py:119] Key:pooq_pw Value:3mkm300p!
[2020-05-07 19:42:58,718|DEBUG|logic.py:119] Key:use_token Value:True
[2020-05-07 19:42:58,723|DEBUG|logic.py:119] Key:tving_id Value:
[2020-05-07 19:42:58,729|DEBUG|logic.py:119] Key:pooq_streaming_type Value:1
[2020-05-07 19:42:58,736|DEBUG|logic.py:119] Key:use_pooq Value:True
[2020-05-07 19:42:58,740|DEBUG|logic.py:119] Key:oksusu_quality Value:HD
[2020-05-07 19:42:58,744|DEBUG|logic.py:119] Key:oksusu_pw Value:
[2020-05-07 19:43:01,297|DEBUG|plugin.py:146] AJAX klive channel_list
[2020-05-07 19:43:01,300|DEBUG|logic_klive.py:93] get_channel_list :True
[2020-05-07 19:43:01,301|DEBUG|logic_klive.py:58] channel_load_from_site
[2020-05-07 19:43:01,355|DEBUG|source_pooq.py:39] ai22AKx7AdaOB0uj3gMcn1yV09074mDmg+EiRvp6rTXfmhacuYP5qS8joXmQEAscW7+SHMRBtUMdXxvTNR3K6Hk8vmy6n9jCxjk/HfvD6UVI8H6wXgTc3yMGRSMYgjAFnvcOVZ+3nBESd8XEEjtBhzjTGlFWseKn91R5kt5+abVBnxCtOaA4J5NDJ2tEpbG2DNcQYxGliOyEXwP5/OlZgJtJWJyA26pa3geuWw+KbShUc6MGT5jNgeWB6Gjf7JlfV+AVNSwyMjs/BVVdigsNvg==
[2020-05-07 19:43:01,453|DEBUG|logic_klive.py:82] pooq : 93
[2020-05-07 19:43:01,835|DEBUG|logic_klive.py:82] videoportal : 84
[2020-05-07 19:43:01,919|DEBUG|source_everyon.py:101] ret:N 6
[2020-05-07 19:43:01,997|DEBUG|source_everyon.py:101] ret:N 10
[2020-05-07 19:43:02,088|DEBUG|source_everyon.py:101] ret:N 21
[2020-05-07 19:43:02,174|DEBUG|source_everyon.py:101] ret:N 19
[2020-05-07 19:43:02,262|DEBUG|source_everyon.py:101] ret:N 13
[2020-05-07 19:43:02,346|DEBUG|source_everyon.py:101] ret:N 20
[2020-05-07 19:43:02,349|DEBUG|logic_klive.py:82] everyon : 89
[2020-05-07 19:43:02,351|DEBUG|logic.py:192] channel_list :266
[2020-05-07 20:09:23,960|DEBUG|plugin.py:95] DETAIL klive list
[2020-05-07 20:09:24,510|DEBUG|plugin.py:146] AJAX klive channel_list
[2020-05-07 20:09:24,512|DEBUG|logic_klive.py:93] get_channel_list :False
[2020-05-07 20:09:24,513|DEBUG|logic.py:192] channel_list :266
[2020-05-07 20:10:25,602|DEBUG|plugin.py:95] DETAIL klive list
[2020-05-07 20:10:26,325|DEBUG|plugin.py:146] AJAX klive channel_list
[2020-05-07 20:10:26,327|DEBUG|logic_klive.py:93] get_channel_list :False
[2020-05-07 20:10:26,329|DEBUG|logic.py:192] channel_list :266
[2020-05-07 20:10:29,662|DEBUG|plugin.py:95] DETAIL klive list
[2020-05-07 20:10:30,564|DEBUG|plugin.py:146] AJAX klive channel_list
[2020-05-07 20:10:30,567|DEBUG|logic_klive.py:93] get_channel_list :False
[2020-05-07 20:10:30,569|DEBUG|logic.py:192] channel_list :266
[2020-05-07 20:10:37,382|DEBUG|plugin.py:146] AJAX klive channel_list
[2020-05-07 20:10:37,384|DEBUG|logic_klive.py:93] get_channel_list :True
[2020-05-07 20:10:37,384|DEBUG|logic_klive.py:58] channel_load_from_site
[2020-05-07 20:10:37,427|DEBUG|source_pooq.py:39] ai22AKx7AdaOB0uj3gMcn+8vm2uXy9DqzOm4E2XFVtNongQ4hkB8loeE5TCPOB8ASaR1JRcACErN/glbFSqRiUMKPdu0SqmXfh192DbEwglpd2BkzjE7yB3DLzQgpK/ouQLdVLf56Ewo7+WeDHvnhpp8QQtiN+kq2iIOmW6+T1XumFzTxPJLrp1sENkfzxJPSpT9R5iYExaPxW2jwW4vzBQ8QMNv8dxl4JGhfjJdxK94TMHzZJby0T98EEduvz2ClwSqkT2M3gStxuWbD+mkNg==
[2020-05-07 20:10:37,481|DEBUG|logic_klive.py:82] pooq : 93
[2020-05-07 20:10:37,488|DEBUG|plugin.py:146] AJAX klive channel_list
[2020-05-07 20:10:37,491|DEBUG|logic_klive.py:93] get_channel_list :True
[2020-05-07 20:10:37,492|DEBUG|logic_klive.py:58] channel_load_from_site
[2020-05-07 20:10:37,527|DEBUG|source_pooq.py:39] ai22AKx7AdaOB0uj3gMcn+FQKPdxnKX6+T2uGYUYM777cVzBVC38ri6bdQzYxeN1h5P/ckWKh1z1fN6FqnJKeEDDekFkAgyQ/zsw6yhBfP//tP/t/ppoAoqu6kcQgijPV8GP0S8qWN2usAWkqc73S+3MYinwxkLSZa+0PiYOWPKW4dI/QED8o5wKQAi1rJPn02d27LDyewmx8cUF8U+iijQZYzTpmHXMa9bOpg59mGRf+WORH7AKSm8Wkzxr6K1kZj2HMZIKrFa09V/d4gyzTw==
[2020-05-07 20:10:37,796|DEBUG|logic_klive.py:82] videoportal : 84
[2020-05-07 20:10:37,829|DEBUG|logic_klive.py:82] pooq : 93
[2020-05-07 20:10:37,867|DEBUG|plugin.py:146] AJAX klive channel_list
[2020-05-07 20:10:37,868|DEBUG|logic_klive.py:93] get_channel_list :True
[2020-05-07 20:10:37,869|DEBUG|logic_klive.py:58] channel_load_from_site
[2020-05-07 20:10:38,246|DEBUG|logic_klive.py:82] videoportal : 84
[2020-05-07 20:10:38,272|DEBUG|source_everyon.py:101] ret:N 6
[2020-05-07 20:10:38,277|DEBUG|source_pooq.py:39] ai22AKx7AdaOB0uj3gMcn0GA7aFiphs6cRM7VdmtqDAhmn24pempB/t6EQ+lIxgT7rOeC6m6jXJxNpTgrW7lc5B5RWchQA5uwR1WsnZYuc/FuVJo7LZAz6VEhOBbQvXSigEtf3LEl7kl0cSb+//meDL6xXPpZ1LwbAMF7eb6TQ1wWIS1aSwiB+YaDIgGOUvg92kEmHgVpFZBawVOSf3Eg/X0cqYQK++JX1S4vjF+ceYTJvCM6OML6DdZaDJH+EngeWu/zLhFEwFC8aS73v1Yfg==
[2020-05-07 20:10:38,328|DEBUG|logic_klive.py:82] pooq : 93
[2020-05-07 20:10:38,362|DEBUG|source_everyon.py:101] ret:N 6
[2020-05-07 20:10:38,595|DEBUG|logic_klive.py:82] videoportal : 84
[2020-05-07 20:10:38,599|DEBUG|source_everyon.py:101] ret:N 10
[2020-05-07 20:10:38,695|DEBUG|source_everyon.py:101] ret:N 10
[2020-05-07 20:10:38,699|DEBUG|source_everyon.py:101] ret:N 6
[2020-05-07 20:10:38,703|DEBUG|source_everyon.py:101] ret:N 21
[2020-05-07 20:10:38,794|DEBUG|source_everyon.py:101] ret:N 10
[2020-05-07 20:10:38,801|DEBUG|source_everyon.py:101] ret:N 21
[2020-05-07 20:10:38,806|DEBUG|source_everyon.py:101] ret:N 19
[2020-05-07 20:10:38,901|DEBUG|source_everyon.py:101] ret:N 21
[2020-05-07 20:10:38,906|DEBUG|source_everyon.py:101] ret:N 13
[2020-05-07 20:10:38,911|DEBUG|source_everyon.py:101] ret:N 19
[2020-05-07 20:10:39,005|DEBUG|source_everyon.py:101] ret:N 13
[2020-05-07 20:10:39,009|DEBUG|source_everyon.py:101] ret:N 19
[2020-05-07 20:10:39,015|DEBUG|source_everyon.py:101] ret:N 20
[2020-05-07 20:10:39,019|DEBUG|logic_klive.py:82] everyon : 89
[2020-05-07 20:10:39,022|DEBUG|logic.py:192] channel_list :266
[2020-05-07 20:10:39,158|DEBUG|source_everyon.py:101] ret:N 13
[2020-05-07 20:10:39,162|DEBUG|source_everyon.py:101] ret:N 20
[2020-05-07 20:10:39,166|DEBUG|logic_klive.py:82] everyon : 89
[2020-05-07 20:10:39,169|DEBUG|logic.py:192] channel_list :355
[2020-05-07 20:10:39,237|DEBUG|plugin.py:146] AJAX klive channel_list
[2020-05-07 20:10:39,238|DEBUG|logic_klive.py:93] get_channel_list :True
[2020-05-07 20:10:39,239|DEBUG|logic_klive.py:58] channel_load_from_site
[2020-05-07 20:10:39,274|DEBUG|source_pooq.py:39] ai22AKx7AdaOB0uj3gMcnzl72WMraovXVzBmkcfKCmfQvPVXztgneSsUFVkflsh14Px1PfDBt2e3LlYitRCqOYvhPdsAlZU+gW7dFTqwlxVGT7QWgvtfhxmEtPNIu8cNMT1OKURwtOSillIcHQM+KK+XGajVRIzIiGRUFQ/GOcY86kH63LL77EmB13w4vZDi9odQvd63OOlVkvVkxKpdY9jg2ERvWWEMksYOgMCpEVvYGKxd6x1SOJIEQkgpzGIinTiAKHwEZxEUK3RQdlCPlg==
[2020-05-07 20:10:39,329|DEBUG|logic_klive.py:82] pooq : 93
[2020-05-07 20:10:39,335|DEBUG|source_everyon.py:101] ret:N 20
[2020-05-07 20:10:39,340|DEBUG|logic_klive.py:82] everyon : 89
[2020-05-07 20:10:39,342|DEBUG|logic.py:192] channel_list :182
[2020-05-07 20:10:39,687|DEBUG|logic_klive.py:82] videoportal : 84
[2020-05-07 20:10:39,766|DEBUG|source_everyon.py:101] ret:N 6
[2020-05-07 20:10:39,862|DEBUG|source_everyon.py:101] ret:N 10
[2020-05-07 20:10:39,953|DEBUG|source_everyon.py:101] ret:N 21
[2020-05-07 20:10:40,034|DEBUG|source_everyon.py:101] ret:N 19
[2020-05-07 20:10:40,111|DEBUG|source_everyon.py:101] ret:N 13
[2020-05-07 20:10:40,191|DEBUG|source_everyon.py:101] ret:N 20
[2020-05-07 20:10:40,194|DEBUG|logic_klive.py:82] everyon : 89
[2020-05-07 20:10:40,197|DEBUG|logic.py:192] channel_list :355
[2020-05-07 20:11:06,893|DEBUG|plugin.py:95] DETAIL klive list
[2020-05-07 20:11:07,218|DEBUG|plugin.py:146] AJAX klive channel_list
[2020-05-07 20:11:07,221|DEBUG|logic_klive.py:93] get_channel_list :False
[2020-05-07 20:11:07,229|DEBUG|logic.py:192] channel_list :355
[2020-05-07 20:11:23,049|DEBUG|plugin.py:95] DETAIL klive list
[2020-05-07 20:11:23,664|DEBUG|plugin.py:146] AJAX klive channel_list
[2020-05-07 20:11:23,666|DEBUG|logic_klive.py:93] get_channel_list :False
[2020-05-07 20:11:23,667|DEBUG|logic.py:192] channel_list :355
[2020-05-07 20:11:30,829|DEBUG|plugin.py:95] DETAIL klive list
[2020-05-07 20:11:31,137|DEBUG|plugin.py:146] AJAX klive channel_list
[2020-05-07 20:11:31,138|DEBUG|logic_klive.py:93] get_channel_list :False
[2020-05-07 20:11:31,139|DEBUG|logic.py:192] channel_list :355
[2020-05-07 20:11:40,397|DEBUG|plugin.py:95] DETAIL klive list
[2020-05-07 20:11:40,918|DEBUG|plugin.py:146] AJAX klive channel_list
[2020-05-07 20:11:40,922|DEBUG|logic_klive.py:93] get_channel_list :False
[2020-05-07 20:11:40,924|DEBUG|logic.py:192] channel_list :355
[2020-05-07 20:11:59,801|DEBUG|plugin.py:95] DETAIL klive list
[2020-05-07 20:12:00,702|DEBUG|plugin.py:146] AJAX klive channel_list
[2020-05-07 20:12:00,705|DEBUG|logic_klive.py:93] get_channel_list :False
[2020-05-07 20:12:00,707|DEBUG|logic.py:192] channel_list :355
[2020-05-07 20:12:26,688|DEBUG|plugin.py:95] DETAIL klive list
[2020-05-07 20:12:26,960|DEBUG|plugin.py:146] AJAX klive channel_list
[2020-05-07 20:12:26,962|DEBUG|logic_klive.py:93] get_channel_list :False
[2020-05-07 20:12:26,962|DEBUG|logic.py:192] channel_list :355
[2020-05-07 20:12:32,515|DEBUG|plugin.py:146] AJAX klive channel_list
[2020-05-07 20:12:32,518|DEBUG|logic_klive.py:93] get_channel_list :True
[2020-05-07 20:12:32,520|DEBUG|logic_klive.py:58] channel_load_from_site
[2020-05-07 20:12:32,576|DEBUG|source_pooq.py:39] ai22AKx7AdaOB0uj3gMcn9t12fWUE7CpqM+UPiFl5lqcexczfgCpVRgU+ZvcqCTlx3mXqC7NgYrhGrF3qVyJC7sT4B0xnCreesyfpWxAdfPnVtL2F1EIcwQBCSdS9v2xUuJ+cfP4LN1lPbOc9BJwXZzRRJeS5RvLVyqxc9bguaVS4W/Nm64wbBrGRrfCm+0uIuWXbnyKncyGGRhHCEbiirgoULC8WXXlC+cqci1tBB8Hs3fOlVhUOx1+XQlQ8tO7+ZTQImhZuivtg8no882teQ==
[2020-05-07 20:12:32,643|DEBUG|logic_klive.py:82] pooq : 93
[2020-05-07 20:12:33,054|DEBUG|logic_klive.py:82] videoportal : 84
[2020-05-07 20:12:33,130|DEBUG|source_everyon.py:101] ret:N 6
[2020-05-07 20:12:33,209|DEBUG|source_everyon.py:101] ret:N 10
[2020-05-07 20:12:33,291|DEBUG|source_everyon.py:101] ret:N 21
[2020-05-07 20:12:33,374|DEBUG|source_everyon.py:101] ret:N 19
[2020-05-07 20:12:33,454|DEBUG|source_everyon.py:101] ret:N 13
[2020-05-07 20:12:33,541|DEBUG|source_everyon.py:101] ret:N 20
[2020-05-07 20:12:33,544|DEBUG|logic_klive.py:82] everyon : 89
[2020-05-07 20:12:33,546|DEBUG|logic.py:192] channel_list :266
[2020-05-07 20:12:44,714|DEBUG|plugin.py:146] AJAX klive channel_list
[2020-05-07 20:12:44,717|DEBUG|logic_klive.py:93] get_channel_list :True
[2020-05-07 20:12:44,719|DEBUG|logic_klive.py:58] channel_load_from_site
[2020-05-07 20:12:44,784|DEBUG|source_pooq.py:39] ai22AKx7AdaOB0uj3gMcnw0bF6l6vt3iZY8QdS8rxDRCI3WyGIblzDAOlh1dsAhvnpvPc+r9AXdG8PF8Qp2HLVqxrLVAXbYHU47tnwI4T2FRIxRtzbPWuUL2LszaTd/ZFgcYqIrSLiFcfhxFBGI1v+sEpgMK7cXbwFj3aKxQnqem+y99PgdMZId0fcIcMwROm5C5LFCA0B3vjFJnBjChQjkMoRvlhg0MNRB26gY2pILv1eKOUmfjoOCNsQk0hvHCEG9HmYozs+ft2+bsKNaE2w==
[2020-05-07 20:12:44,867|DEBUG|logic_klive.py:82] pooq : 93
[2020-05-07 20:12:44,886|DEBUG|plugin.py:146] AJAX klive channel_list
[2020-05-07 20:12:44,888|DEBUG|logic_klive.py:93] get_channel_list :True
[2020-05-07 20:12:44,889|DEBUG|logic_klive.py:58] channel_load_from_site
[2020-05-07 20:12:44,974|DEBUG|source_pooq.py:39] ai22AKx7AdaOB0uj3gMcnw/Fg7eGpoNSR1xsKq//D8K73xFtGJoC4JuZ1AD1iXo4eKQUb1YkXrUTpwzUx3x+Ywn6l8lwYlw0Si6UIQQKeB8knOHgx3h+f+OYQJjrHwzFGkfn+HEBdyC2zRoLYTUHKv09zm/E9czScpaJ3kYAckmnFpG5s4qIoBBlgqmLMTI4jzXIJPN/lC+ECKFlO/HMmrVqTSq+44d9rgbPuIeNAsztQIdVg0qqW9TwvT/iBEhbzAv7KXss6yJLXH5DabBnvQ==
[2020-05-07 20:12:45,216|DEBUG|logic_klive.py:82] videoportal : 84
[2020-05-07 20:12:45,240|DEBUG|logic_klive.py:82] pooq : 93
[2020-05-07 20:12:45,352|DEBUG|source_everyon.py:101] ret:N 6
[2020-05-07 20:12:45,537|DEBUG|logic_klive.py:82] videoportal : 84
[2020-05-07 20:12:45,651|DEBUG|source_everyon.py:101] ret:N 6
[2020-05-07 20:12:45,659|DEBUG|source_everyon.py:101] ret:N 10
[2020-05-07 20:12:45,751|DEBUG|source_everyon.py:101] ret:N 10
[2020-05-07 20:12:45,756|DEBUG|source_everyon.py:101] ret:N 21
[2020-05-07 20:12:45,848|DEBUG|source_everyon.py:101] ret:N 19
[2020-05-07 20:12:45,857|DEBUG|source_everyon.py:101] ret:N 21
[2020-05-07 20:12:45,944|DEBUG|source_everyon.py:101] ret:N 13
[2020-05-07 20:12:45,950|DEBUG|source_everyon.py:101] ret:N 19
[2020-05-07 20:12:46,046|DEBUG|source_everyon.py:101] ret:N 13
[2020-05-07 20:12:46,053|DEBUG|source_everyon.py:101] ret:N 20
[2020-05-07 20:12:46,057|DEBUG|logic_klive.py:82] everyon : 89
[2020-05-07 20:12:46,059|DEBUG|logic.py:192] channel_list :350
[2020-05-07 20:12:46,214|DEBUG|source_everyon.py:101] ret:N 20
[2020-05-07 20:12:46,217|DEBUG|logic_klive.py:82] everyon : 89
[2020-05-07 20:12:46,219|DEBUG|logic.py:192] channel_list :439
[2020-05-07 20:13:35,396|DEBUG|plugin.py:95] DETAIL klive list
[2020-05-07 20:13:35,675|DEBUG|plugin.py:146] AJAX klive channel_list
[2020-05-07 20:13:35,680|DEBUG|logic_klive.py:93] get_channel_list :False
[2020-05-07 20:13:35,681|DEBUG|logic.py:192] channel_list :439
[2020-05-07 20:13:59,231|DEBUG|plugin.py:146] AJAX klive channel_list
[2020-05-07 20:13:59,233|DEBUG|logic_klive.py:93] get_channel_list :True
[2020-05-07 20:13:59,235|DEBUG|logic_klive.py:58] channel_load_from_site
[2020-05-07 20:13:59,260|DEBUG|plugin.py:146] AJAX klive channel_list
[2020-05-07 20:13:59,263|DEBUG|logic_klive.py:93] get_channel_list :True
[2020-05-07 20:13:59,264|DEBUG|logic_klive.py:58] channel_load_from_site
[2020-05-07 20:13:59,313|DEBUG|source_pooq.py:39] ai22AKx7AdaOB0uj3gMcnymaZvKhmd4GGj3QuRvdiYe3kNEwlt4OWb444j6jP90mubCnKNWlt7Y/znIILcOQMspJ+4wOlBmMnKCAHCohCUwZkpTD0+phho8nLmQsgmsQUqdTIglaYJu2Y5KAafmHKX2OG7iyd6R29Ca/lOszLLW5dKVE4Yt921jQPS3xwyAOPdgn2ZbLeb3bxNOt4Q0DxvgtKHxJYb0Pexto9cgc1dTwLJh51akqCoKLMtGnsYYHTRoX7SXhIZU0SwQIxOnHLQ==
[2020-05-07 20:13:59,335|DEBUG|source_pooq.py:39] ai22AKx7AdaOB0uj3gMcn9TpXBdh4H6vpR6TITH68dAFkiixnjnYRkOMuVfEXnSBwT+rJo8/sP0/T335vJLQ1Dat/kWuxWi6AZTn4pBPI5isgg7mK0upScAByYftAZpetltzFNvXOB58lpkSxdba2A8mdYP5UkWuUmkfqYG/ndcvHB0n9QXE8V10ZjsuNtRnitneuY/dGbA/DdoXaLQzjB79BzGFKC72bWS0ffaQ4Q+Rma8Zw2h3LfJC3QetnnkorrRcjD9To9YqwGKSg+Pu0Q==
[2020-05-07 20:13:59,386|DEBUG|logic_klive.py:82] pooq : 93
[2020-05-07 20:13:59,409|DEBUG|logic_klive.py:82] pooq : 93
[2020-05-07 20:13:59,669|DEBUG|logic_klive.py:82] videoportal : 84
[2020-05-07 20:13:59,927|DEBUG|logic_klive.py:82] videoportal : 84
[2020-05-07 20:13:59,936|DEBUG|plugin.py:95] DETAIL klive list
[2020-05-07 20:14:00,048|DEBUG|source_everyon.py:101] ret:N 6
[2020-05-07 20:14:00,053|DEBUG|source_everyon.py:101] ret:N 6
[2020-05-07 20:14:00,135|DEBUG|source_everyon.py:101] ret:N 10
[2020-05-07 20:14:00,142|DEBUG|source_everyon.py:101] ret:N 10
[2020-05-07 20:14:00,227|DEBUG|source_everyon.py:101] ret:N 21
[2020-05-07 20:14:00,239|DEBUG|source_everyon.py:101] ret:N 21
[2020-05-07 20:14:00,332|DEBUG|source_everyon.py:101] ret:N 19
[2020-05-07 20:14:00,337|DEBUG|source_everyon.py:101] ret:N 19
[2020-05-07 20:14:00,424|DEBUG|source_everyon.py:101] ret:N 13
[2020-05-07 20:14:00,429|DEBUG|source_everyon.py:101] ret:N 13
[2020-05-07 20:14:00,520|DEBUG|source_everyon.py:101] ret:N 20
[2020-05-07 20:14:00,523|DEBUG|logic_klive.py:82] everyon : 89
[2020-05-07 20:14:00,525|DEBUG|logic.py:192] channel_list :443
[2020-05-07 20:14:00,607|DEBUG|source_everyon.py:101] ret:N 20
[2020-05-07 20:14:00,611|DEBUG|logic_klive.py:82] everyon : 89
[2020-05-07 20:14:00,614|DEBUG|logic.py:192] channel_list :532
[2020-05-07 20:14:06,673|DEBUG|plugin.py:95] DETAIL klive list
[2020-05-07 20:14:06,923|DEBUG|plugin.py:146] AJAX klive channel_list
[2020-05-07 20:14:06,924|DEBUG|logic_klive.py:93] get_channel_list :False
[2020-05-07 20:14:06,925|DEBUG|logic.py:192] channel_list :532
[2020-05-07 20:14:31,463|ERROR|source_pooq.py:112] Exception:Invalid URL 'None': No schema supplied. Perhaps you meant http://None?
[2020-05-07 20:14:31,465|ERROR|source_pooq.py:113] Traceback (most recent call last):
  File "/home/coder/project/SJ/SJVA2/plugin/klive/source_pooq.py", line 90, in get_return_data
  File "/usr/local/lib/python2.7/site-packages/requests/api.py", line 75, in get
    return request('get', url, params=params, **kwargs)
  File "/usr/local/lib/python2.7/site-packages/requests/api.py", line 60, in request
    return session.request(method=method, url=url, **kwargs)
  File "/usr/local/lib/python2.7/site-packages/requests/sessions.py", line 519, in request
    prep = self.prepare_request(req)
  File "/usr/local/lib/python2.7/site-packages/requests/sessions.py", line 462, in prepare_request
    hooks=merge_hooks(request.hooks, self.hooks),
  File "/usr/local/lib/python2.7/site-packages/requests/models.py", line 313, in prepare
    self.prepare_url(url, params)
  File "/usr/local/lib/python2.7/site-packages/requests/models.py", line 387, in prepare_url
    raise MissingSchema(error)
MissingSchema: Invalid URL 'None': No schema supplied. Perhaps you meant http://None?

[2020-05-07 20:14:31,467|ERROR|logic_klive.py:190] Exception:local variable 'data' referenced before assignment
[2020-05-07 20:14:31,470|ERROR|logic_klive.py:191] Traceback (most recent call last):
  File "/home/coder/project/SJ/SJVA2/plugin/klive/logic_klive.py", line 188, in get_return_data
  File "/home/coder/project/SJ/SJVA2/plugin/klive/source_pooq.py", line 114, in get_return_data
UnboundLocalError: local variable 'data' referenced before assignment

[2020-05-07 20:14:32,600|ERROR|source_pooq.py:112] Exception:Invalid URL 'None': No schema supplied. Perhaps you meant http://None?
[2020-05-07 20:14:32,603|ERROR|source_pooq.py:113] Traceback (most recent call last):
  File "/home/coder/project/SJ/SJVA2/plugin/klive/source_pooq.py", line 90, in get_return_data
  File "/usr/local/lib/python2.7/site-packages/requests/api.py", line 75, in get
    return request('get', url, params=params, **kwargs)
  File "/usr/local/lib/python2.7/site-packages/requests/api.py", line 60, in request
    return session.request(method=method, url=url, **kwargs)
  File "/usr/local/lib/python2.7/site-packages/requests/sessions.py", line 519, in request
    prep = self.prepare_request(req)
  File "/usr/local/lib/python2.7/site-packages/requests/sessions.py", line 462, in prepare_request
    hooks=merge_hooks(request.hooks, self.hooks),
  File "/usr/local/lib/python2.7/site-packages/requests/models.py", line 313, in prepare
    self.prepare_url(url, params)
  File "/usr/local/lib/python2.7/site-packages/requests/models.py", line 387, in prepare_url
    raise MissingSchema(error)
MissingSchema: Invalid URL 'None': No schema supplied. Perhaps you meant http://None?

[2020-05-07 20:14:32,606|ERROR|logic_klive.py:190] Exception:local variable 'data' referenced before assignment
[2020-05-07 20:14:32,608|ERROR|logic_klive.py:191] Traceback (most recent call last):
  File "/home/coder/project/SJ/SJVA2/plugin/klive/logic_klive.py", line 188, in get_return_data
  File "/home/coder/project/SJ/SJVA2/plugin/klive/source_pooq.py", line 114, in get_return_data
UnboundLocalError: local variable 'data' referenced before assignment

[2020-05-07 20:14:35,351|DEBUG|plugin.py:95] DETAIL klive list
[2020-05-07 20:14:36,117|DEBUG|plugin.py:146] AJAX klive channel_list
[2020-05-07 20:14:36,120|DEBUG|logic_klive.py:93] get_channel_list :False
[2020-05-07 20:14:36,122|DEBUG|logic.py:192] channel_list :532
[2020-05-07 20:14:39,380|ERROR|source_pooq.py:112] Exception:Invalid URL 'None': No schema supplied. Perhaps you meant http://None?
[2020-05-07 20:14:39,382|ERROR|source_pooq.py:113] Traceback (most recent call last):
  File "/home/coder/project/SJ/SJVA2/plugin/klive/source_pooq.py", line 90, in get_return_data
  File "/usr/local/lib/python2.7/site-packages/requests/api.py", line 75, in get
    return request('get', url, params=params, **kwargs)
  File "/usr/local/lib/python2.7/site-packages/requests/api.py", line 60, in request
    return session.request(method=method, url=url, **kwargs)
  File "/usr/local/lib/python2.7/site-packages/requests/sessions.py", line 519, in request
    prep = self.prepare_request(req)
  File "/usr/local/lib/python2.7/site-packages/requests/sessions.py", line 462, in prepare_request
    hooks=merge_hooks(request.hooks, self.hooks),
  File "/usr/local/lib/python2.7/site-packages/requests/models.py", line 313, in prepare
    self.prepare_url(url, params)
  File "/usr/local/lib/python2.7/site-packages/requests/models.py", line 387, in prepare_url
    raise MissingSchema(error)
MissingSchema: Invalid URL 'None': No schema supplied. Perhaps you meant http://None?

[2020-05-07 20:14:39,384|ERROR|logic_klive.py:190] Exception:local variable 'data' referenced before assignment
[2020-05-07 20:14:39,385|ERROR|logic_klive.py:191] Traceback (most recent call last):
  File "/home/coder/project/SJ/SJVA2/plugin/klive/logic_klive.py", line 188, in get_return_data
  File "/home/coder/project/SJ/SJVA2/plugin/klive/source_pooq.py", line 114, in get_return_data
UnboundLocalError: local variable 'data' referenced before assignment

[2020-05-07 20:14:40,529|ERROR|source_pooq.py:112] Exception:Invalid URL 'None': No schema supplied. Perhaps you meant http://None?
[2020-05-07 20:14:40,538|ERROR|source_pooq.py:113] Traceback (most recent call last):
  File "/home/coder/project/SJ/SJVA2/plugin/klive/source_pooq.py", line 90, in get_return_data
  File "/usr/local/lib/python2.7/site-packages/requests/api.py", line 75, in get
    return request('get', url, params=params, **kwargs)
  File "/usr/local/lib/python2.7/site-packages/requests/api.py", line 60, in request
    return session.request(method=method, url=url, **kwargs)
  File "/usr/local/lib/python2.7/site-packages/requests/sessions.py", line 519, in request
    prep = self.prepare_request(req)
  File "/usr/local/lib/python2.7/site-packages/requests/sessions.py", line 462, in prepare_request
    hooks=merge_hooks(request.hooks, self.hooks),
  File "/usr/local/lib/python2.7/site-packages/requests/models.py", line 313, in prepare
    self.prepare_url(url, params)
  File "/usr/local/lib/python2.7/site-packages/requests/models.py", line 387, in prepare_url
    raise MissingSchema(error)
MissingSchema: Invalid URL 'None': No schema supplied. Perhaps you meant http://None?

[2020-05-07 20:14:40,540|ERROR|logic_klive.py:190] Exception:local variable 'data' referenced before assignment
[2020-05-07 20:14:40,542|ERROR|logic_klive.py:191] Traceback (most recent call last):
  File "/home/coder/project/SJ/SJVA2/plugin/klive/logic_klive.py", line 188, in get_return_data
  File "/home/coder/project/SJ/SJVA2/plugin/klive/source_pooq.py", line 114, in get_return_data
UnboundLocalError: local variable 'data' referenced before assignment

[2020-05-07 20:14:41,153|DEBUG|plugin.py:146] AJAX klive channel_list
[2020-05-07 20:14:41,157|DEBUG|plugin.py:146] AJAX klive channel_list
[2020-05-07 20:14:41,164|DEBUG|logic_klive.py:93] get_channel_list :True
[2020-05-07 20:14:41,165|DEBUG|logic_klive.py:58] channel_load_from_site
[2020-05-07 20:14:41,177|DEBUG|plugin.py:146] AJAX klive channel_list
[2020-05-07 20:14:41,178|DEBUG|logic_klive.py:93] get_channel_list :True
[2020-05-07 20:14:41,179|DEBUG|logic_klive.py:58] channel_load_from_site
[2020-05-07 20:14:41,189|DEBUG|logic_klive.py:93] get_channel_list :True
[2020-05-07 20:14:41,190|DEBUG|logic_klive.py:58] channel_load_from_site
[2020-05-07 20:14:41,241|DEBUG|source_pooq.py:39] ai22AKx7AdaOB0uj3gMcn6mMm7hUAW72Lg/9ygQC76cKBHSErx/e1zMjyFaPnq9Cqrlo4uNxXc3VgBwz2eJ6dS/FmeHTI2I8DHVqiPsFKsb8G8bwW8Gepv8cOhdprXaXhW5InfCdPSgYwiPwaRUhZnTgqB8Oj1gE3QJHJZyBm7M0Hp9Qz0o24SYgBY/w9oKo/uJKTV90pDo0xolSpAIdjwIMu5OOcyJnbMiCM77V0m0qRFVqgT9otPpX6r1vq3DDHErg0uiGDpTIfk8SrNxdvQ==
[2020-05-07 20:14:41,245|DEBUG|source_pooq.py:39] ai22AKx7AdaOB0uj3gMcnw5vAZd9VYXH39YAud9SXt27H8dP1FOEzZvlvX781DBNIuMqQwVhKVGIZlXcGAY3Yr/U024fJsuhVRjbq9meNe01bDJbH1uxbxnHIgfEaLw/eMq+OhHDCskVITrPV9W4EcRQRCjE//xoHavtmLZ/D6n3OQwy7xQie9PvDYBr5jxKt8QwfrM90oYN0rqlGo5KOB7sZNlyRtmR5o7FihIIdV3JaE1K5sVtb+YruTiOGciMoVvZBxDgxKalQbgBDsRYTw==
[2020-05-07 20:14:41,292|DEBUG|source_pooq.py:39] ai22AKx7AdaOB0uj3gMcn7ght1uhFtNRsZivrVXMq4xb79pqBQus/8FiEUVgAFoiLyKygDYy9LixBjuJgJ2MmJ/ImI4ZstXV7juJmVjzAzzjzPXPdpfjS5X0QaxIA4b8AYH+CDTlx+gu+CrxEF948naD1F/IwiL0U0eKG4k9IX7EXsAb37zmwfekD/XloBwpaNZ5bKqyzS3k2K9pn9abC6X5g7A2HRNJ7VAIObHwgFM/B3+9vi/6E8VQhvX5W+CRv7zsLHs/WTeZFyFg9W5R0g==
[2020-05-07 20:14:41,487|DEBUG|plugin.py:146] AJAX klive channel_list
[2020-05-07 20:14:41,491|DEBUG|logic_klive.py:93] get_channel_list :True
[2020-05-07 20:14:41,492|DEBUG|logic_klive.py:58] channel_load_from_site
[2020-05-07 20:14:41,630|DEBUG|source_pooq.py:39] ai22AKx7AdaOB0uj3gMcn9KNmYQxoCVAJGk87r5kVk23fp5ZwJFTFmcXJLTtyHWg6c/rjGyCNi+37DVVg0/mdFJDoA2G4VXDiahtCGom0aRSGrO52M3ze99oHyVYvrQwL0UBS+T065tg9lhBTKsM8NX1V9L1SrQB9ev73RekTahOPKn/J+1Rzp63a9k7tgn3hewuZQJq6TlSfyK21n7L274O3DYzXctd3TS5bLPE/w6+HTRrEhqcDdRDkKTSm7jByCGvbvT5XtcfUzzAFlRxvw==
[2020-05-07 20:14:41,837|DEBUG|plugin.py:95] DETAIL klive list
[2020-05-07 20:14:41,887|DEBUG|logic_klive.py:82] pooq : 93
[2020-05-07 20:14:41,911|DEBUG|logic_klive.py:82] pooq : 93
[2020-05-07 20:14:41,934|DEBUG|logic_klive.py:82] pooq : 93
[2020-05-07 20:14:42,340|DEBUG|logic_klive.py:82] videoportal : 84
[2020-05-07 20:14:42,565|DEBUG|logic_klive.py:82] videoportal : 84
[2020-05-07 20:14:42,789|DEBUG|logic_klive.py:82] videoportal : 84
[2020-05-07 20:14:42,823|DEBUG|logic_klive.py:82] pooq : 93
[2020-05-07 20:14:43,090|DEBUG|logic_klive.py:82] videoportal : 84
[2020-05-07 20:14:43,095|DEBUG|source_everyon.py:101] ret:N 6
[2020-05-07 20:14:43,100|DEBUG|source_everyon.py:101] ret:N 6
[2020-05-07 20:14:43,103|DEBUG|source_everyon.py:101] ret:N 6
[2020-05-07 20:14:43,206|DEBUG|source_everyon.py:101] ret:N 6
[2020-05-07 20:14:43,210|DEBUG|source_everyon.py:101] ret:N 10
[2020-05-07 20:14:43,214|DEBUG|source_everyon.py:101] ret:N 10
[2020-05-07 20:14:43,218|DEBUG|source_everyon.py:101] ret:N 10
[2020-05-07 20:14:43,301|DEBUG|plugin.py:146] AJAX klive channel_list
[2020-05-07 20:14:43,303|DEBUG|logic_klive.py:93] get_channel_list :False
[2020-05-07 20:14:43,303|DEBUG|logic.py:192] channel_list :708
[2020-05-07 20:14:43,434|DEBUG|source_everyon.py:101] ret:N 21
[2020-05-07 20:14:43,440|DEBUG|source_everyon.py:101] ret:N 21
[2020-05-07 20:14:43,446|DEBUG|source_everyon.py:101] ret:N 10
[2020-05-07 20:14:43,451|DEBUG|source_everyon.py:101] ret:N 21
[2020-05-07 20:14:43,555|DEBUG|source_everyon.py:101] ret:N 21
[2020-05-07 20:14:43,561|DEBUG|source_everyon.py:101] ret:N 19
[2020-05-07 20:14:43,566|DEBUG|source_everyon.py:101] ret:N 19
[2020-05-07 20:14:43,572|DEBUG|source_everyon.py:101] ret:N 19
[2020-05-07 20:14:43,670|DEBUG|source_everyon.py:101] ret:N 13
[2020-05-07 20:14:43,678|DEBUG|source_everyon.py:101] ret:N 13
[2020-05-07 20:14:43,682|DEBUG|source_everyon.py:101] ret:N 13
[2020-05-07 20:14:43,687|DEBUG|source_everyon.py:101] ret:N 19
[2020-05-07 20:14:43,786|DEBUG|source_everyon.py:101] ret:N 13
[2020-05-07 20:14:43,793|DEBUG|source_everyon.py:101] ret:N 20
[2020-05-07 20:14:43,799|DEBUG|logic_klive.py:82] everyon : 89
[2020-05-07 20:14:43,803|DEBUG|logic.py:192] channel_list :797
[2020-05-07 20:14:43,989|DEBUG|source_everyon.py:101] ret:N 20
[2020-05-07 20:14:43,992|DEBUG|logic_klive.py:82] everyon : 89
[2020-05-07 20:14:43,994|DEBUG|logic.py:192] channel_list :886
[2020-05-07 20:14:44,166|DEBUG|source_everyon.py:101] ret:N 20
[2020-05-07 20:14:44,170|DEBUG|logic_klive.py:82] everyon : 89
[2020-05-07 20:14:44,172|DEBUG|logic.py:192] channel_list :975
[2020-05-07 20:14:44,587|DEBUG|source_everyon.py:101] ret:N 20
[2020-05-07 20:14:44,591|DEBUG|logic_klive.py:82] everyon : 89
[2020-05-07 20:14:44,593|DEBUG|logic.py:192] channel_list :1064
[2020-05-07 20:15:36,904|DEBUG|plugin.py:95] DETAIL klive list
[2020-05-07 20:15:37,037|DEBUG|plugin.py:95] DETAIL klive list
[2020-05-07 20:15:37,366|DEBUG|plugin.py:146] AJAX klive channel_list
[2020-05-07 20:15:37,368|DEBUG|logic_klive.py:93] get_channel_list :False
[2020-05-07 20:15:37,369|DEBUG|logic.py:192] channel_list :1064
[2020-05-07 20:16:10,053|DEBUG|plugin.py:95] DETAIL klive list
[2020-05-07 20:16:10,565|DEBUG|plugin.py:146] AJAX klive channel_list
[2020-05-07 20:16:10,567|DEBUG|logic_klive.py:93] get_channel_list :False
[2020-05-07 20:16:10,568|DEBUG|logic.py:192] channel_list :1064
[2020-05-07 20:16:59,115|DEBUG|plugin.py:95] DETAIL klive list
[2020-05-07 20:16:59,396|DEBUG|plugin.py:146] AJAX klive channel_list
[2020-05-07 20:16:59,399|DEBUG|logic_klive.py:93] get_channel_list :False
[2020-05-07 20:16:59,401|DEBUG|logic.py:192] channel_list :1064
[2020-05-07 20:17:09,701|DEBUG|plugin.py:95] DETAIL klive list
[2020-05-07 20:17:10,074|DEBUG|plugin.py:146] AJAX klive channel_list
[2020-05-07 20:17:10,075|DEBUG|logic_klive.py:93] get_channel_list :False
[2020-05-07 20:17:10,076|DEBUG|logic.py:192] channel_list :1064
[2020-05-07 20:17:33,651|DEBUG|plugin.py:95] DETAIL klive list
[2020-05-07 20:17:35,330|DEBUG|plugin.py:146] AJAX klive channel_list
[2020-05-07 20:17:35,333|DEBUG|logic_klive.py:93] get_channel_list :False
[2020-05-07 20:17:35,335|DEBUG|logic.py:192] channel_list :1064
[2020-05-07 20:19:20,833|DEBUG|plugin.py:146] AJAX klive channel_list
[2020-05-07 20:19:20,836|DEBUG|logic_klive.py:93] get_channel_list :False
[2020-05-07 20:19:20,837|DEBUG|logic.py:192] channel_list :1064
[2020-05-07 20:20:43,442|DEBUG|plugin.py:146] AJAX klive channel_list
[2020-05-07 20:20:43,446|DEBUG|logic_klive.py:93] get_channel_list :False
[2020-05-07 20:20:43,448|DEBUG|logic.py:192] channel_list :1064
[2020-05-07 20:22:02,338|DEBUG|plugin.py:146] AJAX klive channel_list
[2020-05-07 20:22:02,363|DEBUG|logic_klive.py:93] get_channel_list :False
[2020-05-07 20:22:02,366|DEBUG|logic.py:192] channel_list :1064
[2020-05-07 20:28:20,954|DEBUG|plugin.py:146] AJAX klive channel_list
[2020-05-07 20:28:20,958|DEBUG|logic_klive.py:93] get_channel_list :True
[2020-05-07 20:28:20,960|DEBUG|logic_klive.py:58] channel_load_from_site
[2020-05-07 20:28:21,015|DEBUG|source_pooq.py:39] ai22AKx7AdaOB0uj3gMcnwP3BRYsHSb5scOTA0skhfWeivzBKu9GS6crwG3NdcrPx0HRDEhmzGsZA+u4LrpWXFsCBRQe2N3hHLHZ+BfUEJBOQI5s9xjOv+poIYQ7dFzlc8zMC97+au6QKf9uWjeVFAePiAA6AJe39myFcP2g6CDMO3xenimbwtXx4rDXzLT+bfVe/c+uTeMH3i3z5sP7VRqKezzPCgyq1eNOXGqL3/qd6SSLXuuErzu0aM/i+3DecpskglfBfh6/IT8UchMYLw==
[2020-05-07 20:28:21,088|DEBUG|logic_klive.py:82] pooq : 93
[2020-05-07 20:28:21,440|DEBUG|logic_klive.py:82] videoportal : 84
[2020-05-07 20:28:21,521|DEBUG|source_everyon.py:101] ret:N 6
[2020-05-07 20:28:21,598|DEBUG|source_everyon.py:101] ret:N 10
[2020-05-07 20:28:21,687|DEBUG|source_everyon.py:101] ret:N 21
[2020-05-07 20:28:21,776|DEBUG|source_everyon.py:101] ret:N 19
[2020-05-07 20:28:21,860|DEBUG|source_everyon.py:101] ret:N 13
[2020-05-07 20:28:21,952|DEBUG|source_everyon.py:101] ret:N 20
[2020-05-07 20:28:21,958|DEBUG|logic_klive.py:82] everyon : 89
[2020-05-07 20:28:21,962|DEBUG|logic.py:192] channel_list :266
[2020-05-07 20:28:25,854|DEBUG|plugin.py:146] AJAX klive channel_list
[2020-05-07 20:28:25,858|DEBUG|logic_klive.py:93] get_channel_list :True
[2020-05-07 20:28:25,860|DEBUG|logic_klive.py:58] channel_load_from_site
[2020-05-07 20:28:25,912|DEBUG|source_pooq.py:39] ai22AKx7AdaOB0uj3gMcn94OsQjp2k71CEIVWEoluddPcVKHfy8x4dGwQhAjEBKx0Kg4SOf6K8VDl9cnOzGYRwfV9Pd+MA2UahVjROsim1DOnVj1VUKi/PCvL20CzpxJrJezK8lH8fwMJp9QFbOePUZ5mz463WXinsiTuf0QCpIyAGsVBvNsJJGboezbUTbGrUsriWYXovEy9OWr3y85T9XWzKHOCuqsMVbA61BqAFQTzt7ak0Zyu1XeotPEkM6pcN3BVWpJ/ciM2bqnS9ttYg==
[2020-05-07 20:28:25,981|DEBUG|logic_klive.py:82] pooq : 93
[2020-05-07 20:28:26,245|DEBUG|logic_klive.py:82] videoportal : 84
[2020-05-07 20:28:26,323|DEBUG|source_everyon.py:101] ret:N 6
[2020-05-07 20:28:26,397|DEBUG|source_everyon.py:101] ret:N 10
[2020-05-07 20:28:26,479|DEBUG|source_everyon.py:101] ret:N 21
[2020-05-07 20:28:26,558|DEBUG|source_everyon.py:101] ret:N 19
[2020-05-07 20:28:26,639|DEBUG|source_everyon.py:101] ret:N 13
[2020-05-07 20:28:26,719|DEBUG|source_everyon.py:101] ret:N 20
[2020-05-07 20:28:26,724|DEBUG|logic_klive.py:82] everyon : 89
[2020-05-07 20:28:26,727|DEBUG|logic.py:192] channel_list :266
[2020-05-07 20:33:03,074|DEBUG|plugin.py:146] AJAX klive channel_list
[2020-05-07 20:33:03,077|DEBUG|logic_klive.py:93] get_channel_list :True
[2020-05-07 20:33:03,079|DEBUG|logic_klive.py:58] channel_load_from_site
[2020-05-07 20:33:03,268|DEBUG|source_pooq.py:39] ai22AKx7AdaOB0uj3gMcnwUIhmJLHN8jtO2ZpXIOogM9allmABIe76XeGDlbuhTfj3ox5B+7hIK1XjV/P4kFhOGMCP0sBll2zaZTkgzZJOMXlEelUGiG6XZc31Q1QPimFS4UJrL+gIx1bIADUCAA8Ioipa0RTyJsHywib9rfORr7/Lvj6su9fGwXp9JT6uqUYJfRUg/jOoW8JlGwFAp2bjumbvo/SWnV1hkl4g5Q64mSa8RPqvH5uVSfIq+n51JC2fayZX6HwUI0Hd+2kSdodg==
[2020-05-07 20:33:03,324|DEBUG|logic_klive.py:82] pooq : 93
[2020-05-07 20:33:03,714|DEBUG|logic_klive.py:82] videoportal : 84
[2020-05-07 20:33:04,601|DEBUG|source_everyon.py:101] ret:N 6
[2020-05-07 20:33:04,684|DEBUG|source_everyon.py:101] ret:N 10
[2020-05-07 20:33:04,776|DEBUG|source_everyon.py:101] ret:N 21
[2020-05-07 20:33:04,866|DEBUG|source_everyon.py:101] ret:N 19
[2020-05-07 20:33:04,955|DEBUG|source_everyon.py:101] ret:N 13
[2020-05-07 20:33:05,045|DEBUG|source_everyon.py:101] ret:N 20
[2020-05-07 20:33:05,052|DEBUG|logic_klive.py:82] everyon : 89
[2020-05-07 20:33:05,056|DEBUG|logic.py:192] channel_list :266
[2020-05-07 20:33:30,683|DEBUG|plugin.py:95] DETAIL klive list
[2020-05-07 20:33:31,512|DEBUG|plugin.py:146] AJAX klive channel_list
[2020-05-07 20:33:31,515|DEBUG|logic_klive.py:93] get_channel_list :False
[2020-05-07 20:33:31,517|DEBUG|logic.py:192] channel_list :266
[2020-05-07 20:41:32,805|DEBUG|source_videoportal.py:83] VIDEOPORTAL get_url:682 None
[2020-05-07 20:41:32,808|DEBUG|source_videoportal.py:89] http://1.214.67.74:80/682HN.m3u8?VOD_RequestID=v2M2-0101-1010-7272-5050-000020200507204132;LTE;1080p;WIFI&APPNAME=hdtv&ALBUM_ID=682&ma=D0:17:C2:CE:D7:A1
[2020-05-07 21:39:43,863|DEBUG|plugin.py:95] DETAIL klive list
[2020-05-07 21:39:44,993|DEBUG|plugin.py:146] AJAX klive channel_list
[2020-05-07 21:39:44,995|DEBUG|logic_klive.py:93] get_channel_list :False
[2020-05-07 21:39:44,997|DEBUG|logic.py:192] channel_list :266
[2020-05-07 21:40:41,847|DEBUG|source_pooq.py:71] exist in cache
[2020-05-07 21:42:13,327|DEBUG|source_pooq.py:71] exist in cache
[2020-05-07 21:44:47,647|DEBUG|plugin.py:95] DETAIL klive setting
[2020-05-07 21:45:09,622|DEBUG|plugin.py:95] DETAIL klive log
[2020-05-07 21:45:10,667|DEBUG|plugin.py:95] DETAIL klive list
[2020-05-07 21:45:11,729|DEBUG|plugin.py:146] AJAX klive channel_list
[2020-05-07 21:45:11,732|DEBUG|logic_klive.py:93] get_channel_list :False
[2020-05-07 21:45:11,734|DEBUG|logic.py:192] channel_list :266
[2020-05-07 22:34:51,006|DEBUG|plugin.py:95] DETAIL klive list
[2020-05-07 22:34:51,438|DEBUG|plugin.py:146] AJAX klive channel_list
[2020-05-07 22:34:51,440|DEBUG|logic_klive.py:93] get_channel_list :False
[2020-05-07 22:34:51,441|DEBUG|logic.py:192] channel_list :266
[2020-05-07 22:46:00,777|DEBUG|plugin.py:95] DETAIL klive list
[2020-05-07 22:46:02,607|DEBUG|plugin.py:146] AJAX klive channel_list
[2020-05-07 22:46:02,608|DEBUG|logic_klive.py:93] get_channel_list :False
[2020-05-07 22:46:02,609|DEBUG|logic.py:192] channel_list :266
[2020-05-07 23:19:59,470|DEBUG|plugin.py:51] plugin_load:klive
[2020-05-08 05:19:58,571|DEBUG|plugin.py:60] plugin_unload:klive
[2020-05-08 05:21:16,664|DEBUG|plugin.py:51] plugin_load:klive
[2020-05-08 11:22:05,813|DEBUG|plugin.py:60] plugin_unload:klive
[2020-05-08 11:23:18,462|DEBUG|plugin.py:51] plugin_load:klive
[2020-05-08 12:12:50,524|DEBUG|plugin.py:51] plugin_load:klive
[2020-05-08 18:13:03,101|DEBUG|plugin.py:60] plugin_unload:klive
[2020-05-08 18:13:54,511|DEBUG|plugin.py:51] plugin_load:klive
[2020-05-09 00:14:22,704|DEBUG|plugin.py:60] plugin_unload:klive
[2020-05-09 00:15:13,564|DEBUG|plugin.py:51] plugin_load:klive
[2020-05-09 06:15:53,765|DEBUG|plugin.py:60] plugin_unload:klive
[2020-05-09 06:16:38,737|DEBUG|plugin.py:51] plugin_load:klive
[2020-05-09 12:16:48,899|DEBUG|plugin.py:60] plugin_unload:klive
[2020-05-09 12:17:33,045|DEBUG|plugin.py:51] plugin_load:klive
[2020-05-09 18:17:56,879|DEBUG|plugin.py:60] plugin_unload:klive
[2020-05-09 18:18:37,512|DEBUG|plugin.py:51] plugin_load:klive
[2020-05-09 21:35:38,650|DEBUG|plugin.py:95] DETAIL klive list
[2020-05-09 21:35:39,254|DEBUG|plugin.py:146] AJAX klive channel_list
[2020-05-09 21:35:39,255|DEBUG|logic_klive.py:93] get_channel_list :False
[2020-05-09 21:35:39,257|DEBUG|logic_klive.py:58] channel_load_from_site
[2020-05-09 21:35:39,352|DEBUG|source_pooq.py:39] ai22AKx7AdaOB0uj3gMcn1U/7aaPAJnfmUVJHgEL8mvqT2LBwOAQN1k+k/f0BgPBGeITQfpiGL5ketvZkJmxD60VF0sVe+N5MBVHlKrCKD4crUICUTnFWl1/PgpD4iCsDA1DB/ls7OdIGmDISPhcofPurRRWcR/k7RmIjl+ipTxgZ7DNR7wrElIzQvZ1kJMQsJPSYvDhyjBIYF12vCKpAKNVX4c7Gi5IoiBQpJwzpYNBlcWhosnc+DwHHVEWi2FjoWBaR5nWdGmNPMi3WCH/8Q==
[2020-05-09 21:35:39,441|DEBUG|logic_klive.py:82] pooq : 92
[2020-05-09 21:35:39,812|DEBUG|logic_klive.py:82] videoportal : 84
[2020-05-09 21:35:39,902|DEBUG|source_everyon.py:101] ret:N 6
[2020-05-09 21:35:39,987|DEBUG|source_everyon.py:101] ret:N 10
[2020-05-09 21:35:40,073|DEBUG|source_everyon.py:101] ret:N 21
[2020-05-09 21:35:40,159|DEBUG|source_everyon.py:101] ret:N 19
[2020-05-09 21:35:40,251|DEBUG|source_everyon.py:101] ret:N 13
[2020-05-09 21:35:40,344|DEBUG|source_everyon.py:101] ret:N 20
[2020-05-09 21:35:40,350|DEBUG|logic_klive.py:82] everyon : 89
[2020-05-09 21:35:40,354|DEBUG|logic.py:192] channel_list :265
[2020-05-09 21:38:43,948|DEBUG|source_pooq.py:71] exist in cache
[2020-05-10 00:19:22,643|DEBUG|plugin.py:60] plugin_unload:klive
[2020-05-10 00:20:03,252|DEBUG|plugin.py:51] plugin_load:klive
[2020-05-10 06:20:34,468|DEBUG|plugin.py:60] plugin_unload:klive
[2020-05-10 06:21:12,627|DEBUG|plugin.py:51] plugin_load:klive
[2020-05-10 12:21:25,844|DEBUG|plugin.py:60] plugin_unload:klive
[2020-05-10 12:22:12,892|DEBUG|plugin.py:51] plugin_load:klive
[2020-05-10 18:22:51,605|DEBUG|plugin.py:60] plugin_unload:klive
[2020-05-10 18:23:36,232|DEBUG|plugin.py:51] plugin_load:klive
[2020-05-10 23:20:55,590|DEBUG|plugin.py:95] DETAIL klive list
[2020-05-10 23:20:56,115|DEBUG|plugin.py:146] AJAX klive channel_list
[2020-05-10 23:20:56,117|DEBUG|logic_klive.py:93] get_channel_list :False
[2020-05-10 23:20:56,118|DEBUG|logic_klive.py:58] channel_load_from_site
[2020-05-10 23:20:56,213|DEBUG|source_pooq.py:39] ai22AKx7AdaOB0uj3gMcnxmn/o/WekIB1XoTU8PHoHSxWeSS+twoP5cvBbG1/iirldURDlzEsu2MsUZZnSTp9KbvYol8hKytGWSLJYacby4J5STGYGGu3gwkLcGFsMrKvIUVQWjqr++x+iYX8Nr6qFuuLs1OW5XgjYgo3ZbQ0M0IcF3qlW9pxNFrvA2Z2fdmeS2IuBi9D4erJnZUoPJV5ngZYKPhVEO2xEXZAFvhX0ZKDMS4G5pnGWymne5y0INylDO88Graj+1J/BXkZtiUZg==
[2020-05-10 23:20:56,277|DEBUG|logic_klive.py:82] pooq : 92
[2020-05-10 23:20:56,692|DEBUG|logic_klive.py:82] videoportal : 84
[2020-05-10 23:20:56,930|DEBUG|source_everyon.py:101] ret:N 6
[2020-05-10 23:20:57,011|DEBUG|source_everyon.py:101] ret:N 10
[2020-05-10 23:20:57,097|DEBUG|source_everyon.py:101] ret:N 21
[2020-05-10 23:20:57,179|DEBUG|source_everyon.py:101] ret:N 19
[2020-05-10 23:20:57,273|DEBUG|source_everyon.py:101] ret:N 13
[2020-05-10 23:20:57,361|DEBUG|source_everyon.py:101] ret:N 20
[2020-05-10 23:20:57,366|DEBUG|logic_klive.py:82] everyon : 89
[2020-05-10 23:20:57,371|DEBUG|logic.py:192] channel_list :265
[2020-05-11 00:24:15,417|DEBUG|plugin.py:60] plugin_unload:klive
[2020-05-11 00:25:19,463|DEBUG|plugin.py:51] plugin_load:klive
[2020-05-11 06:25:56,676|DEBUG|plugin.py:60] plugin_unload:klive
[2020-05-11 06:26:55,996|DEBUG|plugin.py:51] plugin_load:klive
[2020-05-11 12:27:52,179|DEBUG|plugin.py:60] plugin_unload:klive
[2020-05-11 12:28:43,425|DEBUG|plugin.py:51] plugin_load:klive
