2020/05/11 04:53:27 [emerg] 32#32: host not found in upstream "nginx:80" in /etc/nginx/nginx.conf:9
2020/05/11 07:05:19 [emerg] 38#38: directive "server_name" is not terminated by ";" in /etc/nginx/nginx.conf:5
2020/05/11 07:12:33 [emerg] 28#28: invalid parameter "on" in /etc/nginx/nginx.conf:7
2020/05/11 07:13:33 [emerg] 32#32: no "events" section in configuration
2020/05/11 07:21:16 [notice] 46#46: signal process started
2020/05/11 07:34:53 [emerg] 27#27: "server" directive is not allowed here in /etc/nginx/nginx.conf:4
2020/05/11 07:34:53 [emerg] 34#34: "server" directive is not allowed here in /etc/nginx/nginx.conf:4
2020/05/11 07:35:41 [emerg] 38#38: bind() to 0.0.0.0:80 failed (98: Address already in use)
2020/05/11 07:35:41 [emerg] 38#38: bind() to 0.0.0.0:80 failed (98: Address already in use)
2020/05/11 07:35:41 [emerg] 38#38: bind() to 0.0.0.0:80 failed (98: Address already in use)
2020/05/11 07:35:41 [emerg] 38#38: bind() to 0.0.0.0:80 failed (98: Address already in use)
2020/05/11 07:35:41 [emerg] 38#38: bind() to 0.0.0.0:80 failed (98: Address already in use)
2020/05/11 07:35:41 [emerg] 38#38: still could not bind()
2020/05/11 07:55:06 [emerg] 26#26: host not found in upstream "gitea:3000" in /etc/nginx/nginx.conf:6
2020/05/11 07:55:59 [emerg] 31#31: host not found in upstream "gitea:3000" in /etc/nginx/nginx.conf:6
2020/05/11 23:10:42 [emerg] 1#1: host not found in upstream "gitea:3000" in /etc/nginx/nginx.conf:6
2020/05/11 23:11:30 [emerg] 1#1: host not found in upstream "gitea" in /etc/nginx/nginx.conf:9
2020/05/11 23:11:58 [emerg] 1#1: host not found in upstream "git:3000" in /etc/nginx/nginx.conf:6
2020/05/13 04:04:42 [emerg] 1#1: invalid number of arguments in "return" directive in /etc/nginx/nginx.conf:13
2020/05/13 04:12:31 [emerg] 1#1: invalid number of arguments in "return" directive in /etc/nginx/nginx.conf:13
2020/05/13 05:07:04 [emerg] 1#1: no "ssl_certificate" is defined for the "listen ... ssl" directive in /etc/nginx/nginx.conf:17
2020/05/13 05:07:28 [emerg] 1#1: no "ssl_certificate" is defined for the "listen ... ssl" directive in /etc/nginx/nginx.conf:17
2020/05/13 05:18:53 [emerg] 1#1: unexpected "}" in /etc/nginx/nginx.conf:10
2020/05/13 05:23:11 [emerg] 1#1: no "events" section in configuration
2020/05/13 05:39:22 [notice] 28#28: signal process started
2020/05/13 05:49:11 [error] 29#29: *3 open() "/usr/share/nginx/html/cache/global/img/gs.gif" failed (2: No such file or directory), client: 80.82.70.187, server: localhost, request: "GET http://www.baidu.com/cache/global/img/gs.gif HTTP/1.1", host: "www.baidu.com"
2020/05/13 05:57:02 [emerg] 1#1: "events" directive is not allowed here in /etc/nginx/conf.d/default.conf:2
2020/05/13 05:58:05 [emerg] 1#1: "events" directive is not allowed here in /etc/nginx/conf.d/default.conf:2
2020/05/13 06:01:51 [emerg] 1#1: "user" directive is not allowed here in /etc/nginx/conf.d/default.conf:1
2020/05/13 06:05:30 [emerg] 1#1: "user" directive is not allowed here in /etc/nginx/conf.d/default.conf:1
2020/05/13 06:05:45 [emerg] 1#1: "user" directive is not allowed here in /etc/nginx/conf.d/default.conf:1
2020/05/13 06:06:03 [emerg] 1#1: "user" directive is not allowed here in /etc/nginx/conf.d/default.conf:1
2020/05/13 06:06:21 [emerg] 1#1: "user" directive is not allowed here in /etc/nginx/conf.d/default.conf:1
2020/05/13 06:06:33 [emerg] 1#1: "user" directive is not allowed here in /etc/nginx/conf.d/default.conf:1
2020/05/13 06:06:53 [emerg] 1#1: "user" directive is not allowed here in /etc/nginx/conf.d/default.conf:1
2020/05/13 06:07:31 [emerg] 1#1: "user" directive is not allowed here in /etc/nginx/conf.d/default.conf:1
2020/05/13 06:07:46 [emerg] 1#1: "worker_processes" directive is not allowed here in /etc/nginx/conf.d/default.conf:1
2020/05/13 06:07:59 [emerg] 1#1: "worker_processes" directive is not allowed here in /etc/nginx/conf.d/default.conf:1
2020/05/13 06:08:12 [emerg] 1#1: "events" directive is not allowed here in /etc/nginx/conf.d/default.conf:1
2020/05/13 06:08:37 [emerg] 1#1: "http" directive is not allowed here in /etc/nginx/conf.d/default.conf:1
2020/05/13 06:09:35 [emerg] 1#1: "user" directive is not allowed here in /etc/nginx/conf.d/default.conf:1
2020/05/13 06:09:58 [emerg] 1#1: "user" directive is not allowed here in /etc/nginx/conf.d/default.conf:1
2020/05/13 06:10:10 [emerg] 1#1: "user" directive is not allowed here in /etc/nginx/conf.d/default.conf:1
2020/05/13 06:10:27 [emerg] 1#1: "events" directive is not allowed here in /etc/nginx/conf.d/default.conf:1
2020/05/13 06:10:41 [emerg] 1#1: "events" directive is not allowed here in /etc/nginx/conf.d/default.conf:1
2020/05/13 06:11:28 [emerg] 1#1: "user" directive is not allowed here in /etc/nginx/conf.d/default.conf:1
2020/05/13 06:13:48 [emerg] 1#1: "worker_processes" directive is not allowed here in /etc/nginx/conf.d/default.conf:1
2020/05/13 06:15:27 [emerg] 1#1: "worker_processes" directive is not allowed here in /etc/nginx/conf.d/default.conf:1
2020/05/13 06:15:44 [emerg] 1#1: "worker_processes" directive is not allowed here in /etc/nginx/conf.d/default.conf:1
